#
# A fatal error has been detected by the Java Runtime Environment:
#
#  EXCEPTION_ACCESS_VIOLATION (0xc0000005) at pc=0x00007fff411d34f6, pid=8020, tid=2520
#
# JRE version: Java(TM) SE Runtime Environment (17.0.8+9) (build 17.0.8+9-LTS-211)
# Java VM: Java HotSpot(TM) 64-Bit Server VM (17.0.8+9-LTS-211, mixed mode, sharing, tiered, compressed oops, compressed class ptrs, g1 gc, windows-amd64)
# Problematic frame:
# C  [ntdll.dll+0x634f6]
#
# No core dump will be written. Minidumps are not enabled by default on client versions of Windows
#
# If you would like to submit a bug report, please visit:
#   https://bugreport.java.com/bugreport/crash.jsp
# The crash happened outside the Java Virtual Machine in native code.
# See problematic frame for where to report the bug.
#

---------------  S U M M A R Y ------------

Command Line: happybuttons.HappyButtons

Host: Intel(R) Core(TM) i5-6200U CPU @ 2.30GHz, 4 cores, 11G,  Windows 10 , 64 bit Build 19041 (10.0.19041.3636)
Time: Thu Mar 14 14:26:54 2024 Malay Peninsula Standard Time elapsed time: 96.504150 seconds (0d 0h 1m 36s)

---------------  T H R E A D  ---------------

Current thread (0x000002516b3ede70):  JavaThread "AWT-EventQueue-0" [_thread_in_native, id=2520, stack(0x000000b0fa200000,0x000000b0fa300000)]

Stack: [0x000000b0fa200000,0x000000b0fa300000],  sp=0x000000b0fa2fd6d0,  free space=1013k
Native frames: (J=compiled Java code, j=interpreted, Vv=VM code, C=native code)
C  [ntdll.dll+0x634f6]
C  [ntdll.dll+0x2fcb4]
C  [ntdll.dll+0x2fae2]
C  [libvlc.dll+0xfc3a]

Java frames: (J=compiled Java code, j=interpreted, Vv=VM code)
j  com.sun.jna.Native.invokeVoid(JI[Ljava/lang/Object;)V+0
J 4366 c1 com.sun.jna.Function.invoke([Ljava/lang/Object;Ljava/lang/Class;Z)Ljava/lang/Object; (1149 bytes) @ 0x000002514ed3c0cc [0x000002514ed38040+0x000000000000408c]
J 4111 c1 com.sun.jna.Function.invoke(Ljava/lang/Class;[Ljava/lang/Object;Ljava/util/Map;)Ljava/lang/Object; (526 bytes) @ 0x000002514eca7cbc [0x000002514eca6ce0+0x0000000000000fdc]
J 4276 c1 com.sun.jna.Library$Handler.invoke(Ljava/lang/Object;Ljava/lang/reflect/Method;[Ljava/lang/Object;)Ljava/lang/Object; (345 bytes) @ 0x000002514ed042e4 [0x000002514ed02100+0x00000000000021e4]
j  jdk.proxy2.$Proxy3.libvlc_media_player_stop(Luk/co/caprica/vlcj/binding/internal/libvlc_media_player_t;)V+16 jdk.proxy2
j  uk.co.caprica.vlcj.player.DefaultMediaPlayer.stop()V+17
j  happybuttons.VLCFrame$3.actionPerformed(Ljava/awt/event/ActionEvent;)V+30
j  javax.swing.AbstractButton.fireActionPerformed(Ljava/awt/event/ActionEvent;)V+84 java.desktop@17.0.8
j  javax.swing.AbstractButton$Handler.actionPerformed(Ljava/awt/event/ActionEvent;)V+5 java.desktop@17.0.8
j  javax.swing.DefaultButtonModel.fireActionPerformed(Ljava/awt/event/ActionEvent;)V+34 java.desktop@17.0.8
j  javax.swing.DefaultButtonModel.setPressed(Z)V+117 java.desktop@17.0.8
j  javax.swing.plaf.basic.BasicButtonListener.mouseReleased(Ljava/awt/event/MouseEvent;)V+35 java.desktop@17.0.8
j  java.awt.AWTEventMulticaster.mouseReleased(Ljava/awt/event/MouseEvent;)V+8 java.desktop@17.0.8
J 4272 c1 java.awt.Component.processMouseEvent(Ljava/awt/event/MouseEvent;)V java.desktop@17.0.8 (100 bytes) @ 0x000002514ed0049c [0x000002514ed00020+0x000000000000047c]
J 4271 c1 javax.swing.JComponent.processMouseEvent(Ljava/awt/event/MouseEvent;)V java.desktop@17.0.8 (27 bytes) @ 0x000002514ecffb74 [0x000002514ecff960+0x0000000000000214]
J 3366 c1 java.awt.Component.processEvent(Ljava/awt/AWTEvent;)V java.desktop@17.0.8 (220 bytes) @ 0x000002514eab243c [0x000002514eab1e00+0x000000000000063c]
J 3325 c1 java.awt.Container.processEvent(Ljava/awt/AWTEvent;)V java.desktop@17.0.8 (22 bytes) @ 0x000002514ea94d2c [0x000002514ea949e0+0x000000000000034c]
J 3215 c1 java.awt.Component.dispatchEventImpl(Ljava/awt/AWTEvent;)V java.desktop@17.0.8 (777 bytes) @ 0x000002514ea4df14 [0x000002514ea4a380+0x0000000000003b94]
J 2693 c1 java.awt.Container.dispatchEventImpl(Ljava/awt/AWTEvent;)V java.desktop@17.0.8 (129 bytes) @ 0x000002514e92197c [0x000002514e921840+0x000000000000013c]
J 3360 c1 java.awt.LightweightDispatcher.retargetMouseEvent(Ljava/awt/Component;ILjava/awt/event/MouseEvent;)V java.desktop@17.0.8 (372 bytes) @ 0x000002514eaae1ec [0x000002514eaab920+0x00000000000028cc]
J 3336 c1 java.awt.LightweightDispatcher.processMouseEvent(Ljava/awt/event/MouseEvent;)Z java.desktop@17.0.8 (265 bytes) @ 0x000002514ea9ed94 [0x000002514ea9dda0+0x0000000000000ff4]
J 3281 c1 java.awt.LightweightDispatcher.dispatchEvent(Ljava/awt/AWTEvent;)Z java.desktop@17.0.8 (73 bytes) @ 0x000002514ea7a654 [0x000002514ea7a200+0x0000000000000454]
J 2693 c1 java.awt.Container.dispatchEventImpl(Ljava/awt/AWTEvent;)V java.desktop@17.0.8 (129 bytes) @ 0x000002514e92191c [0x000002514e921840+0x00000000000000dc]
J 3283 c1 java.awt.Window.dispatchEventImpl(Ljava/awt/AWTEvent;)V java.desktop@17.0.8 (23 bytes) @ 0x000002514ea7bc94 [0x000002514ea7b680+0x0000000000000614]
J 4378 c2 java.awt.EventQueue$4.run()Ljava/lang/Void; java.desktop@17.0.8 (60 bytes) @ 0x000002515612afa4 [0x000002515612ab40+0x0000000000000464]
J 2717 c1 java.awt.EventQueue$4.run()Ljava/lang/Object; java.desktop@17.0.8 (5 bytes) @ 0x000002514e92c414 [0x000002514e92c3a0+0x0000000000000074]
J 3900 c1 java.security.ProtectionDomain$JavaSecurityAccessImpl.doIntersectionPrivilege(Ljava/security/PrivilegedAction;Ljava/security/AccessControlContext;Ljava/security/AccessControlContext;)Ljava/lang/Object; java.base@17.0.8 (22 bytes) @ 0x000002514ec04cb4 [0x000002514ec04a20+0x0000000000000294]
J 3876 c1 java.awt.EventQueue.dispatchEvent(Ljava/awt/AWTEvent;)V java.desktop@17.0.8 (80 bytes) @ 0x000002514ebf5194 [0x000002514ebf46e0+0x0000000000000ab4]
J 2672 c1 java.awt.EventDispatchThread.pumpOneEventForFilters(I)V java.desktop@17.0.8 (113 bytes) @ 0x000002514e912d34 [0x000002514e9126a0+0x0000000000000694]
j  java.awt.EventDispatchThread.pumpEventsForFilter(ILjava/awt/Conditional;Ljava/awt/EventFilter;)V+35 java.desktop@17.0.8
j  java.awt.EventDispatchThread.pumpEventsForHierarchy(ILjava/awt/Conditional;Ljava/awt/Component;)V+11 java.desktop@17.0.8
j  java.awt.EventDispatchThread.pumpEvents(ILjava/awt/Conditional;)V+4 java.desktop@17.0.8
j  java.awt.EventDispatchThread.pumpEvents(Ljava/awt/Conditional;)V+3 java.desktop@17.0.8
j  java.awt.EventDispatchThread.run()V+9 java.desktop@17.0.8
v  ~StubRoutines::call_stub

siginfo: EXCEPTION_ACCESS_VIOLATION (0xc0000005), reading address 0xffffffffffffffff


Register to memory mapping:

RIP=0x00007fff411d34f6 ntdll.dll
RAX=0xd7dd51bcdb1b2f7d is an unknown value
RBX=0x000002516c0c1660 points into unknown readable memory: 0xd7dd51bcdb1b2f7d | 7d 2f 1b db bc 51 dd d7
RCX=0x000002516c0c1660 points into unknown readable memory: 0xd7dd51bcdb1b2f7d | 7d 2f 1b db bc 51 dd d7
RDX=0x00000000e27c625e is an unknown value
RSP=0x000000b0fa2fd6d0 is pointing into the stack for thread: 0x000002516b3ede70
RBP=0x000000b0fa2fd800 is pointing into the stack for thread: 0x000002516b3ede70
RSI=0x0 is NULL
RDI=0x0 is NULL
R8 =0x0 is NULL
R9 =0x000002516c0c1600 points into unknown readable memory: 0xcf9388002c06568e | 8e 56 06 2c 00 88 93 cf
R10=0x00007ffecf981150 jvm.dll
R11=0x000000b0fa2fd8c0 is pointing into the stack for thread: 0x000002516b3ede70
R12=0x0 is NULL
R13=0x000000b0f8712000 points into unknown readable memory: 0x0000000000000000 | 00 00 00 00 00 00 00 00
R14=0x0000000000000001 is an unknown value
R15=0x0 is NULL


Registers:
RAX=0xd7dd51bcdb1b2f7d, RBX=0x000002516c0c1660, RCX=0x000002516c0c1660, RDX=0x00000000e27c625e
RSP=0x000000b0fa2fd6d0, RBP=0x000000b0fa2fd800, RSI=0x0000000000000000, RDI=0x0000000000000000
R8 =0x0000000000000000, R9 =0x000002516c0c1600, R10=0x00007ffecf981150, R11=0x000000b0fa2fd8c0
R12=0x0000000000000000, R13=0x000000b0f8712000, R14=0x0000000000000001, R15=0x0000000000000000
RIP=0x00007fff411d34f6, EFLAGS=0x0000000000010297

Top of Stack: (sp=0x000000b0fa2fd6d0)
0x000000b0fa2fd6d0:   0000000000000000 0000000000000000
0x000000b0fa2fd6e0:   0000000000000000 0000000000000000
0x000000b0fa2fd6f0:   0000000000000000 0000000000000000
0x000000b0fa2fd700:   0000000000000000 0000000000000000
0x000000b0fa2fd710:   000002516b359400 00007fffe27c625e
0x000000b0fa2fd720:   000000b0f8712000 0000025167e0dae0
0x000000b0fa2fd730:   000002516b3ede70 00000000000003d8
0x000000b0fa2fd740:   0000025166ab5698 ee11a2590cf1ac1e
0x000000b0fa2fd750:   000002516c0c06c0 0000000000000000
0x000000b0fa2fd760:   000028cd68a90cbf 000002516c0c06c0
0x000000b0fa2fd770:   000002516b3ede00 0000000000000001
0x000000b0fa2fd780:   0000000000000001 0000000000000001
0x000000b0fa2fd790:   000000000005cc6b 000002516c0c1660
0x000000b0fa2fd7a0:   000000b0fa2fd801 00007fff4119fcb4
0x000000b0fa2fd7b0:   000000b0fa2fd799 0000000800000001
0x000000b0fa2fd7c0:   00000000e27c625e 0000000000000000 

Instructions: (pc=0x00007fff411d34f6)
0x00007fff411d33f6:   20 e9 ed fe ff ff 48 89 41 18 e9 e4 fe ff ff cc
0x00007fff411d3406:   cc cc cc cc cc cc cc cc cc cc 80 3d f1 90 10 00
0x00007fff411d3416:   00 0f 95 c0 c3 cc cc cc cc cc cc cc cc cc cc cc
0x00007fff411d3426:   cc cc cc cc cc cc cc cc cc cc 48 83 ec 38 8b 05
0x00007fff411d3436:   f2 76 10 00 89 44 24 20 e8 41 02 00 00 48 83 c4
0x00007fff411d3446:   38 c3 cc cc cc cc cc cc cc cc 48 89 5c 24 18 55
0x00007fff411d3456:   56 57 41 54 41 55 41 56 41 57 48 81 ec a0 00 00
0x00007fff411d3466:   00 48 8b 05 a2 10 12 00 48 33 c4 48 89 84 24 90
0x00007fff411d3476:   00 00 00 65 4c 8b 2c 25 30 00 00 00 48 8d 05 3f
0x00007fff411d3486:   31 10 00 40 32 ed 89 54 24 48 33 f6 40 88 6c 24
0x00007fff411d3496:   40 4c 89 6c 24 50 48 8b d9 44 8b e6 48 3b c8 0f
0x00007fff411d34a6:   84 39 01 00 00 40 38 35 56 90 10 00 0f 85 a8 01
0x00007fff411d34b6:   00 00 39 35 6a 90 10 00 0f 85 6a 01 00 00 40 38
0x00007fff411d34c6:   35 2d 8b 10 00 48 8d 3d 2e 8b 10 00 48 0f 45 fe
0x00007fff411d34d6:   48 39 73 18 0f 84 d2 00 00 00 48 8b 03 48 83 f8
0x00007fff411d34e6:   ff 0f 84 d2 00 00 00 44 8b fe 48 83 f8 ff 74 03
0x00007fff411d34f6:   ff 40 24 4c 8b 73 18 4c 8d 2d c4 30 10 00 bd 22
0x00007fff411d3506:   17 00 00 e8 42 13 fc ff 85 c0 0f 85 f6 b3 05 00
0x00007fff411d3516:   b9 82 03 fe 7f 80 39 00 0f 85 04 b4 05 00 49 83
0x00007fff411d3526:   fe ff 0f 85 92 b4 05 00 4c 8b cf c7 44 24 20 00
0x00007fff411d3536:   00 00 00 41 b8 04 00 00 00 48 8d 54 24 48 48 8d
0x00007fff411d3546:   4b 08 e8 37 01 00 00 3d 02 01 00 00 0f 84 7b b4
0x00007fff411d3556:   05 00 8b 4b 08 89 4c 24 48 f6 c1 02 75 ca 3d 02
0x00007fff411d3566:   01 00 00 0f 84 64 b4 05 00 0f b6 6c 24 40 4c 8b
0x00007fff411d3576:   6c 24 50 85 c0 0f 88 b0 b5 05 00 40 84 ed 75 73
0x00007fff411d3586:   48 8b 8c 24 90 00 00 00 48 33 cc e8 3a 8f 02 00
0x00007fff411d3596:   48 8b 9c 24 f0 00 00 00 48 81 c4 a0 00 00 00 41
0x00007fff411d35a6:   5f 41 5e 41 5d 41 5c 5f 5e 5d c3 cc 48 8b cb e8
0x00007fff411d35b6:   56 05 00 00 e9 21 ff ff ff 8b 4b 20 48 c7 c0 ff
0x00007fff411d35c6:   ff ff ff 48 0f ba e1 18 0f 82 19 ff ff ff 48 8b
0x00007fff411d35d6:   cb e8 64 e2 fa ff 48 8b 03 e9 09 ff ff ff c6 44
0x00007fff411d35e6:   24 40 01 41 c7 85 60 17 00 00 01 00 00 00 e9 b2 


Stack slot to memory mapping:
stack at sp + 0 slots: 0x0 is NULL
stack at sp + 1 slots: 0x0 is NULL
stack at sp + 2 slots: 0x0 is NULL
stack at sp + 3 slots: 0x0 is NULL
stack at sp + 4 slots: 0x0 is NULL
stack at sp + 5 slots: 0x0 is NULL
stack at sp + 6 slots: 0x0 is NULL
stack at sp + 7 slots: 0x0 is NULL


---------------  P R O C E S S  ---------------

Threads class SMR info:
_java_thread_list=0x000002516c220210, length=19, elements={
0x0000025166a8cca0, 0x0000025166a8e2b0, 0x0000025166aa4740, 0x0000025166aa6300,
0x0000025166aa9460, 0x0000025166aaa5b0, 0x0000025166aaf5f0, 0x0000025166ab0830,
0x0000025166ab41b0, 0x000002516b0d25c0, 0x000002516b0dacd0, 0x000002516b346830,
0x000002516b346ed0, 0x000002516b35dc20, 0x000002516b3ede70, 0x000002516b6a5aa0,
0x000002516b6e5680, 0x000002516b6e64f0, 0x000002516b6e69c0
}

Java Threads: ( => current thread )
  0x0000025166a8cca0 JavaThread "Reference Handler" daemon [_thread_blocked, id=12116, stack(0x000000b0f9200000,0x000000b0f9300000)]
  0x0000025166a8e2b0 JavaThread "Finalizer" daemon [_thread_blocked, id=1384, stack(0x000000b0f9300000,0x000000b0f9400000)]
  0x0000025166aa4740 JavaThread "Signal Dispatcher" daemon [_thread_blocked, id=11740, stack(0x000000b0f9400000,0x000000b0f9500000)]
  0x0000025166aa6300 JavaThread "Attach Listener" daemon [_thread_blocked, id=12888, stack(0x000000b0f9500000,0x000000b0f9600000)]
  0x0000025166aa9460 JavaThread "Service Thread" daemon [_thread_blocked, id=11692, stack(0x000000b0f9600000,0x000000b0f9700000)]
  0x0000025166aaa5b0 JavaThread "Monitor Deflation Thread" daemon [_thread_blocked, id=1864, stack(0x000000b0f9700000,0x000000b0f9800000)]
  0x0000025166aaf5f0 JavaThread "C2 CompilerThread0" daemon [_thread_blocked, id=11732, stack(0x000000b0f9800000,0x000000b0f9900000)]
  0x0000025166ab0830 JavaThread "C1 CompilerThread0" daemon [_thread_blocked, id=4852, stack(0x000000b0f9900000,0x000000b0f9a00000)]
  0x0000025166ab41b0 JavaThread "Sweeper thread" daemon [_thread_blocked, id=11448, stack(0x000000b0f9a00000,0x000000b0f9b00000)]
  0x000002516b0d25c0 JavaThread "Notification Thread" daemon [_thread_blocked, id=8488, stack(0x000000b0f9b00000,0x000000b0f9c00000)]
  0x000002516b0dacd0 JavaThread "Common-Cleaner" daemon [_thread_blocked, id=12856, stack(0x000000b0f9d00000,0x000000b0f9e00000)]
  0x000002516b346830 JavaThread "Java2D Disposer" daemon [_thread_blocked, id=4448, stack(0x000000b0f9e00000,0x000000b0f9f00000)]
  0x000002516b346ed0 JavaThread "AWT-Shutdown" [_thread_blocked, id=5752, stack(0x000000b0f9f00000,0x000000b0fa000000)]
  0x000002516b35dc20 JavaThread "AWT-Windows" daemon [_thread_in_native, id=2616, stack(0x000000b0fa000000,0x000000b0fa100000)]
=>0x000002516b3ede70 JavaThread "AWT-EventQueue-0" [_thread_in_native, id=2520, stack(0x000000b0fa200000,0x000000b0fa300000)]
  0x000002516b6a5aa0 JavaThread "Swing-Shell" daemon [_thread_blocked, id=12580, stack(0x000000b0fa300000,0x000000b0fa400000)]
  0x000002516b6e5680 JavaThread "Thread-0" [_thread_in_Java, id=8764, stack(0x000000b0fa900000,0x000000b0faa00000)]
  0x000002516b6e64f0 JavaThread "DestroyJavaVM" [_thread_blocked, id=2992, stack(0x000000b0f8b00000,0x000000b0f8c00000)]
  0x000002516b6e69c0 JavaThread "TimerQueue" daemon [_thread_blocked, id=10132, stack(0x000000b0fa800000,0x000000b0fa900000)]

Other Threads:
  0x0000025166a86500 VMThread "VM Thread" [stack: 0x000000b0f9100000,0x000000b0f9200000] [id=5984]
  0x0000025146c2ffb0 WatcherThread [stack: 0x000000b0f9c00000,0x000000b0f9d00000] [id=11688]
  0x0000025146c10350 GCTaskThread "GC Thread#0" [stack: 0x000000b0f8c00000,0x000000b0f8d00000] [id=12664]
  0x000002516ba02e80 GCTaskThread "GC Thread#1" [stack: 0x000000b0fab00000,0x000000b0fac00000] [id=3340]
  0x000002516c72b7c0 GCTaskThread "GC Thread#2" [stack: 0x000000b0fac00000,0x000000b0fad00000] [id=7308]
  0x000002516c72ba70 GCTaskThread "GC Thread#3" [stack: 0x000000b0fad00000,0x000000b0fae00000] [id=3644]
  0x0000025146c1e170 ConcurrentGCThread "G1 Main Marker" [stack: 0x000000b0f8d00000,0x000000b0f8e00000] [id=12640]
  0x0000025146c1f320 ConcurrentGCThread "G1 Conc#0" [stack: 0x000000b0f8e00000,0x000000b0f8f00000] [id=2332]
  0x0000025146c84890 ConcurrentGCThread "G1 Refine#0" [stack: 0x000000b0f8f00000,0x000000b0f9000000] [id=11572]
  0x000002516b9707d0 ConcurrentGCThread "G1 Refine#1" [stack: 0x000000b0fae00000,0x000000b0faf00000] [id=11032]
  0x0000025146c852b0 ConcurrentGCThread "G1 Service" [stack: 0x000000b0f9000000,0x000000b0f9100000] [id=7380]

Threads with active compile tasks:

VM state: not at safepoint (normal execution)

VM Mutex/Monitor currently owned by a thread: None

Heap address: 0x0000000741200000, size: 3054 MB, Compressed Oops mode: Zero based, Oop shift amount: 3

CDS archive(s) mapped at: [0x0000025100000000-0x0000025100bd0000-0x0000025100bd0000), size 12386304, SharedBaseAddress: 0x0000025100000000, ArchiveRelocationMode: 1.
Compressed class space mapped at: 0x0000025101000000-0x0000025141000000, reserved size: 1073741824
Narrow klass base: 0x0000025100000000, Narrow klass shift: 0, Narrow klass range: 0x100000000

GC Precious Log:
 CPUs: 4 total, 4 available
 Memory: 12210M
 Large Page Support: Disabled
 NUMA Support: Disabled
 Compressed Oops: Enabled (Zero based)
 Heap Region Size: 2M
 Heap Min Capacity: 8M
 Heap Initial Capacity: 192M
 Heap Max Capacity: 3054M
 Pre-touch: Disabled
 Parallel Workers: 4
 Concurrent Workers: 1
 Concurrent Refinement Workers: 4
 Periodic GC: Disabled

Heap:
 garbage-first heap   total 344064K, used 55020K [0x0000000741200000, 0x0000000800000000)
  region size 2048K, 19 young (38912K), 1 survivors (2048K)
 Metaspace       used 18625K, committed 18880K, reserved 1114112K
  class space    used 2050K, committed 2176K, reserved 1048576K

Heap Regions: E=young(eden), S=young(survivor), O=old, HS=humongous(starts), HC=humongous(continues), CS=collection set, F=free, OA=open archive, CA=closed archive, TAMS=top-at-mark-start (previous, next)
|   0|0x0000000741200000, 0x0000000741400000, 0x0000000741400000|100%| O|  |TAMS 0x0000000741200000, 0x0000000741200000| Untracked 
|   1|0x0000000741400000, 0x0000000741600000, 0x0000000741600000|100%| O|  |TAMS 0x0000000741400000, 0x0000000741400000| Untracked 
|   2|0x0000000741600000, 0x00000007417b7800, 0x0000000741800000| 85%| O|  |TAMS 0x0000000741600000, 0x0000000741600000| Untracked 
|   3|0x0000000741800000, 0x0000000741a00000, 0x0000000741a00000|100%| O|  |TAMS 0x0000000741800000, 0x0000000741800000| Untracked 
|   4|0x0000000741a00000, 0x0000000741c00000, 0x0000000741c00000|100%|HS|  |TAMS 0x0000000741a00000, 0x0000000741a00000| Complete 
|   5|0x0000000741c00000, 0x0000000741e00000, 0x0000000741e00000|100%|HC|  |TAMS 0x0000000741c00000, 0x0000000741c00000| Complete 
|   6|0x0000000741e00000, 0x0000000742000000, 0x0000000742000000|100%|HS|  |TAMS 0x0000000741e00000, 0x0000000741e00000| Complete 
|   7|0x0000000742000000, 0x0000000742200000, 0x0000000742200000|100%|HC|  |TAMS 0x0000000742000000, 0x0000000742000000| Complete 
|   8|0x0000000742200000, 0x0000000742400000, 0x0000000742400000|100%|HS|  |TAMS 0x0000000742200000, 0x0000000742200000| Complete 
|   9|0x0000000742400000, 0x0000000742600000, 0x0000000742600000|100%|HC|  |TAMS 0x0000000742400000, 0x0000000742400000| Complete 
|  10|0x0000000742600000, 0x0000000742600000, 0x0000000742800000|  0%| F|  |TAMS 0x0000000742600000, 0x0000000742600000| Untracked 
|  11|0x0000000742800000, 0x0000000742800000, 0x0000000742a00000|  0%| F|  |TAMS 0x0000000742800000, 0x0000000742800000| Untracked 
|  12|0x0000000742a00000, 0x0000000742a00000, 0x0000000742c00000|  0%| F|  |TAMS 0x0000000742a00000, 0x0000000742a00000| Untracked 
|  13|0x0000000742c00000, 0x0000000742c00000, 0x0000000742e00000|  0%| F|  |TAMS 0x0000000742c00000, 0x0000000742c00000| Untracked 
|  14|0x0000000742e00000, 0x0000000742e00000, 0x0000000743000000|  0%| F|  |TAMS 0x0000000742e00000, 0x0000000742e00000| Untracked 
|  15|0x0000000743000000, 0x0000000743000000, 0x0000000743200000|  0%| F|  |TAMS 0x0000000743000000, 0x0000000743000000| Untracked 
|  16|0x0000000743200000, 0x0000000743200000, 0x0000000743400000|  0%| F|  |TAMS 0x0000000743200000, 0x0000000743200000| Untracked 
|  17|0x0000000743400000, 0x0000000743400000, 0x0000000743600000|  0%| F|  |TAMS 0x0000000743400000, 0x0000000743400000| Untracked 
|  18|0x0000000743600000, 0x0000000743600000, 0x0000000743800000|  0%| F|  |TAMS 0x0000000743600000, 0x0000000743600000| Untracked 
|  19|0x0000000743800000, 0x0000000743800000, 0x0000000743a00000|  0%| F|  |TAMS 0x0000000743800000, 0x0000000743800000| Untracked 
|  20|0x0000000743a00000, 0x0000000743a00000, 0x0000000743c00000|  0%| F|  |TAMS 0x0000000743a00000, 0x0000000743a00000| Untracked 
|  21|0x0000000743c00000, 0x0000000743c00000, 0x0000000743e00000|  0%| F|  |TAMS 0x0000000743c00000, 0x0000000743c00000| Untracked 
|  22|0x0000000743e00000, 0x0000000743e00000, 0x0000000744000000|  0%| F|  |TAMS 0x0000000743e00000, 0x0000000743e00000| Untracked 
|  23|0x0000000744000000, 0x0000000744000000, 0x0000000744200000|  0%| F|  |TAMS 0x0000000744000000, 0x0000000744000000| Untracked 
|  24|0x0000000744200000, 0x0000000744200000, 0x0000000744400000|  0%| F|  |TAMS 0x0000000744200000, 0x0000000744200000| Untracked 
|  25|0x0000000744400000, 0x0000000744400000, 0x0000000744600000|  0%| F|  |TAMS 0x0000000744400000, 0x0000000744400000| Untracked 
|  26|0x0000000744600000, 0x0000000744600000, 0x0000000744800000|  0%| F|  |TAMS 0x0000000744600000, 0x0000000744600000| Untracked 
|  27|0x0000000744800000, 0x0000000744800000, 0x0000000744a00000|  0%| F|  |TAMS 0x0000000744800000, 0x0000000744800000| Untracked 
|  28|0x0000000744a00000, 0x0000000744a00000, 0x0000000744c00000|  0%| F|  |TAMS 0x0000000744a00000, 0x0000000744a00000| Untracked 
|  29|0x0000000744c00000, 0x0000000744c00000, 0x0000000744e00000|  0%| F|  |TAMS 0x0000000744c00000, 0x0000000744c00000| Untracked 
|  30|0x0000000744e00000, 0x0000000744e00000, 0x0000000745000000|  0%| F|  |TAMS 0x0000000744e00000, 0x0000000744e00000| Untracked 
|  31|0x0000000745000000, 0x0000000745000000, 0x0000000745200000|  0%| F|  |TAMS 0x0000000745000000, 0x0000000745000000| Untracked 
|  32|0x0000000745200000, 0x0000000745200000, 0x0000000745400000|  0%| F|  |TAMS 0x0000000745200000, 0x0000000745200000| Untracked 
|  33|0x0000000745400000, 0x0000000745400000, 0x0000000745600000|  0%| F|  |TAMS 0x0000000745400000, 0x0000000745400000| Untracked 
|  34|0x0000000745600000, 0x0000000745600000, 0x0000000745800000|  0%| F|  |TAMS 0x0000000745600000, 0x0000000745600000| Untracked 
|  35|0x0000000745800000, 0x0000000745800000, 0x0000000745a00000|  0%| F|  |TAMS 0x0000000745800000, 0x0000000745800000| Untracked 
|  36|0x0000000745a00000, 0x0000000745a00000, 0x0000000745c00000|  0%| F|  |TAMS 0x0000000745a00000, 0x0000000745a00000| Untracked 
|  37|0x0000000745c00000, 0x0000000745c00000, 0x0000000745e00000|  0%| F|  |TAMS 0x0000000745c00000, 0x0000000745c00000| Untracked 
|  38|0x0000000745e00000, 0x0000000745e00000, 0x0000000746000000|  0%| F|  |TAMS 0x0000000745e00000, 0x0000000745e00000| Untracked 
|  39|0x0000000746000000, 0x0000000746000000, 0x0000000746200000|  0%| F|  |TAMS 0x0000000746000000, 0x0000000746000000| Untracked 
|  40|0x0000000746200000, 0x0000000746200000, 0x0000000746400000|  0%| F|  |TAMS 0x0000000746200000, 0x0000000746200000| Untracked 
|  41|0x0000000746400000, 0x0000000746400000, 0x0000000746600000|  0%| F|  |TAMS 0x0000000746400000, 0x0000000746400000| Untracked 
|  42|0x0000000746600000, 0x0000000746600000, 0x0000000746800000|  0%| F|  |TAMS 0x0000000746600000, 0x0000000746600000| Untracked 
|  43|0x0000000746800000, 0x0000000746800000, 0x0000000746a00000|  0%| F|  |TAMS 0x0000000746800000, 0x0000000746800000| Untracked 
|  44|0x0000000746a00000, 0x0000000746a00000, 0x0000000746c00000|  0%| F|  |TAMS 0x0000000746a00000, 0x0000000746a00000| Untracked 
|  45|0x0000000746c00000, 0x0000000746c00000, 0x0000000746e00000|  0%| F|  |TAMS 0x0000000746c00000, 0x0000000746c00000| Untracked 
|  46|0x0000000746e00000, 0x0000000746e00000, 0x0000000747000000|  0%| F|  |TAMS 0x0000000746e00000, 0x0000000746e00000| Untracked 
|  47|0x0000000747000000, 0x0000000747000000, 0x0000000747200000|  0%| F|  |TAMS 0x0000000747000000, 0x0000000747000000| Untracked 
|  48|0x0000000747200000, 0x0000000747200000, 0x0000000747400000|  0%| F|  |TAMS 0x0000000747200000, 0x0000000747200000| Untracked 
|  49|0x0000000747400000, 0x0000000747400000, 0x0000000747600000|  0%| F|  |TAMS 0x0000000747400000, 0x0000000747400000| Untracked 
|  50|0x0000000747600000, 0x0000000747600000, 0x0000000747800000|  0%| F|  |TAMS 0x0000000747600000, 0x0000000747600000| Untracked 
|  51|0x0000000747800000, 0x0000000747800000, 0x0000000747a00000|  0%| F|  |TAMS 0x0000000747800000, 0x0000000747800000| Untracked 
|  52|0x0000000747a00000, 0x0000000747a00000, 0x0000000747c00000|  0%| F|  |TAMS 0x0000000747a00000, 0x0000000747a00000| Untracked 
|  53|0x0000000747c00000, 0x0000000747c00000, 0x0000000747e00000|  0%| F|  |TAMS 0x0000000747c00000, 0x0000000747c00000| Untracked 
|  54|0x0000000747e00000, 0x0000000747e00000, 0x0000000748000000|  0%| F|  |TAMS 0x0000000747e00000, 0x0000000747e00000| Untracked 
|  55|0x0000000748000000, 0x0000000748000000, 0x0000000748200000|  0%| F|  |TAMS 0x0000000748000000, 0x0000000748000000| Untracked 
|  56|0x0000000748200000, 0x0000000748200000, 0x0000000748400000|  0%| F|  |TAMS 0x0000000748200000, 0x0000000748200000| Untracked 
|  57|0x0000000748400000, 0x0000000748400000, 0x0000000748600000|  0%| F|  |TAMS 0x0000000748400000, 0x0000000748400000| Untracked 
|  58|0x0000000748600000, 0x0000000748600000, 0x0000000748800000|  0%| F|  |TAMS 0x0000000748600000, 0x0000000748600000| Untracked 
|  59|0x0000000748800000, 0x0000000748800000, 0x0000000748a00000|  0%| F|  |TAMS 0x0000000748800000, 0x0000000748800000| Untracked 
|  60|0x0000000748a00000, 0x0000000748a00000, 0x0000000748c00000|  0%| F|  |TAMS 0x0000000748a00000, 0x0000000748a00000| Untracked 
|  61|0x0000000748c00000, 0x0000000748c00000, 0x0000000748e00000|  0%| F|  |TAMS 0x0000000748c00000, 0x0000000748c00000| Untracked 
|  62|0x0000000748e00000, 0x0000000748e00000, 0x0000000749000000|  0%| F|  |TAMS 0x0000000748e00000, 0x0000000748e00000| Untracked 
|  63|0x0000000749000000, 0x0000000749000000, 0x0000000749200000|  0%| F|  |TAMS 0x0000000749000000, 0x0000000749000000| Untracked 
|  64|0x0000000749200000, 0x0000000749200000, 0x0000000749400000|  0%| F|  |TAMS 0x0000000749200000, 0x0000000749200000| Untracked 
|  65|0x0000000749400000, 0x0000000749400000, 0x0000000749600000|  0%| F|  |TAMS 0x0000000749400000, 0x0000000749400000| Untracked 
|  66|0x0000000749600000, 0x0000000749600000, 0x0000000749800000|  0%| F|  |TAMS 0x0000000749600000, 0x0000000749600000| Untracked 
|  67|0x0000000749800000, 0x0000000749803870, 0x0000000749a00000|  0%| S|CS|TAMS 0x0000000749800000, 0x0000000749800000| Complete 
|  68|0x0000000749a00000, 0x0000000749a00000, 0x0000000749c00000|  0%| F|  |TAMS 0x0000000749a00000, 0x0000000749a00000| Untracked 
|  69|0x0000000749c00000, 0x0000000749c00000, 0x0000000749e00000|  0%| F|  |TAMS 0x0000000749c00000, 0x0000000749c00000| Untracked 
|  70|0x0000000749e00000, 0x0000000749e00000, 0x000000074a000000|  0%| F|  |TAMS 0x0000000749e00000, 0x0000000749e00000| Untracked 
|  71|0x000000074a000000, 0x000000074a000000, 0x000000074a200000|  0%| F|  |TAMS 0x000000074a000000, 0x000000074a000000| Untracked 
|  72|0x000000074a200000, 0x000000074a200000, 0x000000074a400000|  0%| F|  |TAMS 0x000000074a200000, 0x000000074a200000| Untracked 
|  73|0x000000074a400000, 0x000000074a400000, 0x000000074a600000|  0%| F|  |TAMS 0x000000074a400000, 0x000000074a400000| Untracked 
|  74|0x000000074a600000, 0x000000074a600000, 0x000000074a800000|  0%| F|  |TAMS 0x000000074a600000, 0x000000074a600000| Untracked 
|  75|0x000000074a800000, 0x000000074a800000, 0x000000074aa00000|  0%| F|  |TAMS 0x000000074a800000, 0x000000074a800000| Untracked 
|  76|0x000000074aa00000, 0x000000074aa00000, 0x000000074ac00000|  0%| F|  |TAMS 0x000000074aa00000, 0x000000074aa00000| Untracked 
|  77|0x000000074ac00000, 0x000000074ac00000, 0x000000074ae00000|  0%| F|  |TAMS 0x000000074ac00000, 0x000000074ac00000| Untracked 
|  78|0x000000074ae00000, 0x000000074ae00000, 0x000000074b000000|  0%| F|  |TAMS 0x000000074ae00000, 0x000000074ae00000| Untracked 
|  79|0x000000074b000000, 0x000000074b000000, 0x000000074b200000|  0%| F|  |TAMS 0x000000074b000000, 0x000000074b000000| Untracked 
|  80|0x000000074b200000, 0x000000074b200000, 0x000000074b400000|  0%| F|  |TAMS 0x000000074b200000, 0x000000074b200000| Untracked 
|  81|0x000000074b400000, 0x000000074b400000, 0x000000074b600000|  0%| F|  |TAMS 0x000000074b400000, 0x000000074b400000| Untracked 
|  82|0x000000074b600000, 0x000000074b600000, 0x000000074b800000|  0%| F|  |TAMS 0x000000074b600000, 0x000000074b600000| Untracked 
|  83|0x000000074b800000, 0x000000074b800000, 0x000000074ba00000|  0%| F|  |TAMS 0x000000074b800000, 0x000000074b800000| Untracked 
|  84|0x000000074ba00000, 0x000000074ba00000, 0x000000074bc00000|  0%| F|  |TAMS 0x000000074ba00000, 0x000000074ba00000| Untracked 
|  85|0x000000074bc00000, 0x000000074bc00000, 0x000000074be00000|  0%| F|  |TAMS 0x000000074bc00000, 0x000000074bc00000| Untracked 
|  86|0x000000074be00000, 0x000000074be00000, 0x000000074c000000|  0%| F|  |TAMS 0x000000074be00000, 0x000000074be00000| Untracked 
|  87|0x000000074c000000, 0x000000074c000000, 0x000000074c200000|  0%| F|  |TAMS 0x000000074c000000, 0x000000074c000000| Untracked 
|  88|0x000000074c200000, 0x000000074c200000, 0x000000074c400000|  0%| F|  |TAMS 0x000000074c200000, 0x000000074c200000| Untracked 
|  89|0x000000074c400000, 0x000000074c400000, 0x000000074c600000|  0%| F|  |TAMS 0x000000074c400000, 0x000000074c400000| Untracked 
|  90|0x000000074c600000, 0x000000074c600000, 0x000000074c800000|  0%| F|  |TAMS 0x000000074c600000, 0x000000074c600000| Untracked 
|  91|0x000000074c800000, 0x000000074c800000, 0x000000074ca00000|  0%| F|  |TAMS 0x000000074c800000, 0x000000074c800000| Untracked 
|  92|0x000000074ca00000, 0x000000074ca00000, 0x000000074cc00000|  0%| F|  |TAMS 0x000000074ca00000, 0x000000074ca00000| Untracked 
|  93|0x000000074cc00000, 0x000000074cc00000, 0x000000074ce00000|  0%| F|  |TAMS 0x000000074cc00000, 0x000000074cc00000| Untracked 
|  94|0x000000074ce00000, 0x000000074ce00000, 0x000000074d000000|  0%| F|  |TAMS 0x000000074ce00000, 0x000000074ce00000| Untracked 
|  95|0x000000074d000000, 0x000000074d000000, 0x000000074d200000|  0%| F|  |TAMS 0x000000074d000000, 0x000000074d000000| Untracked 
|  96|0x000000074d200000, 0x000000074d200000, 0x000000074d400000|  0%| F|  |TAMS 0x000000074d200000, 0x000000074d200000| Untracked 
|  97|0x000000074d400000, 0x000000074d400000, 0x000000074d600000|  0%| F|  |TAMS 0x000000074d400000, 0x000000074d400000| Untracked 
|  98|0x000000074d600000, 0x000000074d600000, 0x000000074d800000|  0%| F|  |TAMS 0x000000074d600000, 0x000000074d600000| Untracked 
|  99|0x000000074d800000, 0x000000074d800000, 0x000000074da00000|  0%| F|  |TAMS 0x000000074d800000, 0x000000074d800000| Untracked 
| 100|0x000000074da00000, 0x000000074da00000, 0x000000074dc00000|  0%| F|  |TAMS 0x000000074da00000, 0x000000074da00000| Untracked 
| 101|0x000000074dc00000, 0x000000074dc00000, 0x000000074de00000|  0%| F|  |TAMS 0x000000074dc00000, 0x000000074dc00000| Untracked 
| 102|0x000000074de00000, 0x000000074de00000, 0x000000074e000000|  0%| F|  |TAMS 0x000000074de00000, 0x000000074de00000| Untracked 
| 103|0x000000074e000000, 0x000000074e000000, 0x000000074e200000|  0%| F|  |TAMS 0x000000074e000000, 0x000000074e000000| Untracked 
| 104|0x000000074e200000, 0x000000074e200000, 0x000000074e400000|  0%| F|  |TAMS 0x000000074e200000, 0x000000074e200000| Untracked 
| 105|0x000000074e400000, 0x000000074e400000, 0x000000074e600000|  0%| F|  |TAMS 0x000000074e400000, 0x000000074e400000| Untracked 
| 106|0x000000074e600000, 0x000000074e600000, 0x000000074e800000|  0%| F|  |TAMS 0x000000074e600000, 0x000000074e600000| Untracked 
| 107|0x000000074e800000, 0x000000074e800000, 0x000000074ea00000|  0%| F|  |TAMS 0x000000074e800000, 0x000000074e800000| Untracked 
| 108|0x000000074ea00000, 0x000000074ea00000, 0x000000074ec00000|  0%| F|  |TAMS 0x000000074ea00000, 0x000000074ea00000| Untracked 
| 109|0x000000074ec00000, 0x000000074ec00000, 0x000000074ee00000|  0%| F|  |TAMS 0x000000074ec00000, 0x000000074ec00000| Untracked 
| 110|0x000000074ee00000, 0x000000074ee00000, 0x000000074f000000|  0%| F|  |TAMS 0x000000074ee00000, 0x000000074ee00000| Untracked 
| 111|0x000000074f000000, 0x000000074f000000, 0x000000074f200000|  0%| F|  |TAMS 0x000000074f000000, 0x000000074f000000| Untracked 
| 112|0x000000074f200000, 0x000000074f200000, 0x000000074f400000|  0%| F|  |TAMS 0x000000074f200000, 0x000000074f200000| Untracked 
| 113|0x000000074f400000, 0x000000074f400000, 0x000000074f600000|  0%| F|  |TAMS 0x000000074f400000, 0x000000074f400000| Untracked 
| 114|0x000000074f600000, 0x000000074f600000, 0x000000074f800000|  0%| F|  |TAMS 0x000000074f600000, 0x000000074f600000| Untracked 
| 115|0x000000074f800000, 0x000000074f800000, 0x000000074fa00000|  0%| F|  |TAMS 0x000000074f800000, 0x000000074f800000| Untracked 
| 116|0x000000074fa00000, 0x000000074fa00000, 0x000000074fc00000|  0%| F|  |TAMS 0x000000074fa00000, 0x000000074fa00000| Untracked 
| 117|0x000000074fc00000, 0x000000074fc00000, 0x000000074fe00000|  0%| F|  |TAMS 0x000000074fc00000, 0x000000074fc00000| Untracked 
| 118|0x000000074fe00000, 0x000000074fe00000, 0x0000000750000000|  0%| F|  |TAMS 0x000000074fe00000, 0x000000074fe00000| Untracked 
| 119|0x0000000750000000, 0x0000000750000000, 0x0000000750200000|  0%| F|  |TAMS 0x0000000750000000, 0x0000000750000000| Untracked 
| 120|0x0000000750200000, 0x0000000750200000, 0x0000000750400000|  0%| F|  |TAMS 0x0000000750200000, 0x0000000750200000| Untracked 
| 121|0x0000000750400000, 0x0000000750400000, 0x0000000750600000|  0%| F|  |TAMS 0x0000000750400000, 0x0000000750400000| Untracked 
| 122|0x0000000750600000, 0x0000000750600000, 0x0000000750800000|  0%| F|  |TAMS 0x0000000750600000, 0x0000000750600000| Untracked 
| 123|0x0000000750800000, 0x0000000750800000, 0x0000000750a00000|  0%| F|  |TAMS 0x0000000750800000, 0x0000000750800000| Untracked 
| 124|0x0000000750a00000, 0x0000000750a00000, 0x0000000750c00000|  0%| F|  |TAMS 0x0000000750a00000, 0x0000000750a00000| Untracked 
| 125|0x0000000750c00000, 0x0000000750c00000, 0x0000000750e00000|  0%| F|  |TAMS 0x0000000750c00000, 0x0000000750c00000| Untracked 
| 126|0x0000000750e00000, 0x0000000750e00000, 0x0000000751000000|  0%| F|  |TAMS 0x0000000750e00000, 0x0000000750e00000| Untracked 
| 127|0x0000000751000000, 0x0000000751000000, 0x0000000751200000|  0%| F|  |TAMS 0x0000000751000000, 0x0000000751000000| Untracked 
| 128|0x0000000751200000, 0x0000000751200000, 0x0000000751400000|  0%| F|  |TAMS 0x0000000751200000, 0x0000000751200000| Untracked 
| 129|0x0000000751400000, 0x0000000751400000, 0x0000000751600000|  0%| F|  |TAMS 0x0000000751400000, 0x0000000751400000| Untracked 
| 130|0x0000000751600000, 0x0000000751600000, 0x0000000751800000|  0%| F|  |TAMS 0x0000000751600000, 0x0000000751600000| Untracked 
| 131|0x0000000751800000, 0x0000000751800000, 0x0000000751a00000|  0%| F|  |TAMS 0x0000000751800000, 0x0000000751800000| Untracked 
| 132|0x0000000751a00000, 0x0000000751a00000, 0x0000000751c00000|  0%| F|  |TAMS 0x0000000751a00000, 0x0000000751a00000| Untracked 
| 133|0x0000000751c00000, 0x0000000751c00000, 0x0000000751e00000|  0%| F|  |TAMS 0x0000000751c00000, 0x0000000751c00000| Untracked 
| 134|0x0000000751e00000, 0x0000000751e00000, 0x0000000752000000|  0%| F|  |TAMS 0x0000000751e00000, 0x0000000751e00000| Untracked 
| 135|0x0000000752000000, 0x0000000752000000, 0x0000000752200000|  0%| F|  |TAMS 0x0000000752000000, 0x0000000752000000| Untracked 
| 136|0x0000000752200000, 0x0000000752200000, 0x0000000752400000|  0%| F|  |TAMS 0x0000000752200000, 0x0000000752200000| Untracked 
| 137|0x0000000752400000, 0x0000000752400000, 0x0000000752600000|  0%| F|  |TAMS 0x0000000752400000, 0x0000000752400000| Untracked 
| 138|0x0000000752600000, 0x0000000752600000, 0x0000000752800000|  0%| F|  |TAMS 0x0000000752600000, 0x0000000752600000| Untracked 
| 139|0x0000000752800000, 0x0000000752800000, 0x0000000752a00000|  0%| F|  |TAMS 0x0000000752800000, 0x0000000752800000| Untracked 
| 140|0x0000000752a00000, 0x0000000752a00000, 0x0000000752c00000|  0%| F|  |TAMS 0x0000000752a00000, 0x0000000752a00000| Untracked 
| 141|0x0000000752c00000, 0x0000000752c00000, 0x0000000752e00000|  0%| F|  |TAMS 0x0000000752c00000, 0x0000000752c00000| Untracked 
| 142|0x0000000752e00000, 0x0000000752e00000, 0x0000000753000000|  0%| F|  |TAMS 0x0000000752e00000, 0x0000000752e00000| Untracked 
| 143|0x0000000753000000, 0x0000000753000000, 0x0000000753200000|  0%| F|  |TAMS 0x0000000753000000, 0x0000000753000000| Untracked 
| 144|0x0000000753200000, 0x0000000753200000, 0x0000000753400000|  0%| F|  |TAMS 0x0000000753200000, 0x0000000753200000| Untracked 
| 145|0x0000000753400000, 0x0000000753400000, 0x0000000753600000|  0%| F|  |TAMS 0x0000000753400000, 0x0000000753400000| Untracked 
| 146|0x0000000753600000, 0x0000000753600000, 0x0000000753800000|  0%| F|  |TAMS 0x0000000753600000, 0x0000000753600000| Untracked 
| 147|0x0000000753800000, 0x0000000753900800, 0x0000000753a00000| 50%| E|  |TAMS 0x0000000753800000, 0x0000000753800000| Complete 
| 148|0x0000000753a00000, 0x0000000753c00000, 0x0000000753c00000|100%| E|CS|TAMS 0x0000000753a00000, 0x0000000753a00000| Complete 
| 149|0x0000000753c00000, 0x0000000753e00000, 0x0000000753e00000|100%| E|CS|TAMS 0x0000000753c00000, 0x0000000753c00000| Complete 
| 150|0x0000000753e00000, 0x0000000754000000, 0x0000000754000000|100%| E|CS|TAMS 0x0000000753e00000, 0x0000000753e00000| Complete 
| 151|0x0000000754000000, 0x0000000754200000, 0x0000000754200000|100%| E|CS|TAMS 0x0000000754000000, 0x0000000754000000| Complete 
| 152|0x0000000754200000, 0x0000000754400000, 0x0000000754400000|100%| E|CS|TAMS 0x0000000754200000, 0x0000000754200000| Complete 
| 153|0x0000000754400000, 0x0000000754600000, 0x0000000754600000|100%| E|CS|TAMS 0x0000000754400000, 0x0000000754400000| Complete 
| 154|0x0000000754600000, 0x0000000754800000, 0x0000000754800000|100%| E|CS|TAMS 0x0000000754600000, 0x0000000754600000| Complete 
| 155|0x0000000754800000, 0x0000000754a00000, 0x0000000754a00000|100%| E|CS|TAMS 0x0000000754800000, 0x0000000754800000| Complete 
| 156|0x0000000754a00000, 0x0000000754c00000, 0x0000000754c00000|100%| E|CS|TAMS 0x0000000754a00000, 0x0000000754a00000| Complete 
| 157|0x0000000754c00000, 0x0000000754e00000, 0x0000000754e00000|100%| E|CS|TAMS 0x0000000754c00000, 0x0000000754c00000| Complete 
| 158|0x0000000754e00000, 0x0000000755000000, 0x0000000755000000|100%| E|CS|TAMS 0x0000000754e00000, 0x0000000754e00000| Complete 
| 159|0x0000000755000000, 0x0000000755200000, 0x0000000755200000|100%| E|CS|TAMS 0x0000000755000000, 0x0000000755000000| Complete 
| 160|0x0000000755200000, 0x0000000755400000, 0x0000000755400000|100%| E|CS|TAMS 0x0000000755200000, 0x0000000755200000| Complete 
| 161|0x0000000755400000, 0x0000000755600000, 0x0000000755600000|100%| E|CS|TAMS 0x0000000755400000, 0x0000000755400000| Complete 
| 162|0x0000000755600000, 0x0000000755800000, 0x0000000755800000|100%| E|CS|TAMS 0x0000000755600000, 0x0000000755600000| Complete 
| 163|0x0000000755800000, 0x0000000755a00000, 0x0000000755a00000|100%| E|CS|TAMS 0x0000000755800000, 0x0000000755800000| Complete 
| 164|0x0000000755a00000, 0x0000000755c00000, 0x0000000755c00000|100%| E|CS|TAMS 0x0000000755a00000, 0x0000000755a00000| Complete 
| 165|0x0000000755c00000, 0x0000000755e00000, 0x0000000755e00000|100%| E|CS|TAMS 0x0000000755c00000, 0x0000000755c00000| Complete 
| 166|0x0000000755e00000, 0x0000000756000000, 0x0000000756000000|100%| E|CS|TAMS 0x0000000755e00000, 0x0000000755e00000| Complete 
| 167|0x0000000756000000, 0x0000000756200000, 0x0000000756200000|100%| E|CS|TAMS 0x0000000756000000, 0x0000000756000000| Complete 

Card table byte_map: [0x000002515da60000,0x000002515e060000] _byte_map_base: 0x000002515a057000

Marking Bits (Prev, Next): (CMBitMap*) 0x0000025146c11970, (CMBitMap*) 0x0000025146c119b0
 Prev Bits: [0x000002515e660000, 0x0000025161618000)
 Next Bits: [0x0000025161620000, 0x00000251645d8000)

Polling page: 0x0000025144990000

Metaspace:

Usage:
  Non-class:     16.19 MB used.
      Class:      2.00 MB used.
       Both:     18.19 MB used.

Virtual space:
  Non-class space:       64.00 MB reserved,      16.31 MB ( 25%) committed,  1 nodes.
      Class space:        1.00 GB reserved,       2.12 MB ( <1%) committed,  1 nodes.
             Both:        1.06 GB reserved,      18.44 MB (  2%) committed. 

Chunk freelists:
   Non-Class:  14.88 MB
       Class:  13.88 MB
        Both:  28.76 MB

MaxMetaspaceSize: unlimited
CompressedClassSpaceSize: 1.00 GB
Initial GC threshold: 21.00 MB
Current GC threshold: 21.00 MB
CDS: on
MetaspaceReclaimPolicy: balanced
 - commit_granule_bytes: 65536.
 - commit_granule_words: 8192.
 - virtual_space_node_default_size: 8388608.
 - enlarge_chunks_in_place: 1.
 - new_chunks_are_fully_committed: 0.
 - uncommit_free_chunks: 1.
 - use_allocation_guard: 0.
 - handle_deallocations: 1.


Internal statistics:

num_allocs_failed_limit: 0.
num_arena_births: 310.
num_arena_deaths: 0.
num_vsnodes_births: 2.
num_vsnodes_deaths: 0.
num_space_committed: 295.
num_space_uncommitted: 0.
num_chunks_returned_to_freelist: 0.
num_chunks_taken_from_freelist: 581.
num_chunk_merges: 0.
num_chunk_splits: 296.
num_chunks_enlarged: 92.
num_purges: 0.
num_inconsistent_stats: 0.

CodeHeap 'non-profiled nmethods': size=120000Kb used=2053Kb max_used=2053Kb free=117946Kb
 bounds [0x0000025155f30000, 0x00000251561a0000, 0x000002515d460000]
CodeHeap 'profiled nmethods': size=120000Kb used=9125Kb max_used=9125Kb free=110874Kb
 bounds [0x000002514e460000, 0x000002514ed50000, 0x0000025155990000]
CodeHeap 'non-nmethods': size=5760Kb used=1338Kb max_used=1425Kb free=4421Kb
 bounds [0x0000025155990000, 0x0000025155c00000, 0x0000025155f30000]
 total_blobs=5065 nmethods=4391 adapters=586
 compilation: enabled
              stopped_count=0, restarted_count=0
 full_count=0

Compilation events (20 events):
Event: 95.266 Thread 0x0000025166ab0830 4381       3       javax.swing.plaf.basic.BasicButtonListener::stateChanged (13 bytes)
Event: 95.266 Thread 0x0000025166ab0830 nmethod 4381 0x000002514ed44790 code [0x000002514ed44940, 0x000002514ed44ca8]
Event: 95.297 Thread 0x0000025166aaf5f0 4382       4       sun.awt.NullComponentPeer::handleEvent (1 bytes)
Event: 95.299 Thread 0x0000025166aaf5f0 nmethod 4382 0x000002515612c010 code [0x000002515612c180, 0x000002515612c1f8]
Event: 95.494 Thread 0x0000025166aaf5f0 4383       4       java.awt.AWTEvent::<init> (81 bytes)
Event: 95.498 Thread 0x0000025166aaf5f0 nmethod 4383 0x000002515612c310 code [0x000002515612c4a0, 0x000002515612c7e8]
Event: 96.377 Thread 0x0000025166aaf5f0 4384   !   4       java.awt.EventQueue::getNextEvent (84 bytes)
Event: 96.408 Thread 0x0000025166ab0830 4385       3       com.sun.jna.Pointer::getFloat (10 bytes)
Event: 96.408 Thread 0x0000025166ab0830 nmethod 4385 0x000002514ed44d90 code [0x000002514ed44f20, 0x000002514ed45068]
Event: 96.408 Thread 0x0000025166ab0830 4387       3       jdk.internal.reflect.UnsafeFloatFieldAccessorImpl::set (193 bytes)
Event: 96.410 Thread 0x0000025166ab0830 nmethod 4387 0x000002514ed45110 code [0x000002514ed45480, 0x000002514ed47488]
Event: 96.410 Thread 0x0000025166ab0830 4388       3       com.sun.jna.Pointer::setFloat (11 bytes)
Event: 96.410 Thread 0x0000025166ab0830 nmethod 4388 0x000002514ed47a10 code [0x000002514ed47ba0, 0x000002514ed47ce8]
Event: 96.455 Thread 0x0000025166aaf5f0 nmethod 4384 0x000002515612d110 code [0x000002515612d440, 0x000002515612fe88]
Event: 96.487 Thread 0x0000025166ab0830 4390       3       com.sun.jna.PointerType::toNative (5 bytes)
Event: 96.488 Thread 0x0000025166ab0830 nmethod 4390 0x000002514ed47d90 code [0x000002514ed47f20, 0x000002514ed480d8]
Event: 96.488 Thread 0x0000025166ab0830 4391       3       com.sun.jna.NativeMappedConverter::toNative (52 bytes)
Event: 96.489 Thread 0x0000025166ab0830 nmethod 4391 0x000002514ed48190 code [0x000002514ed483c0, 0x000002514ed48a18]
Event: 96.492 Thread 0x0000025166ab0830 4392   !   3       java.awt.Container::isParentOf (49 bytes)
Event: 96.493 Thread 0x0000025166ab0830 nmethod 4392 0x000002514ed48c90 code [0x000002514ed48e60, 0x000002514ed49438]

GC Heap History (20 events):
Event: 94.952 GC heap before
{Heap before GC invocations=508 (full 0):
 garbage-first heap   total 344064K, used 222937K [0x0000000741200000, 0x0000000800000000)
  region size 2048K, 100 young (204800K), 1 survivors (2048K)
 Metaspace       used 18619K, committed 18880K, reserved 1114112K
  class space    used 2050K, committed 2176K, reserved 1048576K
}
Event: 94.953 GC heap after
{Heap after GC invocations=509 (full 0):
 garbage-first heap   total 344064K, used 20193K [0x0000000741200000, 0x0000000800000000)
  region size 2048K, 1 young (2048K), 1 survivors (2048K)
 Metaspace       used 18619K, committed 18880K, reserved 1114112K
  class space    used 2050K, committed 2176K, reserved 1048576K
}
Event: 95.126 GC heap before
{Heap before GC invocations=509 (full 0):
 garbage-first heap   total 344064K, used 222945K [0x0000000741200000, 0x0000000800000000)
  region size 2048K, 100 young (204800K), 1 survivors (2048K)
 Metaspace       used 18619K, committed 18880K, reserved 1114112K
  class space    used 2050K, committed 2176K, reserved 1048576K
}
Event: 95.127 GC heap after
{Heap after GC invocations=510 (full 0):
 garbage-first heap   total 344064K, used 20196K [0x0000000741200000, 0x0000000800000000)
  region size 2048K, 1 young (2048K), 1 survivors (2048K)
 Metaspace       used 18619K, committed 18880K, reserved 1114112K
  class space    used 2050K, committed 2176K, reserved 1048576K
}
Event: 95.379 GC heap before
{Heap before GC invocations=510 (full 0):
 garbage-first heap   total 344064K, used 222948K [0x0000000741200000, 0x0000000800000000)
  region size 2048K, 100 young (204800K), 1 survivors (2048K)
 Metaspace       used 18621K, committed 18880K, reserved 1114112K
  class space    used 2050K, committed 2176K, reserved 1048576K
}
Event: 95.380 GC heap after
{Heap after GC invocations=511 (full 0):
 garbage-first heap   total 344064K, used 20194K [0x0000000741200000, 0x0000000800000000)
  region size 2048K, 1 young (2048K), 1 survivors (2048K)
 Metaspace       used 18621K, committed 18880K, reserved 1114112K
  class space    used 2050K, committed 2176K, reserved 1048576K
}
Event: 95.543 GC heap before
{Heap before GC invocations=511 (full 0):
 garbage-first heap   total 344064K, used 222946K [0x0000000741200000, 0x0000000800000000)
  region size 2048K, 100 young (204800K), 1 survivors (2048K)
 Metaspace       used 18621K, committed 18880K, reserved 1114112K
  class space    used 2050K, committed 2176K, reserved 1048576K
}
Event: 95.544 GC heap after
{Heap after GC invocations=512 (full 0):
 garbage-first heap   total 344064K, used 20198K [0x0000000741200000, 0x0000000800000000)
  region size 2048K, 1 young (2048K), 1 survivors (2048K)
 Metaspace       used 18621K, committed 18880K, reserved 1114112K
  class space    used 2050K, committed 2176K, reserved 1048576K
}
Event: 95.693 GC heap before
{Heap before GC invocations=512 (full 0):
 garbage-first heap   total 344064K, used 222950K [0x0000000741200000, 0x0000000800000000)
  region size 2048K, 100 young (204800K), 1 survivors (2048K)
 Metaspace       used 18621K, committed 18880K, reserved 1114112K
  class space    used 2050K, committed 2176K, reserved 1048576K
}
Event: 95.694 GC heap after
{Heap after GC invocations=513 (full 0):
 garbage-first heap   total 344064K, used 20195K [0x0000000741200000, 0x0000000800000000)
  region size 2048K, 1 young (2048K), 1 survivors (2048K)
 Metaspace       used 18621K, committed 18880K, reserved 1114112K
  class space    used 2050K, committed 2176K, reserved 1048576K
}
Event: 95.855 GC heap before
{Heap before GC invocations=513 (full 0):
 garbage-first heap   total 344064K, used 222947K [0x0000000741200000, 0x0000000800000000)
  region size 2048K, 100 young (204800K), 1 survivors (2048K)
 Metaspace       used 18621K, committed 18880K, reserved 1114112K
  class space    used 2050K, committed 2176K, reserved 1048576K
}
Event: 95.856 GC heap after
{Heap after GC invocations=514 (full 0):
 garbage-first heap   total 344064K, used 20198K [0x0000000741200000, 0x0000000800000000)
  region size 2048K, 1 young (2048K), 1 survivors (2048K)
 Metaspace       used 18621K, committed 18880K, reserved 1114112K
  class space    used 2050K, committed 2176K, reserved 1048576K
}
Event: 96.008 GC heap before
{Heap before GC invocations=514 (full 0):
 garbage-first heap   total 344064K, used 222950K [0x0000000741200000, 0x0000000800000000)
  region size 2048K, 100 young (204800K), 1 survivors (2048K)
 Metaspace       used 18621K, committed 18880K, reserved 1114112K
  class space    used 2050K, committed 2176K, reserved 1048576K
}
Event: 96.009 GC heap after
{Heap after GC invocations=515 (full 0):
 garbage-first heap   total 344064K, used 20198K [0x0000000741200000, 0x0000000800000000)
  region size 2048K, 1 young (2048K), 1 survivors (2048K)
 Metaspace       used 18621K, committed 18880K, reserved 1114112K
  class space    used 2050K, committed 2176K, reserved 1048576K
}
Event: 96.162 GC heap before
{Heap before GC invocations=515 (full 0):
 garbage-first heap   total 344064K, used 222950K [0x0000000741200000, 0x0000000800000000)
  region size 2048K, 100 young (204800K), 1 survivors (2048K)
 Metaspace       used 18621K, committed 18880K, reserved 1114112K
  class space    used 2050K, committed 2176K, reserved 1048576K
}
Event: 96.163 GC heap after
{Heap after GC invocations=516 (full 0):
 garbage-first heap   total 344064K, used 20198K [0x0000000741200000, 0x0000000800000000)
  region size 2048K, 1 young (2048K), 1 survivors (2048K)
 Metaspace       used 18621K, committed 18880K, reserved 1114112K
  class space    used 2050K, committed 2176K, reserved 1048576K
}
Event: 96.309 GC heap before
{Heap before GC invocations=516 (full 0):
 garbage-first heap   total 344064K, used 222950K [0x0000000741200000, 0x0000000800000000)
  region size 2048K, 100 young (204800K), 1 survivors (2048K)
 Metaspace       used 18621K, committed 18880K, reserved 1114112K
  class space    used 2050K, committed 2176K, reserved 1048576K
}
Event: 96.310 GC heap after
{Heap after GC invocations=517 (full 0):
 garbage-first heap   total 344064K, used 20198K [0x0000000741200000, 0x0000000800000000)
  region size 2048K, 1 young (2048K), 1 survivors (2048K)
 Metaspace       used 18621K, committed 18880K, reserved 1114112K
  class space    used 2050K, committed 2176K, reserved 1048576K
}
Event: 96.492 GC heap before
{Heap before GC invocations=517 (full 0):
 garbage-first heap   total 344064K, used 222950K [0x0000000741200000, 0x0000000800000000)
  region size 2048K, 100 young (204800K), 1 survivors (2048K)
 Metaspace       used 18625K, committed 18880K, reserved 1114112K
  class space    used 2050K, committed 2176K, reserved 1048576K
}
Event: 96.493 GC heap after
{Heap after GC invocations=518 (full 0):
 garbage-first heap   total 344064K, used 20210K [0x0000000741200000, 0x0000000800000000)
  region size 2048K, 1 young (2048K), 1 survivors (2048K)
 Metaspace       used 18625K, committed 18880K, reserved 1114112K
  class space    used 2050K, committed 2176K, reserved 1048576K
}

Deoptimization events (20 events):
Event: 18.382 Thread 0x000002516b6e6020 Uncommon trap: trap_request=0xffffffbe fr.pc=0x00000251560c750c relative=0x00000000000002cc
Event: 18.382 Thread 0x000002516b6e6020 Uncommon trap: reason=profile_predicate action=maybe_recompile pc=0x00000251560c750c method=java.util.WeakHashMap.get(Ljava/lang/Object;)Ljava/lang/Object; @ 35 c2
Event: 18.382 Thread 0x000002516b6e6020 DEOPT PACKING pc=0x00000251560c750c sp=0x000000b0fb1fd8d0
Event: 18.382 Thread 0x000002516b6e6020 DEOPT UNPACKING pc=0x00000251559e23a3 sp=0x000000b0fb1fd878 mode 2
Event: 18.382 Thread 0x000002516b6e6020 Uncommon trap: trap_request=0xffffffbe fr.pc=0x00000251560c750c relative=0x00000000000002cc
Event: 18.382 Thread 0x000002516b6e6020 Uncommon trap: reason=profile_predicate action=maybe_recompile pc=0x00000251560c750c method=java.util.WeakHashMap.get(Ljava/lang/Object;)Ljava/lang/Object; @ 35 c2
Event: 18.382 Thread 0x000002516b6e6020 DEOPT PACKING pc=0x00000251560c750c sp=0x000000b0fb1fd8d0
Event: 18.382 Thread 0x000002516b6e6020 DEOPT UNPACKING pc=0x00000251559e23a3 sp=0x000000b0fb1fd878 mode 2
Event: 20.711 Thread 0x000002516b3ede70 Uncommon trap: trap_request=0xffffff45 fr.pc=0x000002515608ce3c relative=0x0000000000000b9c
Event: 20.711 Thread 0x000002516b3ede70 Uncommon trap: reason=unstable_if action=reinterpret pc=0x000002515608ce3c method=java.awt.Container.findComponentAtImpl(IIZ)Ljava/awt/Component; @ 131 c2
Event: 20.711 Thread 0x000002516b3ede70 DEOPT PACKING pc=0x000002515608ce3c sp=0x000000b0fa2feda0
Event: 20.711 Thread 0x000002516b3ede70 DEOPT UNPACKING pc=0x00000251559e23a3 sp=0x000000b0fa2fed50 mode 2
Event: 22.625 Thread 0x000002516b6e7360 Uncommon trap: trap_request=0xfffffff4 fr.pc=0x00000251560d0f80 relative=0x0000000000000420
Event: 22.625 Thread 0x000002516b6e7360 Uncommon trap: reason=null_check action=make_not_entrant pc=0x00000251560d0f80 method=com.sun.jna.Native.getNativeSize(Ljava/lang/Class;Ljava/lang/Object;)I @ 83 c2
Event: 22.625 Thread 0x000002516b6e7360 DEOPT PACKING pc=0x00000251560d0f80 sp=0x000000b0fa1fe6b0
Event: 22.625 Thread 0x000002516b6e7360 DEOPT UNPACKING pc=0x00000251559e23a3 sp=0x000000b0fa1fe668 mode 2
Event: 35.990 Thread 0x000002516b6e7360 Uncommon trap: trap_request=0xfffffff4 fr.pc=0x00000251560fcc38 relative=0x00000000000008d8
Event: 35.990 Thread 0x000002516b6e7360 Uncommon trap: reason=null_check action=make_not_entrant pc=0x00000251560fcc38 method=com.sun.jna.Native.getNativeSize(Ljava/lang/Class;)I @ 23 c2
Event: 35.990 Thread 0x000002516b6e7360 DEOPT PACKING pc=0x00000251560fcc38 sp=0x000000b0faafe600
Event: 35.990 Thread 0x000002516b6e7360 DEOPT UNPACKING pc=0x00000251559e23a3 sp=0x000000b0faafe5d0 mode 2

Classes unloaded (0 events):
No events

Classes redefined (0 events):
No events

Internal exceptions (20 events):
Event: 0.109 Thread 0x0000025146bb7640 Exception <a 'java/lang/ClassNotFoundException'{0x000000074d1b2d08}: sun/awt/resources/spi/awtProvider> (0x000000074d1b2d08) 
thrown [s\open\src\hotspot\share\classfile\systemDictionary.cpp, line 256]
Event: 0.136 Thread 0x0000025146bb7640 Exception <a 'java/io/FileNotFoundException'{0x000000074ce0b230}> (0x000000074ce0b230) 
thrown [s\open\src\hotspot\share\prims\jni.cpp, line 516]
Event: 0.144 Thread 0x0000025146bb7640 Exception <a 'java/io/FileNotFoundException'{0x000000074ce381b8}> (0x000000074ce381b8) 
thrown [s\open\src\hotspot\share\prims\jni.cpp, line 516]
Event: 0.178 Thread 0x0000025146bb7640 Exception <a 'java/lang/NoSuchMethodError'{0x000000074ce6ee70}: 'java.lang.Object java.lang.invoke.DirectMethodHandle$Holder.invokeStaticInit(java.lang.Object)'> (0x000000074ce6ee70) 
thrown [s\open\src\hotspot\share\interpreter\linkResolver.cpp, line 759]
Event: 0.215 Thread 0x0000025146bb7640 Exception <a 'java/lang/NoSuchMethodError'{0x000000074ceb43e8}: 'void java.lang.invoke.DirectMethodHandle$Holder.invokeSpecial(java.lang.Object, java.lang.Object, java.lang.Object)'> (0x000000074ceb43e8) 
thrown [s\open\src\hotspot\share\interpreter\linkResolver.cpp, line 759]
Event: 0.228 Thread 0x0000025146bb7640 Exception <a 'java/lang/NoSuchMethodError'{0x000000074cf1bea0}: 'java.lang.Object java.lang.invoke.DirectMethodHandle$Holder.newInvokeSpecial(java.lang.Object, java.lang.Object, java.lang.Object, java.lang.Object, java.lang.Object)'> (0x000000074cf1bea0) 
thrown [s\open\src\hotspot\share\interpreter\linkResolver.cpp, line 759]
Event: 0.231 Thread 0x0000025146bb7640 Exception <a 'java/lang/NoSuchMethodError'{0x000000074cf27868}: 'java.lang.Object java.lang.invoke.DirectMethodHandle$Holder.invokeStatic(java.lang.Object, int, java.lang.Object, java.lang.Object, java.lang.Object, java.lang.Object)'> (0x000000074cf27868) 
thrown [s\open\src\hotspot\share\interpreter\linkResolver.cpp, line 759]
Event: 0.239 Thread 0x0000025146bb7640 Exception <a 'java/lang/NoSuchMethodError'{0x000000074cf4d290}: 'java.lang.Object java.lang.invoke.DirectMethodHandle$Holder.invokeStatic(java.lang.Object, int, java.lang.Object)'> (0x000000074cf4d290) 
thrown [s\open\src\hotspot\share\interpreter\linkResolver.cpp, line 759]
Event: 0.281 Thread 0x0000025146bb7640 Exception <a 'java/lang/ClassNotFoundException'{0x000000074cc08058}: com/sun/swing/internal/plaf/metal/resources/spi/metalProvider> (0x000000074cc08058) 
thrown [s\open\src\hotspot\share\classfile\systemDictionary.cpp, line 256]
Event: 0.283 Thread 0x0000025146bb7640 Exception <a 'java/lang/ClassNotFoundException'{0x000000074cc0bcb8}: com/sun/swing/internal/plaf/basic/resources/spi/basicProvider> (0x000000074cc0bcb8) 
thrown [s\open\src\hotspot\share\classfile\systemDictionary.cpp, line 256]
Event: 0.285 Thread 0x0000025146bb7640 Exception <a 'java/lang/NoSuchMethodError'{0x000000074cc149e0}: 'void java.lang.invoke.DirectMethodHandle$Holder.invokeStatic(java.lang.Object, java.lang.Object, java.lang.Object)'> (0x000000074cc149e0) 
thrown [s\open\src\hotspot\share\interpreter\linkResolver.cpp, line 759]
Event: 0.286 Thread 0x0000025146bb7640 Exception <a 'java/lang/NoSuchMethodError'{0x000000074cc1adc0}: 'void java.lang.invoke.DirectMethodHandle$Holder.invokeStatic(java.lang.Object, java.lang.Object)'> (0x000000074cc1adc0) 
thrown [s\open\src\hotspot\share\interpreter\linkResolver.cpp, line 759]
Event: 0.305 Thread 0x000002516b3a8490 Exception <a 'java/lang/NoSuchMethodError'{0x000000074cc4b6e8}: 'java.lang.Object java.lang.invoke.DirectMethodHandle$Holder.newInvokeSpecial(java.lang.Object, java.lang.Object, java.lang.Object, int, int, int, int, int)'> (0x000000074cc4b6e8) 
thrown [s\open\src\hotspot\share\interpreter\linkResolver.cpp, line 759]
Event: 1.194 Thread 0x0000025146bb7640 Exception <a 'java/lang/NoSuchMethodError'{0x000000074c6f4e40}: 'void java.lang.invoke.DirectMethodHandle$Holder.invokeStaticInit(java.lang.Object)'> (0x000000074c6f4e40) 
thrown [s\open\src\hotspot\share\interpreter\linkResolver.cpp, line 759]
Event: 1.280 Thread 0x000002516b35dc20 Exception <a 'java/lang/NoSuchMethodError'{0x000000074cec86a0}: 'void java.lang.invoke.DirectMethodHandle$Holder.invokeVirtual(java.lang.Object, java.lang.Object)'> (0x000000074cec86a0) 
thrown [s\open\src\hotspot\share\interpreter\linkResolver.cpp, line 759]
Event: 5.216 Thread 0x000002516b3ede70 Implicit null exception at 0x0000025155f9e014 to 0x0000025155f9e184
Event: 5.270 Thread 0x000002516b3ede70 Exception <a 'java/lang/NoSuchMethodError'{0x000000074c904138}: 'int java.lang.invoke.DirectMethodHandle$Holder.invokeStatic(java.lang.Object)'> (0x000000074c904138) 
thrown [s\open\src\hotspot\share\interpreter\linkResolver.cpp, line 759]
Event: 10.806 Thread 0x000002516b3ede70 Exception <a 'java/lang/NoSuchMethodError'{0x0000000750f066f8}: 'java.lang.Object java.lang.invoke.DirectMethodHandle$Holder.invokeStaticInit(java.lang.Object, int, int, int, int)'> (0x0000000750f066f8) 
thrown [s\open\src\hotspot\share\interpreter\linkResolver.cpp, line 759]
Event: 10.930 Thread 0x000002516b3ede70 Exception <a 'java/lang/NoSuchMethodError'{0x000000074a1189f8}: 'java.lang.Object java.lang.invoke.DirectMethodHandle$Holder.invokeStaticInit(java.lang.Object, java.lang.Object, int, int, int, int)'> (0x000000074a1189f8) 
thrown [s\open\src\hotspot\share\interpreter\linkResolver.cpp, line 759]
Event: 10.973 Thread 0x000002516b3ede70 Exception <a 'java/lang/NullPointerException'{0x00000007540034f0}> (0x00000007540034f0) 
thrown [s\open\src\hotspot\share\interpreter\linkResolver.cpp, line 1350]

VM Operations (20 events):
Event: 94.952 Executing VM operation: G1CollectForAllocation
Event: 94.953 Executing VM operation: G1CollectForAllocation done
Event: 95.126 Executing VM operation: G1CollectForAllocation
Event: 95.127 Executing VM operation: G1CollectForAllocation done
Event: 95.379 Executing VM operation: G1CollectForAllocation
Event: 95.380 Executing VM operation: G1CollectForAllocation done
Event: 95.543 Executing VM operation: G1CollectForAllocation
Event: 95.544 Executing VM operation: G1CollectForAllocation done
Event: 95.693 Executing VM operation: G1CollectForAllocation
Event: 95.694 Executing VM operation: G1CollectForAllocation done
Event: 95.855 Executing VM operation: G1CollectForAllocation
Event: 95.856 Executing VM operation: G1CollectForAllocation done
Event: 96.008 Executing VM operation: G1CollectForAllocation
Event: 96.009 Executing VM operation: G1CollectForAllocation done
Event: 96.162 Executing VM operation: G1CollectForAllocation
Event: 96.163 Executing VM operation: G1CollectForAllocation done
Event: 96.309 Executing VM operation: G1CollectForAllocation
Event: 96.310 Executing VM operation: G1CollectForAllocation done
Event: 96.492 Executing VM operation: G1CollectForAllocation
Event: 96.493 Executing VM operation: G1CollectForAllocation done

Events (20 events):
Event: 94.408 Thread 0x000002516b6e6020 Thread added: 0x000002516b6e6020
Event: 94.410 Thread 0x000002516b6e6020 Thread exited: 0x000002516b6e6020
Event: 94.907 Thread 0x000002516b6e6020 Thread added: 0x000002516b6e6020
Event: 94.908 Thread 0x000002516b6e6020 Thread exited: 0x000002516b6e6020
Event: 94.909 Thread 0x000002516b6e6020 Thread added: 0x000002516b6e6020
Event: 94.911 Thread 0x000002516b6e6020 Thread exited: 0x000002516b6e6020
Event: 95.407 Thread 0x000002516b6e6020 Thread added: 0x000002516b6e6020
Event: 95.408 Thread 0x000002516b6e6020 Thread exited: 0x000002516b6e6020
Event: 95.408 Thread 0x000002516b6e6020 Thread added: 0x000002516b6e6020
Event: 95.408 Thread 0x000002516b6e6020 Thread exited: 0x000002516b6e6020
Event: 95.907 Thread 0x000002516b6e6020 Thread added: 0x000002516b6e6020
Event: 95.908 Thread 0x000002516b6e6020 Thread exited: 0x000002516b6e6020
Event: 95.908 Thread 0x000002516b6e6020 Thread added: 0x000002516b6e6020
Event: 95.908 Thread 0x000002516b6e6020 Thread exited: 0x000002516b6e6020
Event: 96.407 Thread 0x000002516b6e6020 Thread added: 0x000002516b6e6020
Event: 96.410 Thread 0x000002516b6e6020 Thread exited: 0x000002516b6e6020
Event: 96.410 Thread 0x000002516b6e6020 Thread added: 0x000002516b6e6020
Event: 96.411 Thread 0x000002516b6e6020 Thread exited: 0x000002516b6e6020
Event: 96.488 Thread 0x000002516b6e7360 Thread exited: 0x000002516b6e7360
Event: 96.489 Thread 0x000002516b6e6e90 Thread exited: 0x000002516b6e6e90


Dynamic libraries:
0x00007ff734890000 - 0x00007ff7348a0000 	C:\Program Files\Java\jdk-17\bin\java.exe
0x00007fff41170000 - 0x00007fff41368000 	C:\Windows\SYSTEM32\ntdll.dll
0x00007fff40a70000 - 0x00007fff40b2d000 	C:\Windows\System32\KERNEL32.DLL
0x00007fff3e8d0000 - 0x00007fff3ebc6000 	C:\Windows\System32\KERNELBASE.dll
0x00007fff3ec80000 - 0x00007fff3ed80000 	C:\Windows\System32\ucrtbase.dll
0x00007fff399b0000 - 0x00007fff399cb000 	C:\Program Files\Java\jdk-17\bin\VCRUNTIME140.dll
0x00007fff1c710000 - 0x00007fff1c729000 	C:\Program Files\Java\jdk-17\bin\jli.dll
0x00007fff3f910000 - 0x00007fff3f9c0000 	C:\Windows\System32\ADVAPI32.dll
0x00007fff40cc0000 - 0x00007fff40d5e000 	C:\Windows\System32\msvcrt.dll
0x00007fff3f280000 - 0x00007fff3f320000 	C:\Windows\System32\sechost.dll
0x00007fff41000000 - 0x00007fff41125000 	C:\Windows\System32\RPCRT4.dll
0x00007fff3e850000 - 0x00007fff3e877000 	C:\Windows\System32\bcrypt.dll
0x00007fff3fdb0000 - 0x00007fff3ff4e000 	C:\Windows\System32\USER32.dll
0x00007fff3e820000 - 0x00007fff3e842000 	C:\Windows\System32\win32u.dll
0x00007fff242b0000 - 0x00007fff2454a000 	C:\Windows\WinSxS\amd64_microsoft.windows.common-controls_6595b64144ccf1df_6.0.19041.3636_none_60b6a03d71f818d5\COMCTL32.dll
0x00007fff3f1a0000 - 0x00007fff3f1cb000 	C:\Windows\System32\GDI32.dll
0x00007fff3eee0000 - 0x00007fff3eff7000 	C:\Windows\System32\gdi32full.dll
0x00007fff3f000000 - 0x00007fff3f09d000 	C:\Windows\System32\msvcp_win.dll
0x00007fff37cd0000 - 0x00007fff37cda000 	C:\Windows\SYSTEM32\VERSION.dll
0x00007fff3f320000 - 0x00007fff3f352000 	C:\Windows\System32\IMM32.DLL
0x00007fff35760000 - 0x00007fff3576c000 	C:\Program Files\Java\jdk-17\bin\vcruntime140_1.dll
0x00007fff1ba80000 - 0x00007fff1bb0e000 	C:\Program Files\Java\jdk-17\bin\msvcp140.dll
0x00007ffecee60000 - 0x00007ffecfa3e000 	C:\Program Files\Java\jdk-17\bin\server\jvm.dll
0x00007fff3f360000 - 0x00007fff3f368000 	C:\Windows\System32\PSAPI.DLL
0x00007fff39e50000 - 0x00007fff39e59000 	C:\Windows\SYSTEM32\WSOCK32.dll
0x00007fff27360000 - 0x00007fff27387000 	C:\Windows\SYSTEM32\WINMM.dll
0x00007fff40810000 - 0x00007fff4087b000 	C:\Windows\System32\WS2_32.dll
0x00007fff3c6d0000 - 0x00007fff3c6e2000 	C:\Windows\SYSTEM32\kernel.appcore.dll
0x00007fff2dfb0000 - 0x00007fff2dfba000 	C:\Program Files\Java\jdk-17\bin\jimage.dll
0x00007fff2b910000 - 0x00007fff2baf4000 	C:\Windows\SYSTEM32\DBGHELP.DLL
0x00007fff2c250000 - 0x00007fff2c284000 	C:\Windows\SYSTEM32\dbgcore.DLL
0x00007fff3f110000 - 0x00007fff3f192000 	C:\Windows\System32\bcryptPrimitives.dll
0x00007fff1c7c0000 - 0x00007fff1c7e5000 	C:\Program Files\Java\jdk-17\bin\java.dll
0x00007fff1bd90000 - 0x00007fff1be67000 	C:\Program Files\Java\jdk-17\bin\jsvml.dll
0x00007fff400a0000 - 0x00007fff4080b000 	C:\Windows\System32\SHELL32.dll
0x00007fff3c8d0000 - 0x00007fff3d06e000 	C:\Windows\SYSTEM32\windows.storage.dll
0x00007fff3fa50000 - 0x00007fff3fda3000 	C:\Windows\System32\combase.dll
0x00007fff3e180000 - 0x00007fff3e1ae000 	C:\Windows\SYSTEM32\Wldp.dll
0x00007fff3f370000 - 0x00007fff3f43d000 	C:\Windows\System32\OLEAUT32.dll
0x00007fff3f1d0000 - 0x00007fff3f27d000 	C:\Windows\System32\SHCORE.dll
0x00007fff40de0000 - 0x00007fff40e35000 	C:\Windows\System32\shlwapi.dll
0x00007fff3e750000 - 0x00007fff3e775000 	C:\Windows\SYSTEM32\profapi.dll
0x00007fff24550000 - 0x00007fff24569000 	C:\Program Files\Java\jdk-17\bin\net.dll
0x00007fff364d0000 - 0x00007fff365da000 	C:\Windows\SYSTEM32\WINHTTP.dll
0x00007fff3dee0000 - 0x00007fff3df4a000 	C:\Windows\system32\mswsock.dll
0x00007fff1e2b0000 - 0x00007fff1e2c6000 	C:\Program Files\Java\jdk-17\bin\nio.dll
0x00007fff1cfc0000 - 0x00007fff1cfd8000 	C:\Program Files\Java\jdk-17\bin\zip.dll
0x00007fff0e390000 - 0x00007fff0e521000 	C:\Program Files\Java\jdk-17\bin\awt.dll
0x00007fff3c030000 - 0x00007fff3c0c0000 	C:\Windows\SYSTEM32\apphelp.dll
0x00007fff3c200000 - 0x00007fff3c29e000 	C:\Windows\system32\uxtheme.dll
0x00007fff3ff60000 - 0x00007fff40075000 	C:\Windows\System32\MSCTF.dll
0x00007fff40b90000 - 0x00007fff40cbb000 	C:\Windows\System32\ole32.dll
0x00007fff3c2e0000 - 0x00007fff3c30f000 	C:\Windows\system32\DWMAPI.DLL
0x00007fff20ae0000 - 0x00007fff20b90000 	C:\Windows\WinSxS\amd64_microsoft.windows.common-controls_6595b64144ccf1df_5.82.19041.3636_none_7931fb75243f97c8\comctl32.dll
0x00007fff1b9f0000 - 0x00007fff1ba76000 	C:\Program Files\Java\jdk-17\bin\freetype.dll
0x00007fff12800000 - 0x00007fff128d3000 	C:\Program Files\Java\jdk-17\bin\fontmanager.dll
0x00007fff130d0000 - 0x00007fff131f5000 	C:\Windows\system32\opengl32.dll
0x00007fff130a0000 - 0x00007fff130cc000 	C:\Windows\SYSTEM32\GLU32.dll
0x00007fff343e0000 - 0x00007fff3441b000 	C:\Windows\SYSTEM32\dxcore.dll
0x00007fff3e880000 - 0x00007fff3e8ce000 	C:\Windows\System32\cfgmgr32.dll
0x00007fff408e0000 - 0x00007fff40989000 	C:\Windows\System32\clbcatq.dll
0x00007fff3a030000 - 0x00007fff3a126000 	C:\Windows\SYSTEM32\PROPSYS.dll
0x00007fff1d6f0000 - 0x00007fff1d707000 	C:\Windows\system32\NetworkExplorer.dll
0x00007fff23fc0000 - 0x00007fff23fdd000 	C:\Windows\SYSTEM32\MPR.dll
0x00007fff3a4a0000 - 0x00007fff3a4ab000 	C:\Windows\System32\drprov.dll
0x00007fff3e550000 - 0x00007fff3e5ab000 	C:\Windows\System32\WINSTA.dll
0x00007fff38f80000 - 0x00007fff38f9f000 	C:\Windows\System32\ntlanman.dll
0x00007fff358e0000 - 0x00007fff358fe000 	C:\Windows\System32\davclnt.dll
0x00007fff38460000 - 0x00007fff3846d000 	C:\Windows\System32\DAVHLPR.dll
0x00007fff3d930000 - 0x00007fff3d949000 	C:\Windows\System32\wkscli.dll
0x00007fff129d0000 - 0x00007fff129e2000 	C:\Windows\SYSTEM32\cscapi.dll
0x00007fff3dce0000 - 0x00007fff3dcec000 	C:\Windows\System32\netutils.dll
0x00007fff0a300000 - 0x00007fff0a356000 	C:\Windows\System32\dlnashext.dll
0x00007fff1be80000 - 0x00007fff1bee4000 	C:\Windows\System32\PlayToDevice.dll
0x00007fff3a440000 - 0x00007fff3a460000 	C:\Windows\System32\DevDispItemProvider.dll
0x00007fff38ea0000 - 0x00007fff38f25000 	C:\Windows\System32\MMDevApi.dll
0x00007fff3e4e0000 - 0x00007fff3e513000 	C:\Windows\System32\DEVOBJ.dll
0x00007fff126d0000 - 0x00007fff12771000 	C:\Windows\system32\wpdshext.dll
0x00007fff2bb30000 - 0x00007fff2bcd7000 	C:\Windows\WinSxS\amd64_microsoft.windows.gdiplus_6595b64144ccf1df_1.1.19041.3996_none_91a79472cc852ba0\gdiplus.dll
0x00007fff39870000 - 0x00007fff39913000 	C:\Windows\System32\PortableDeviceApi.dll
0x00007fff3f440000 - 0x00007fff3f8ae000 	C:\Windows\System32\SETUPAPI.dll
0x00007fff3f0a0000 - 0x00007fff3f107000 	C:\Windows\System32\WINTRUST.dll
0x00007fff3ed80000 - 0x00007fff3eedd000 	C:\Windows\System32\CRYPT32.dll
0x00007fff3e310000 - 0x00007fff3e322000 	C:\Windows\System32\MSASN1.dll
0x00007fff2f2b0000 - 0x00007fff2f2e7000 	C:\Windows\System32\EhStorShell.dll
0x00007fff1c6c0000 - 0x00007fff1c6e6000 	C:\Windows\System32\EhStorAPI.dll
0x00007fff39c80000 - 0x00007fff39c94000 	C:\Windows\System32\WTSAPI32.dll
0x00007fff3a430000 - 0x00007fff3a43d000 	C:\Windows\SYSTEM32\LINKINFO.dll
0x00007fff38080000 - 0x00007fff38234000 	C:\Windows\SYSTEM32\WindowsCodecs.dll
0x00007fff39ef0000 - 0x00007fff39f2e000 	C:\Windows\system32\dataexchange.dll
0x00007fff3b070000 - 0x00007fff3b2d3000 	C:\Windows\system32\d3d11.dll
0x00007fff3b7a0000 - 0x00007fff3b983000 	C:\Windows\system32\dcomp.dll
0x00007fff3d0d0000 - 0x00007fff3d1c3000 	C:\Windows\system32\dxgi.dll
0x00007fff377b0000 - 0x00007fff379b3000 	C:\Windows\system32\twinapi.appcore.dll
0x00007fff2ec80000 - 0x00007fff2ed79000 	C:\Windows\SYSTEM32\textinputframework.dll
0x00007fff3b440000 - 0x00007fff3b79b000 	C:\Windows\System32\CoreUIComponents.dll
0x00007fff3bd10000 - 0x00007fff3be02000 	C:\Windows\System32\CoreMessaging.dll
0x00007fff3d950000 - 0x00007fff3d983000 	C:\Windows\SYSTEM32\ntmarta.dll
0x00007fff3a4f0000 - 0x00007fff3a645000 	C:\Windows\SYSTEM32\wintypes.dll
0x00007fff2bd60000 - 0x00007fff2bdc6000 	C:\Windows\system32\Oleacc.dll
0x00007fff2be90000 - 0x00007fff2bea0000 	C:\Program Files\Java\jdk-17\bin\verify.dll
0x00007fff3e0d0000 - 0x00007fff3e0e8000 	C:\Windows\SYSTEM32\CRYPTSP.dll
0x00007fff3d810000 - 0x00007fff3d844000 	C:\Windows\system32\rsaenh.dll
0x00007fff3e710000 - 0x00007fff3e73e000 	C:\Windows\SYSTEM32\USERENV.dll
0x00007fff3e0f0000 - 0x00007fff3e0fc000 	C:\Windows\SYSTEM32\CRYPTBASE.dll
0x00007fff3dbd0000 - 0x00007fff3dc0b000 	C:\Windows\SYSTEM32\IPHLPAPI.DLL
0x00007fff40e40000 - 0x00007fff40e48000 	C:\Windows\System32\NSI.dll
0x00007fff37060000 - 0x00007fff37077000 	C:\Windows\SYSTEM32\dhcpcsvc6.DLL
0x00007fff37d00000 - 0x00007fff37d1d000 	C:\Windows\SYSTEM32\dhcpcsvc.DLL
0x00007fff3dc10000 - 0x00007fff3dcdb000 	C:\Windows\SYSTEM32\DNSAPI.dll
0x00007fff1b9b0000 - 0x00007fff1b9e7000 	C:\Users\Michael Balibrea\AppData\Local\Temp\jna-Michael Balibrea\jna17060765170897518848.dll
0x00007fff17d70000 - 0x00007fff17da4000 	C:\Program Files\VideoLAN\VLC\libvlc.dll
0x00007ffec9840000 - 0x00007ffec9af6000 	C:\Program Files\VideoLAN\VLC\libvlccore.dll
0x00007fff1b990000 - 0x00007fff1b9a8000 	C:\Program Files\VideoLAN\VLC\plugins\logger\libfile_logger_plugin.dll
0x00007fff17d50000 - 0x00007fff17d67000 	C:\Program Files\VideoLAN\VLC\plugins\logger\libconsole_logger_plugin.dll
0x00007fff17d30000 - 0x00007fff17d41000 	C:\Program Files\VideoLAN\VLC\plugins\keystore\libmemory_keystore_plugin.dll
0x00007fff17ca0000 - 0x00007fff17cb7000 	C:\Program Files\VideoLAN\VLC\plugins\audio_output\libmmdevice_plugin.dll
0x00007fff393f0000 - 0x00007fff39572000 	C:\Windows\SYSTEM32\AUDIOSES.DLL
0x00007fff3e5d0000 - 0x00007fff3e61b000 	C:\Windows\SYSTEM32\powrprof.dll
0x00007fff3e5b0000 - 0x00007fff3e5c2000 	C:\Windows\SYSTEM32\UMPDC.dll
0x00007fff2f060000 - 0x00007fff2f1a1000 	C:\Windows\System32\Windows.UI.dll
0x00007fff37d20000 - 0x00007fff37dc1000 	C:\Windows\System32\WindowManagementAPI.dll
0x00007fff2ef00000 - 0x00007fff2f052000 	C:\Windows\System32\InputHost.dll
0x00007fff3be70000 - 0x00007fff3be77000 	C:\Program Files\Java\jdk-17\bin\jawt.dll
0x00007ffeea4e0000 - 0x00007ffeea6eb000 	C:\Program Files\VideoLAN\VLC\plugins\access\liblibbluray_plugin.dll
0x00007fff12680000 - 0x00007fff126c1000 	C:\Program Files\VideoLAN\VLC\plugins\access\libdvdnav_plugin.dll
0x00007fff12650000 - 0x00007fff12671000 	C:\Program Files\VideoLAN\VLC\plugins\access\libvdr_plugin.dll
0x00007fff17c80000 - 0x00007fff17c98000 	C:\Program Files\VideoLAN\VLC\plugins\access\libfilesystem_plugin.dll

dbghelp: loaded successfully - version: 4.0.5 - missing functions: none
symbol engine: initialized successfully - sym options: 0x614 - pdb path: .;C:\Program Files\Java\jdk-17\bin;C:\Windows\SYSTEM32;C:\Windows\WinSxS\amd64_microsoft.windows.common-controls_6595b64144ccf1df_6.0.19041.3636_none_60b6a03d71f818d5;C:\Program Files\Java\jdk-17\bin\server;C:\Windows\WinSxS\amd64_microsoft.windows.common-controls_6595b64144ccf1df_5.82.19041.3636_none_7931fb75243f97c8;C:\Windows\WinSxS\amd64_microsoft.windows.gdiplus_6595b64144ccf1df_1.1.19041.3996_none_91a79472cc852ba0;C:\Users\Michael Balibrea\AppData\Local\Temp\jna-Michael Balibrea;C:\Program Files\VideoLAN\VLC;C:\Program Files\VideoLAN\VLC\plugins\logger;C:\Program Files\VideoLAN\VLC\plugins\keystore;C:\Program Files\VideoLAN\VLC\plugins\audio_output;C:\Program Files\VideoLAN\VLC\plugins\access;C:\Program Files\VideoLAN\VLC\plugins\stream_filter;C:\Program Files\VideoLAN\VLC\plugins\demux;C:\Program Files\VideoLAN\VLC\plugins\lua;C:\Program Files\VideoLAN\VLC\plugins\stream_extractor;C:\Program Files\VideoLAN\VLC\plugins\codec;C:\Program Files\VideoLAN\VLC\plugins\meta_engine;C:\Program Files\VideoLAN\VLC\plugins\text_renderer;C:\Program Files\VideoLAN\VLC\plugins\video_chroma;C:\Program Files\VideoLAN\VLC\plugins\d3d9;C:\Program Files\VideoLAN\VLC\plugins\d3d11;C:\Program Files\VideoLAN\VLC\plugins\video_output;C:\Windows\System32\DriverStore\FileRepository\iigd_dch.inf_amd64_51f685305808e3a5;C:\Program Files\VideoLAN\VLC\plugins\audio_mixer;C:\Program Files\VideoLAN\VLC\plugins\audio_filter

VM Arguments:
java_command: happybuttons.HappyButtons
java_class_path (initial): C:\Users\Michael Balibrea\Documents\NetBeansProjects\HappyButtons\target\classes;C:\Users\Michael Balibrea\.m2\repository\org\netbeans\external\AbsoluteLayout\RELEASE180\AbsoluteLayout-RELEASE180.jar;C:\Users\Michael Balibrea\.m2\repository\uk\co\caprica\vlcj\3.0.1\vlcj-3.0.1.jar;C:\Users\Michael Balibrea\.m2\repository\net\java\dev\jna\jna\3.5.2\jna-3.5.2.jar;C:\Users\Michael Balibrea\.m2\repository\net\java\dev\jna\platform\3.5.2\platform-3.5.2.jar
Launcher Type: SUN_STANDARD

[Global flags]
     intx CICompilerCount                          = 3                                         {product} {ergonomic}
     uint ConcGCThreads                            = 1                                         {product} {ergonomic}
     uint G1ConcRefinementThreads                  = 4                                         {product} {ergonomic}
   size_t G1HeapRegionSize                         = 2097152                                   {product} {ergonomic}
    uintx GCDrainStackTargetSize                   = 64                                        {product} {ergonomic}
   size_t InitialHeapSize                          = 201326592                                 {product} {ergonomic}
   size_t MarkStackSize                            = 4194304                                   {product} {ergonomic}
   size_t MaxHeapSize                              = 3202351104                                {product} {ergonomic}
   size_t MaxNewSize                               = 1920991232                                {product} {ergonomic}
   size_t MinHeapDeltaBytes                        = 2097152                                   {product} {ergonomic}
   size_t MinHeapSize                              = 8388608                                   {product} {ergonomic}
    uintx NonNMethodCodeHeapSize                   = 5832780                                {pd product} {ergonomic}
    uintx NonProfiledCodeHeapSize                  = 122912730                              {pd product} {ergonomic}
    uintx ProfiledCodeHeapSize                     = 122912730                              {pd product} {ergonomic}
    uintx ReservedCodeCacheSize                    = 251658240                              {pd product} {ergonomic}
     bool SegmentedCodeCache                       = true                                      {product} {ergonomic}
   size_t SoftMaxHeapSize                          = 3202351104                             {manageable} {ergonomic}
     bool UseCompressedClassPointers               = true                           {product lp64_product} {ergonomic}
     bool UseCompressedOops                        = true                           {product lp64_product} {ergonomic}
     bool UseG1GC                                  = true                                      {product} {ergonomic}
     bool UseLargePagesIndividualAllocation        = false                                  {pd product} {ergonomic}

Logging:
Log output configuration:
 #0: stdout all=warning uptime,level,tags
 #1: stderr all=off uptime,level,tags

Environment Variables:
JAVA_HOME=C:\Program Files\Java\jdk-17
PATH=C:\Program Files\Java\jdk-17\bin;C:\Program Files\Common Files\Oracle\Java\javapath;C:\Program Files (x86)\Common Files\Oracle\Java\javapath;C:\Windows\system32;C:\Windows;C:\Windows\System32\Wbem;C:\Windows\System32\WindowsPowerShell\v1.0\;C:\Windows\System32\OpenSSH\;C:\Program Files\Git\cmd;C:\xampp\php;C:\composer;C:\Users\Michael Balibrea\AppData\Local\Microsoft\WindowsApps;C:\Users\Michael Balibrea\AppData\Local\Programs\Microsoft VS Code\bin;C:\Users\Michael Balibrea\AppData\Local\GitHubDesktop\bin;C:\Users\Michael Balibrea\AppData\Roaming\Composer\vendor\bin
USERNAME=Michael Balibrea
OS=Windows_NT
PROCESSOR_IDENTIFIER=Intel64 Family 6 Model 78 Stepping 3, GenuineIntel



---------------  S Y S T E M  ---------------

OS:
 Windows 10 , 64 bit Build 19041 (10.0.19041.3636)
OS uptime: 0 days 4:47 hours

CPU: total 4 (initial active 4) (2 cores per cpu, 2 threads per core) family 6 model 78 stepping 3 microcode 0xcc, cx8, cmov, fxsr, ht, mmx, 3dnowpref, sse, sse2, sse3, ssse3, sse4.1, sse4.2, popcnt, lzcnt, tsc, tscinvbit, avx, avx2, aes, erms, clmul, bmi1, bmi2, adx, fma, vzeroupper, clflush, clflushopt

Memory: 4k page, system-wide physical 12210M (6129M free)
TotalPageFile size 14066M (AvailPageFile size 6525M)
current process WorkingSet (physical memory assigned to process): 439M, peak: 667M
current process commit charge ("private bytes"): 527M, peak: 762M

vm_info: Java HotSpot(TM) 64-Bit Server VM (17.0.8+9-LTS-211) for windows-amd64 JRE (17.0.8+9-LTS-211), built on Jun 14 2023 10:34:31 by "mach5one" with MS VC++ 17.1 (VS2022)

END.
