#
# A fatal error has been detected by the Java Runtime Environment:
#
#  EXCEPTION_ACCESS_VIOLATION (0xc0000005) at pc=0x00007fff411d34f6, pid=7876, tid=7868
#
# JRE version: Java(TM) SE Runtime Environment (17.0.8+9) (build 17.0.8+9-LTS-211)
# Java VM: Java HotSpot(TM) 64-Bit Server VM (17.0.8+9-LTS-211, mixed mode, sharing, tiered, compressed oops, compressed class ptrs, g1 gc, windows-amd64)
# Problematic frame:
# C  [ntdll.dll+0x634f6]
#
# No core dump will be written. Minidumps are not enabled by default on client versions of Windows
#
# If you would like to submit a bug report, please visit:
#   https://bugreport.java.com/bugreport/crash.jsp
# The crash happened outside the Java Virtual Machine in native code.
# See problematic frame for where to report the bug.
#

---------------  S U M M A R Y ------------

Command Line: happybuttons.HappyButtons

Host: Intel(R) Core(TM) i5-6200U CPU @ 2.30GHz, 4 cores, 11G,  Windows 10 , 64 bit Build 19041 (10.0.19041.3636)
Time: Thu Mar 14 13:23:54 2024 Malay Peninsula Standard Time elapsed time: 46.757967 seconds (0d 0h 0m 46s)

---------------  T H R E A D  ---------------

Current thread (0x0000016ffd365260):  JavaThread "AWT-EventQueue-0" [_thread_in_native, id=7868, stack(0x0000004970f00000,0x0000004971000000)]

Stack: [0x0000004970f00000,0x0000004971000000],  sp=0x0000004970ffd740,  free space=1013k
Native frames: (J=compiled Java code, j=interpreted, Vv=VM code, C=native code)
C  [ntdll.dll+0x634f6]
C  [ntdll.dll+0x2fcb4]
C  [ntdll.dll+0x2fae2]
C  [libvlc.dll+0xfc3a]

Java frames: (J=compiled Java code, j=interpreted, Vv=VM code)
j  com.sun.jna.Native.invokeVoid(JI[Ljava/lang/Object;)V+0
j  com.sun.jna.Function.invoke([Ljava/lang/Object;Ljava/lang/Class;Z)Ljava/lang/Object;+48
j  com.sun.jna.Function.invoke(Ljava/lang/Class;[Ljava/lang/Object;Ljava/util/Map;)Ljava/lang/Object;+214
j  com.sun.jna.Library$Handler.invoke(Ljava/lang/Object;Ljava/lang/reflect/Method;[Ljava/lang/Object;)Ljava/lang/Object;+341
j  jdk.proxy2.$Proxy3.libvlc_media_player_stop(Luk/co/caprica/vlcj/binding/internal/libvlc_media_player_t;)V+16 jdk.proxy2
j  uk.co.caprica.vlcj.player.DefaultMediaPlayer.stop()V+17
j  happybuttons.VLCFrame$1.actionPerformed(Ljava/awt/event/ActionEvent;)V+30
j  javax.swing.AbstractButton.fireActionPerformed(Ljava/awt/event/ActionEvent;)V+84 java.desktop@17.0.8
j  javax.swing.AbstractButton$Handler.actionPerformed(Ljava/awt/event/ActionEvent;)V+5 java.desktop@17.0.8
j  javax.swing.DefaultButtonModel.fireActionPerformed(Ljava/awt/event/ActionEvent;)V+34 java.desktop@17.0.8
j  javax.swing.DefaultButtonModel.setPressed(Z)V+117 java.desktop@17.0.8
j  javax.swing.plaf.basic.BasicButtonListener.mouseReleased(Ljava/awt/event/MouseEvent;)V+35 java.desktop@17.0.8
j  java.awt.AWTEventMulticaster.mouseReleased(Ljava/awt/event/MouseEvent;)V+8 java.desktop@17.0.8
j  java.awt.Component.processMouseEvent(Ljava/awt/event/MouseEvent;)V+64 java.desktop@17.0.8
j  javax.swing.JComponent.processMouseEvent(Ljava/awt/event/MouseEvent;)V+23 java.desktop@17.0.8
J 3891 c1 java.awt.Component.processEvent(Ljava/awt/AWTEvent;)V java.desktop@17.0.8 (220 bytes) @ 0x0000016fe4fcd4bc [0x0000016fe4fcce80+0x000000000000063c]
J 3251 c1 java.awt.Container.processEvent(Ljava/awt/AWTEvent;)V java.desktop@17.0.8 (22 bytes) @ 0x0000016fe4e392ac [0x0000016fe4e38f60+0x000000000000034c]
J 3188 c1 java.awt.Component.dispatchEventImpl(Ljava/awt/AWTEvent;)V java.desktop@17.0.8 (777 bytes) @ 0x0000016fe4e11394 [0x0000016fe4e0d800+0x0000000000003b94]
J 2673 c1 java.awt.Container.dispatchEventImpl(Ljava/awt/AWTEvent;)V java.desktop@17.0.8 (129 bytes) @ 0x0000016fe4ce96fc [0x0000016fe4ce95c0+0x000000000000013c]
J 3758 c1 java.awt.LightweightDispatcher.retargetMouseEvent(Ljava/awt/Component;ILjava/awt/event/MouseEvent;)V java.desktop@17.0.8 (372 bytes) @ 0x0000016fe4f62cec [0x0000016fe4f60420+0x00000000000028cc]
J 3271 c1 java.awt.LightweightDispatcher.processMouseEvent(Ljava/awt/event/MouseEvent;)Z java.desktop@17.0.8 (265 bytes) @ 0x0000016fe4e46094 [0x0000016fe4e450a0+0x0000000000000ff4]
J 3201 c1 java.awt.LightweightDispatcher.dispatchEvent(Ljava/awt/AWTEvent;)Z java.desktop@17.0.8 (73 bytes) @ 0x0000016fe4e1b854 [0x0000016fe4e1b400+0x0000000000000454]
J 2673 c1 java.awt.Container.dispatchEventImpl(Ljava/awt/AWTEvent;)V java.desktop@17.0.8 (129 bytes) @ 0x0000016fe4ce969c [0x0000016fe4ce95c0+0x00000000000000dc]
J 3192 c1 java.awt.Window.dispatchEventImpl(Ljava/awt/AWTEvent;)V java.desktop@17.0.8 (23 bytes) @ 0x0000016fe4e17914 [0x0000016fe4e17300+0x0000000000000614]
J 2599 c1 java.awt.EventQueue.dispatchEventImpl(Ljava/awt/AWTEvent;Ljava/lang/Object;)V java.desktop@17.0.8 (136 bytes) @ 0x0000016fe4cb4c34 [0x0000016fe4cb4760+0x00000000000004d4]
J 2598 c1 java.awt.EventQueue$4.run()Ljava/lang/Void; java.desktop@17.0.8 (60 bytes) @ 0x0000016fe4cb4024 [0x0000016fe4cb3ee0+0x0000000000000144]
J 2597 c1 java.awt.EventQueue$4.run()Ljava/lang/Object; java.desktop@17.0.8 (5 bytes) @ 0x0000016fe4cb3b94 [0x0000016fe4cb3b20+0x0000000000000074]
J 2459 c1 java.security.ProtectionDomain$JavaSecurityAccessImpl.doIntersectionPrivilege(Ljava/security/PrivilegedAction;Ljava/security/AccessControlContext;Ljava/security/AccessControlContext;)Ljava/lang/Object; java.base@17.0.8 (22 bytes) @ 0x0000016fe4c70534 [0x0000016fe4c702a0+0x0000000000000294]
J 2541 c1 java.awt.EventQueue.dispatchEvent(Ljava/awt/AWTEvent;)V java.desktop@17.0.8 (80 bytes) @ 0x0000016fe4c9346c [0x0000016fe4c92960+0x0000000000000b0c]
J 2544 c1 java.awt.EventDispatchThread.pumpOneEventForFilters(I)V java.desktop@17.0.8 (113 bytes) @ 0x0000016fe4c96eb4 [0x0000016fe4c96820+0x0000000000000694]
j  java.awt.EventDispatchThread.pumpEventsForFilter(ILjava/awt/Conditional;Ljava/awt/EventFilter;)V+35 java.desktop@17.0.8
j  java.awt.EventDispatchThread.pumpEventsForHierarchy(ILjava/awt/Conditional;Ljava/awt/Component;)V+11 java.desktop@17.0.8
j  java.awt.EventDispatchThread.pumpEvents(ILjava/awt/Conditional;)V+4 java.desktop@17.0.8
j  java.awt.EventDispatchThread.pumpEvents(Ljava/awt/Conditional;)V+3 java.desktop@17.0.8
j  java.awt.EventDispatchThread.run()V+9 java.desktop@17.0.8
v  ~StubRoutines::call_stub

siginfo: EXCEPTION_ACCESS_VIOLATION (0xc0000005), writing address 0x0000000000000024


Register to memory mapping:

RIP=0x00007fff411d34f6 ntdll.dll
RAX=0x0 is NULL
RBX=0x0000016ffe3bf2a0 points into unknown readable memory: 0x0000000000000000 | 00 00 00 00 00 00 00 00
RCX=0x0000016ffe3bf2a0 points into unknown readable memory: 0x0000000000000000 | 00 00 00 00 00 00 00 00
RDX=0x00000000fffffffa is an unknown value
RSP=0x0000004970ffd740 is pointing into the stack for thread: 0x0000016ffd365260
RBP=0x0000004970ffd900 is pointing into the stack for thread: 0x0000016ffd365260
RSI=0x0 is NULL
RDI=0x0 is NULL
R8 =0x0 is NULL
R9 =0x0000016ffe3bf200 points into unknown readable memory: 0x0000000000000000 | 00 00 00 00 00 00 00 00
R10=0x00007ffecf981150 jvm.dll
R11=0x0000004970ffd930 is pointing into the stack for thread: 0x0000016ffd365260
R12=0x0 is NULL
R13=0x000000496f2fe000 points into unknown readable memory: 0x0000000000000000 | 00 00 00 00 00 00 00 00
R14=0x0000000000000001 is an unknown value
R15=0x0 is NULL


Registers:
RAX=0x0000000000000000, RBX=0x0000016ffe3bf2a0, RCX=0x0000016ffe3bf2a0, RDX=0x00000000fffffffa
RSP=0x0000004970ffd740, RBP=0x0000004970ffd900, RSI=0x0000000000000000, RDI=0x0000000000000000
R8 =0x0000000000000000, R9 =0x0000016ffe3bf200, R10=0x00007ffecf981150, R11=0x0000004970ffd930
R12=0x0000000000000000, R13=0x000000496f2fe000, R14=0x0000000000000001, R15=0x0000000000000000
RIP=0x00007fff411d34f6, EFLAGS=0x0000000000010213

Top of Stack: (sp=0x0000004970ffd740)
0x0000004970ffd740:   ffffffffffffffff 0000016ffe3bf2a0
0x0000004970ffd750:   0000016ffd365260 0000016ffe3cded0
0x0000004970ffd760:   0000016ffd365260 00007ffecf24c49b
0x0000004970ffd770:   0000016ffd0c4170 0000016ffd365260
0x0000004970ffd780:   0000016ffd359700 00007ffffffffffa
0x0000004970ffd790:   000000496f2fe000 0000016fc1f062f0
0x0000004970ffd7a0:   0000016ffd365260 00000000000003d8
0x0000004970ffd7b0:   0000016ffd0c4548 4cf5722740283cea
0x0000004970ffd7c0:   0000016ffe3bf6f0 0000000000000000
0x0000004970ffd7d0:   0000254580d1212f 0000016ffe3bf6f0
0x0000004970ffd7e0:   0000016ffd365200 0000000000000001
0x0000004970ffd7f0:   0000000000000001 0000000000000001
0x0000004970ffd800:   0000000000000000 0000016ffe3bf2a0
0x0000004970ffd810:   0000004970ffd900 00007fff4119fcb4
0x0000004970ffd820:   0000004970ffd809 0000000800000001
0x0000004970ffd830:   00000000fffffffa 0000000000000000 

Instructions: (pc=0x00007fff411d34f6)
0x00007fff411d33f6:   20 e9 ed fe ff ff 48 89 41 18 e9 e4 fe ff ff cc
0x00007fff411d3406:   cc cc cc cc cc cc cc cc cc cc 80 3d f1 90 10 00
0x00007fff411d3416:   00 0f 95 c0 c3 cc cc cc cc cc cc cc cc cc cc cc
0x00007fff411d3426:   cc cc cc cc cc cc cc cc cc cc 48 83 ec 38 8b 05
0x00007fff411d3436:   f2 76 10 00 89 44 24 20 e8 41 02 00 00 48 83 c4
0x00007fff411d3446:   38 c3 cc cc cc cc cc cc cc cc 48 89 5c 24 18 55
0x00007fff411d3456:   56 57 41 54 41 55 41 56 41 57 48 81 ec a0 00 00
0x00007fff411d3466:   00 48 8b 05 a2 10 12 00 48 33 c4 48 89 84 24 90
0x00007fff411d3476:   00 00 00 65 4c 8b 2c 25 30 00 00 00 48 8d 05 3f
0x00007fff411d3486:   31 10 00 40 32 ed 89 54 24 48 33 f6 40 88 6c 24
0x00007fff411d3496:   40 4c 89 6c 24 50 48 8b d9 44 8b e6 48 3b c8 0f
0x00007fff411d34a6:   84 39 01 00 00 40 38 35 56 90 10 00 0f 85 a8 01
0x00007fff411d34b6:   00 00 39 35 6a 90 10 00 0f 85 6a 01 00 00 40 38
0x00007fff411d34c6:   35 2d 8b 10 00 48 8d 3d 2e 8b 10 00 48 0f 45 fe
0x00007fff411d34d6:   48 39 73 18 0f 84 d2 00 00 00 48 8b 03 48 83 f8
0x00007fff411d34e6:   ff 0f 84 d2 00 00 00 44 8b fe 48 83 f8 ff 74 03
0x00007fff411d34f6:   ff 40 24 4c 8b 73 18 4c 8d 2d c4 30 10 00 bd 22
0x00007fff411d3506:   17 00 00 e8 42 13 fc ff 85 c0 0f 85 f6 b3 05 00
0x00007fff411d3516:   b9 82 03 fe 7f 80 39 00 0f 85 04 b4 05 00 49 83
0x00007fff411d3526:   fe ff 0f 85 92 b4 05 00 4c 8b cf c7 44 24 20 00
0x00007fff411d3536:   00 00 00 41 b8 04 00 00 00 48 8d 54 24 48 48 8d
0x00007fff411d3546:   4b 08 e8 37 01 00 00 3d 02 01 00 00 0f 84 7b b4
0x00007fff411d3556:   05 00 8b 4b 08 89 4c 24 48 f6 c1 02 75 ca 3d 02
0x00007fff411d3566:   01 00 00 0f 84 64 b4 05 00 0f b6 6c 24 40 4c 8b
0x00007fff411d3576:   6c 24 50 85 c0 0f 88 b0 b5 05 00 40 84 ed 75 73
0x00007fff411d3586:   48 8b 8c 24 90 00 00 00 48 33 cc e8 3a 8f 02 00
0x00007fff411d3596:   48 8b 9c 24 f0 00 00 00 48 81 c4 a0 00 00 00 41
0x00007fff411d35a6:   5f 41 5e 41 5d 41 5c 5f 5e 5d c3 cc 48 8b cb e8
0x00007fff411d35b6:   56 05 00 00 e9 21 ff ff ff 8b 4b 20 48 c7 c0 ff
0x00007fff411d35c6:   ff ff ff 48 0f ba e1 18 0f 82 19 ff ff ff 48 8b
0x00007fff411d35d6:   cb e8 64 e2 fa ff 48 8b 03 e9 09 ff ff ff c6 44
0x00007fff411d35e6:   24 40 01 41 c7 85 60 17 00 00 01 00 00 00 e9 b2 


Stack slot to memory mapping:
stack at sp + 0 slots: 0xffffffffffffffff is an unknown value
stack at sp + 1 slots: 0x0000016ffe3bf2a0 points into unknown readable memory: 0x0000000000000000 | 00 00 00 00 00 00 00 00
stack at sp + 2 slots: 0x0000016ffd365260 is a thread
stack at sp + 3 slots: 0x0000016ffe3cded0 points into unknown readable memory: 0x0000016fd135d360 | 60 d3 35 d1 6f 01 00 00
stack at sp + 4 slots: 0x0000016ffd365260 is a thread
stack at sp + 5 slots: 0x00007ffecf24c49b jvm.dll
stack at sp + 6 slots: 0x0000016ffd0c4170 points into unknown readable memory: 0x0000016ffdade014 | 14 e0 ad fd 6f 01 00 00
stack at sp + 7 slots: 0x0000016ffd365260 is a thread


---------------  P R O C E S S  ---------------

Threads class SMR info:
_java_thread_list=0x0000016ffe7d2cb0, length=19, elements={
0x0000016ffce39950, 0x0000016ffce3a7c0, 0x0000016ffce53cf0, 0x0000016ffce558b0,
0x0000016ffce58370, 0x0000016ffce60d30, 0x0000016ffce61ac0, 0x0000016ffce62560,
0x0000016ffce6ec80, 0x0000016ffd095bb0, 0x0000016ffd0bcad0, 0x0000016ffd311400,
0x0000016ffd3118d0, 0x0000016ffd324de0, 0x0000016ffd365260, 0x0000016ffd6d7300,
0x0000016ffd932450, 0x0000016ffd930770, 0x0000016ffd930c40
}

Java Threads: ( => current thread )
  0x0000016ffce39950 JavaThread "Reference Handler" daemon [_thread_blocked, id=9752, stack(0x000000496ff00000,0x0000004970000000)]
  0x0000016ffce3a7c0 JavaThread "Finalizer" daemon [_thread_blocked, id=11428, stack(0x0000004970000000,0x0000004970100000)]
  0x0000016ffce53cf0 JavaThread "Signal Dispatcher" daemon [_thread_blocked, id=7536, stack(0x0000004970100000,0x0000004970200000)]
  0x0000016ffce558b0 JavaThread "Attach Listener" daemon [_thread_blocked, id=12064, stack(0x0000004970200000,0x0000004970300000)]
  0x0000016ffce58370 JavaThread "Service Thread" daemon [_thread_blocked, id=10008, stack(0x0000004970300000,0x0000004970400000)]
  0x0000016ffce60d30 JavaThread "Monitor Deflation Thread" daemon [_thread_blocked, id=7220, stack(0x0000004970400000,0x0000004970500000)]
  0x0000016ffce61ac0 JavaThread "C2 CompilerThread0" daemon [_thread_blocked, id=11492, stack(0x0000004970500000,0x0000004970600000)]
  0x0000016ffce62560 JavaThread "C1 CompilerThread0" daemon [_thread_blocked, id=7352, stack(0x0000004970600000,0x0000004970700000)]
  0x0000016ffce6ec80 JavaThread "Sweeper thread" daemon [_thread_blocked, id=2724, stack(0x0000004970700000,0x0000004970800000)]
  0x0000016ffd095bb0 JavaThread "Notification Thread" daemon [_thread_blocked, id=2084, stack(0x0000004970800000,0x0000004970900000)]
  0x0000016ffd0bcad0 JavaThread "Common-Cleaner" daemon [_thread_blocked, id=3564, stack(0x0000004970a00000,0x0000004970b00000)]
  0x0000016ffd311400 JavaThread "Java2D Disposer" daemon [_thread_blocked, id=6772, stack(0x0000004970b00000,0x0000004970c00000)]
  0x0000016ffd3118d0 JavaThread "AWT-Shutdown" [_thread_blocked, id=12616, stack(0x0000004970c00000,0x0000004970d00000)]
  0x0000016ffd324de0 JavaThread "AWT-Windows" daemon [_thread_in_native, id=1632, stack(0x0000004970d00000,0x0000004970e00000)]
=>0x0000016ffd365260 JavaThread "AWT-EventQueue-0" [_thread_in_native, id=7868, stack(0x0000004970f00000,0x0000004971000000)]
  0x0000016ffd6d7300 JavaThread "Swing-Shell" daemon [_thread_blocked, id=7308, stack(0x0000004971000000,0x0000004971100000)]
  0x0000016ffd932450 JavaThread "Thread-0" [_thread_in_Java, id=9760, stack(0x0000004971600000,0x0000004971700000)]
  0x0000016ffd930770 JavaThread "TimerQueue" daemon [_thread_blocked, id=9832, stack(0x0000004971e00000,0x0000004971f00000)]
  0x0000016ffd930c40 JavaThread "DestroyJavaVM" [_thread_blocked, id=4852, stack(0x000000496f800000,0x000000496f900000)]

Other Threads:
  0x0000016ffce34d50 VMThread "VM Thread" [stack: 0x000000496fe00000,0x000000496ff00000] [id=10576]
  0x0000016fdcfc9100 WatcherThread [stack: 0x0000004970900000,0x0000004970a00000] [id=6392]
  0x0000016fdcfadbe0 GCTaskThread "GC Thread#0" [stack: 0x000000496f900000,0x000000496fa00000] [id=2392]
  0x0000016ffe58fc60 GCTaskThread "GC Thread#1" [stack: 0x0000004971700000,0x0000004971800000] [id=4276]
  0x0000016ffe58ff10 GCTaskThread "GC Thread#2" [stack: 0x0000004971800000,0x0000004971900000] [id=11776]
  0x0000016ffe5901c0 GCTaskThread "GC Thread#3" [stack: 0x0000004971900000,0x0000004971a00000] [id=252]
  0x0000016fdcfbba00 ConcurrentGCThread "G1 Main Marker" [stack: 0x000000496fa00000,0x000000496fb00000] [id=2348]
  0x0000016fdcfbcbb0 ConcurrentGCThread "G1 Conc#0" [stack: 0x000000496fb00000,0x000000496fc00000] [id=6240]
  0x0000016fdd022ec0 ConcurrentGCThread "G1 Refine#0" [stack: 0x000000496fc00000,0x000000496fd00000] [id=13096]
  0x0000016ffdd31180 ConcurrentGCThread "G1 Refine#1" [stack: 0x0000004971a00000,0x0000004971b00000] [id=11972]
  0x0000016fdd0238e0 ConcurrentGCThread "G1 Service" [stack: 0x000000496fd00000,0x000000496fe00000] [id=11364]

Threads with active compile tasks:

VM state: not at safepoint (normal execution)

VM Mutex/Monitor currently owned by a thread: None

Heap address: 0x0000000741200000, size: 3054 MB, Compressed Oops mode: Zero based, Oop shift amount: 3

CDS archive(s) mapped at: [0x0000016f80000000-0x0000016f80bd0000-0x0000016f80bd0000), size 12386304, SharedBaseAddress: 0x0000016f80000000, ArchiveRelocationMode: 1.
Compressed class space mapped at: 0x0000016f81000000-0x0000016fc1000000, reserved size: 1073741824
Narrow klass base: 0x0000016f80000000, Narrow klass shift: 0, Narrow klass range: 0x100000000

GC Precious Log:
 CPUs: 4 total, 4 available
 Memory: 12210M
 Large Page Support: Disabled
 NUMA Support: Disabled
 Compressed Oops: Enabled (Zero based)
 Heap Region Size: 2M
 Heap Min Capacity: 8M
 Heap Initial Capacity: 192M
 Heap Max Capacity: 3054M
 Pre-touch: Disabled
 Parallel Workers: 4
 Concurrent Workers: 1
 Concurrent Refinement Workers: 4
 Periodic GC: Disabled

Heap:
 garbage-first heap   total 350208K, used 190210K [0x0000000741200000, 0x0000000800000000)
  region size 2048K, 83 young (169984K), 1 survivors (2048K)
 Metaspace       used 18437K, committed 18688K, reserved 1114112K
  class space    used 2064K, committed 2176K, reserved 1048576K

Heap Regions: E=young(eden), S=young(survivor), O=old, HS=humongous(starts), HC=humongous(continues), CS=collection set, F=free, OA=open archive, CA=closed archive, TAMS=top-at-mark-start (previous, next)
|   0|0x0000000741200000, 0x0000000741400000, 0x0000000741400000|100%| O|  |TAMS 0x0000000741200000, 0x0000000741200000| Untracked 
|   1|0x0000000741400000, 0x0000000741600000, 0x0000000741600000|100%| O|  |TAMS 0x0000000741400000, 0x0000000741400000| Untracked 
|   2|0x0000000741600000, 0x0000000741800000, 0x0000000741800000|100%|HS|  |TAMS 0x0000000741600000, 0x0000000741600000| Complete 
|   3|0x0000000741800000, 0x0000000741a00000, 0x0000000741a00000|100%|HC|  |TAMS 0x0000000741800000, 0x0000000741800000| Complete 
|   4|0x0000000741a00000, 0x0000000741c00000, 0x0000000741c00000|100%| O|  |TAMS 0x0000000741a00000, 0x0000000741a00000| Untracked 
|   5|0x0000000741c00000, 0x0000000741dbca00, 0x0000000741e00000| 86%| O|  |TAMS 0x0000000741c00000, 0x0000000741c00000| Untracked 
|   6|0x0000000741e00000, 0x0000000742000000, 0x0000000742000000|100%|HS|  |TAMS 0x0000000741e00000, 0x0000000741e00000| Complete 
|   7|0x0000000742000000, 0x0000000742200000, 0x0000000742200000|100%|HC|  |TAMS 0x0000000742000000, 0x0000000742000000| Complete 
|   8|0x0000000742200000, 0x0000000742400000, 0x0000000742400000|100%|HS|  |TAMS 0x0000000742200000, 0x0000000742200000| Complete 
|   9|0x0000000742400000, 0x0000000742600000, 0x0000000742600000|100%|HC|  |TAMS 0x0000000742400000, 0x0000000742400000| Complete 
|  10|0x0000000742600000, 0x0000000742800000, 0x0000000742800000|100%|HS|  |TAMS 0x0000000742600000, 0x0000000742600000| Complete 
|  11|0x0000000742800000, 0x0000000742a00000, 0x0000000742a00000|100%|HC|  |TAMS 0x0000000742800000, 0x0000000742800000| Complete 
|  12|0x0000000742a00000, 0x0000000742a00000, 0x0000000742c00000|  0%| F|  |TAMS 0x0000000742a00000, 0x0000000742a00000| Untracked 
|  13|0x0000000742c00000, 0x0000000742c00000, 0x0000000742e00000|  0%| F|  |TAMS 0x0000000742c00000, 0x0000000742c00000| Untracked 
|  14|0x0000000742e00000, 0x0000000742e00000, 0x0000000743000000|  0%| F|  |TAMS 0x0000000742e00000, 0x0000000742e00000| Untracked 
|  15|0x0000000743000000, 0x0000000743000000, 0x0000000743200000|  0%| F|  |TAMS 0x0000000743000000, 0x0000000743000000| Untracked 
|  16|0x0000000743200000, 0x0000000743200000, 0x0000000743400000|  0%| F|  |TAMS 0x0000000743200000, 0x0000000743200000| Untracked 
|  17|0x0000000743400000, 0x0000000743400000, 0x0000000743600000|  0%| F|  |TAMS 0x0000000743400000, 0x0000000743400000| Untracked 
|  18|0x0000000743600000, 0x0000000743600000, 0x0000000743800000|  0%| F|  |TAMS 0x0000000743600000, 0x0000000743600000| Untracked 
|  19|0x0000000743800000, 0x0000000743800000, 0x0000000743a00000|  0%| F|  |TAMS 0x0000000743800000, 0x0000000743800000| Untracked 
|  20|0x0000000743a00000, 0x0000000743a00000, 0x0000000743c00000|  0%| F|  |TAMS 0x0000000743a00000, 0x0000000743a00000| Untracked 
|  21|0x0000000743c00000, 0x0000000743c00000, 0x0000000743e00000|  0%| F|  |TAMS 0x0000000743c00000, 0x0000000743c00000| Untracked 
|  22|0x0000000743e00000, 0x0000000743e00000, 0x0000000744000000|  0%| F|  |TAMS 0x0000000743e00000, 0x0000000743e00000| Untracked 
|  23|0x0000000744000000, 0x0000000744000000, 0x0000000744200000|  0%| F|  |TAMS 0x0000000744000000, 0x0000000744000000| Untracked 
|  24|0x0000000744200000, 0x0000000744200000, 0x0000000744400000|  0%| F|  |TAMS 0x0000000744200000, 0x0000000744200000| Untracked 
|  25|0x0000000744400000, 0x0000000744400000, 0x0000000744600000|  0%| F|  |TAMS 0x0000000744400000, 0x0000000744400000| Untracked 
|  26|0x0000000744600000, 0x0000000744600000, 0x0000000744800000|  0%| F|  |TAMS 0x0000000744600000, 0x0000000744600000| Untracked 
|  27|0x0000000744800000, 0x0000000744800000, 0x0000000744a00000|  0%| F|  |TAMS 0x0000000744800000, 0x0000000744800000| Untracked 
|  28|0x0000000744a00000, 0x0000000744a00000, 0x0000000744c00000|  0%| F|  |TAMS 0x0000000744a00000, 0x0000000744a00000| Untracked 
|  29|0x0000000744c00000, 0x0000000744c00000, 0x0000000744e00000|  0%| F|  |TAMS 0x0000000744c00000, 0x0000000744c00000| Untracked 
|  30|0x0000000744e00000, 0x0000000744e00000, 0x0000000745000000|  0%| F|  |TAMS 0x0000000744e00000, 0x0000000744e00000| Untracked 
|  31|0x0000000745000000, 0x0000000745000000, 0x0000000745200000|  0%| F|  |TAMS 0x0000000745000000, 0x0000000745000000| Untracked 
|  32|0x0000000745200000, 0x0000000745200000, 0x0000000745400000|  0%| F|  |TAMS 0x0000000745200000, 0x0000000745200000| Untracked 
|  33|0x0000000745400000, 0x0000000745400000, 0x0000000745600000|  0%| F|  |TAMS 0x0000000745400000, 0x0000000745400000| Untracked 
|  34|0x0000000745600000, 0x0000000745600000, 0x0000000745800000|  0%| F|  |TAMS 0x0000000745600000, 0x0000000745600000| Untracked 
|  35|0x0000000745800000, 0x0000000745800000, 0x0000000745a00000|  0%| F|  |TAMS 0x0000000745800000, 0x0000000745800000| Untracked 
|  36|0x0000000745a00000, 0x0000000745a00000, 0x0000000745c00000|  0%| F|  |TAMS 0x0000000745a00000, 0x0000000745a00000| Untracked 
|  37|0x0000000745c00000, 0x0000000745c00000, 0x0000000745e00000|  0%| F|  |TAMS 0x0000000745c00000, 0x0000000745c00000| Untracked 
|  38|0x0000000745e00000, 0x0000000745e00000, 0x0000000746000000|  0%| F|  |TAMS 0x0000000745e00000, 0x0000000745e00000| Untracked 
|  39|0x0000000746000000, 0x0000000746000000, 0x0000000746200000|  0%| F|  |TAMS 0x0000000746000000, 0x0000000746000000| Untracked 
|  40|0x0000000746200000, 0x0000000746200000, 0x0000000746400000|  0%| F|  |TAMS 0x0000000746200000, 0x0000000746200000| Untracked 
|  41|0x0000000746400000, 0x0000000746400000, 0x0000000746600000|  0%| F|  |TAMS 0x0000000746400000, 0x0000000746400000| Untracked 
|  42|0x0000000746600000, 0x0000000746600000, 0x0000000746800000|  0%| F|  |TAMS 0x0000000746600000, 0x0000000746600000| Untracked 
|  43|0x0000000746800000, 0x0000000746800000, 0x0000000746a00000|  0%| F|  |TAMS 0x0000000746800000, 0x0000000746800000| Untracked 
|  44|0x0000000746a00000, 0x0000000746a00000, 0x0000000746c00000|  0%| F|  |TAMS 0x0000000746a00000, 0x0000000746a00000| Untracked 
|  45|0x0000000746c00000, 0x0000000746c00000, 0x0000000746e00000|  0%| F|  |TAMS 0x0000000746c00000, 0x0000000746c00000| Untracked 
|  46|0x0000000746e00000, 0x0000000746e00000, 0x0000000747000000|  0%| F|  |TAMS 0x0000000746e00000, 0x0000000746e00000| Untracked 
|  47|0x0000000747000000, 0x0000000747000000, 0x0000000747200000|  0%| F|  |TAMS 0x0000000747000000, 0x0000000747000000| Untracked 
|  48|0x0000000747200000, 0x0000000747200000, 0x0000000747400000|  0%| F|  |TAMS 0x0000000747200000, 0x0000000747200000| Untracked 
|  49|0x0000000747400000, 0x0000000747400000, 0x0000000747600000|  0%| F|  |TAMS 0x0000000747400000, 0x0000000747400000| Untracked 
|  50|0x0000000747600000, 0x0000000747600000, 0x0000000747800000|  0%| F|  |TAMS 0x0000000747600000, 0x0000000747600000| Untracked 
|  51|0x0000000747800000, 0x0000000747800000, 0x0000000747a00000|  0%| F|  |TAMS 0x0000000747800000, 0x0000000747800000| Untracked 
|  52|0x0000000747a00000, 0x0000000747a00000, 0x0000000747c00000|  0%| F|  |TAMS 0x0000000747a00000, 0x0000000747a00000| Untracked 
|  53|0x0000000747c00000, 0x0000000747c00000, 0x0000000747e00000|  0%| F|  |TAMS 0x0000000747c00000, 0x0000000747c00000| Untracked 
|  54|0x0000000747e00000, 0x0000000747e00000, 0x0000000748000000|  0%| F|  |TAMS 0x0000000747e00000, 0x0000000747e00000| Untracked 
|  55|0x0000000748000000, 0x0000000748000000, 0x0000000748200000|  0%| F|  |TAMS 0x0000000748000000, 0x0000000748000000| Untracked 
|  56|0x0000000748200000, 0x0000000748200000, 0x0000000748400000|  0%| F|  |TAMS 0x0000000748200000, 0x0000000748200000| Untracked 
|  57|0x0000000748400000, 0x0000000748400000, 0x0000000748600000|  0%| F|  |TAMS 0x0000000748400000, 0x0000000748400000| Untracked 
|  58|0x0000000748600000, 0x0000000748600000, 0x0000000748800000|  0%| F|  |TAMS 0x0000000748600000, 0x0000000748600000| Untracked 
|  59|0x0000000748800000, 0x0000000748800000, 0x0000000748a00000|  0%| F|  |TAMS 0x0000000748800000, 0x0000000748800000| Untracked 
|  60|0x0000000748a00000, 0x0000000748a00000, 0x0000000748c00000|  0%| F|  |TAMS 0x0000000748a00000, 0x0000000748a00000| Untracked 
|  61|0x0000000748c00000, 0x0000000748c00000, 0x0000000748e00000|  0%| F|  |TAMS 0x0000000748c00000, 0x0000000748c00000| Untracked 
|  62|0x0000000748e00000, 0x0000000748e00000, 0x0000000749000000|  0%| F|  |TAMS 0x0000000748e00000, 0x0000000748e00000| Untracked 
|  63|0x0000000749000000, 0x0000000749000000, 0x0000000749200000|  0%| F|  |TAMS 0x0000000749000000, 0x0000000749000000| Untracked 
|  64|0x0000000749200000, 0x0000000749200000, 0x0000000749400000|  0%| F|  |TAMS 0x0000000749200000, 0x0000000749200000| Untracked 
|  65|0x0000000749400000, 0x0000000749400000, 0x0000000749600000|  0%| F|  |TAMS 0x0000000749400000, 0x0000000749400000| Untracked 
|  66|0x0000000749600000, 0x0000000749600000, 0x0000000749800000|  0%| F|  |TAMS 0x0000000749600000, 0x0000000749600000| Untracked 
|  67|0x0000000749800000, 0x0000000749800000, 0x0000000749a00000|  0%| F|  |TAMS 0x0000000749800000, 0x0000000749800000| Untracked 
|  68|0x0000000749a00000, 0x0000000749a00000, 0x0000000749c00000|  0%| F|  |TAMS 0x0000000749a00000, 0x0000000749a00000| Untracked 
|  69|0x0000000749c00000, 0x0000000749c04080, 0x0000000749e00000|  0%| S|CS|TAMS 0x0000000749c00000, 0x0000000749c00000| Complete 
|  70|0x0000000749e00000, 0x0000000749e00000, 0x000000074a000000|  0%| F|  |TAMS 0x0000000749e00000, 0x0000000749e00000| Untracked 
|  71|0x000000074a000000, 0x000000074a000000, 0x000000074a200000|  0%| F|  |TAMS 0x000000074a000000, 0x000000074a000000| Untracked 
|  72|0x000000074a200000, 0x000000074a200000, 0x000000074a400000|  0%| F|  |TAMS 0x000000074a200000, 0x000000074a200000| Untracked 
|  73|0x000000074a400000, 0x000000074a400000, 0x000000074a600000|  0%| F|  |TAMS 0x000000074a400000, 0x000000074a400000| Untracked 
|  74|0x000000074a600000, 0x000000074a600000, 0x000000074a800000|  0%| F|  |TAMS 0x000000074a600000, 0x000000074a600000| Untracked 
|  75|0x000000074a800000, 0x000000074a800000, 0x000000074aa00000|  0%| F|  |TAMS 0x000000074a800000, 0x000000074a800000| Untracked 
|  76|0x000000074aa00000, 0x000000074aa00000, 0x000000074ac00000|  0%| F|  |TAMS 0x000000074aa00000, 0x000000074aa00000| Untracked 
|  77|0x000000074ac00000, 0x000000074ac00000, 0x000000074ae00000|  0%| F|  |TAMS 0x000000074ac00000, 0x000000074ac00000| Untracked 
|  78|0x000000074ae00000, 0x000000074ae00000, 0x000000074b000000|  0%| F|  |TAMS 0x000000074ae00000, 0x000000074ae00000| Untracked 
|  79|0x000000074b000000, 0x000000074b000000, 0x000000074b200000|  0%| F|  |TAMS 0x000000074b000000, 0x000000074b000000| Untracked 
|  80|0x000000074b200000, 0x000000074b200000, 0x000000074b400000|  0%| F|  |TAMS 0x000000074b200000, 0x000000074b200000| Untracked 
|  81|0x000000074b400000, 0x000000074b400000, 0x000000074b600000|  0%| F|  |TAMS 0x000000074b400000, 0x000000074b400000| Untracked 
|  82|0x000000074b600000, 0x000000074b600000, 0x000000074b800000|  0%| F|  |TAMS 0x000000074b600000, 0x000000074b600000| Untracked 
|  83|0x000000074b800000, 0x000000074b800000, 0x000000074ba00000|  0%| F|  |TAMS 0x000000074b800000, 0x000000074b800000| Untracked 
|  84|0x000000074ba00000, 0x000000074ba00000, 0x000000074bc00000|  0%| F|  |TAMS 0x000000074ba00000, 0x000000074ba00000| Untracked 
|  85|0x000000074bc00000, 0x000000074bc00000, 0x000000074be00000|  0%| F|  |TAMS 0x000000074bc00000, 0x000000074bc00000| Untracked 
|  86|0x000000074be00000, 0x000000074be00000, 0x000000074c000000|  0%| F|  |TAMS 0x000000074be00000, 0x000000074be00000| Untracked 
|  87|0x000000074c000000, 0x000000074c000000, 0x000000074c200000|  0%| F|  |TAMS 0x000000074c000000, 0x000000074c000000| Untracked 
|  88|0x000000074c200000, 0x000000074c400000, 0x000000074c400000|100%| E|  |TAMS 0x000000074c200000, 0x000000074c200000| Complete 
|  89|0x000000074c400000, 0x000000074c600000, 0x000000074c600000|100%| E|CS|TAMS 0x000000074c400000, 0x000000074c400000| Complete 
|  90|0x000000074c600000, 0x000000074c800000, 0x000000074c800000|100%| E|CS|TAMS 0x000000074c600000, 0x000000074c600000| Complete 
|  91|0x000000074c800000, 0x000000074ca00000, 0x000000074ca00000|100%| E|CS|TAMS 0x000000074c800000, 0x000000074c800000| Complete 
|  92|0x000000074ca00000, 0x000000074cc00000, 0x000000074cc00000|100%| E|CS|TAMS 0x000000074ca00000, 0x000000074ca00000| Complete 
|  93|0x000000074cc00000, 0x000000074ce00000, 0x000000074ce00000|100%| E|CS|TAMS 0x000000074cc00000, 0x000000074cc00000| Complete 
|  94|0x000000074ce00000, 0x000000074d000000, 0x000000074d000000|100%| E|CS|TAMS 0x000000074ce00000, 0x000000074ce00000| Complete 
|  95|0x000000074d000000, 0x000000074d200000, 0x000000074d200000|100%| E|CS|TAMS 0x000000074d000000, 0x000000074d000000| Complete 
|  96|0x000000074d200000, 0x000000074d400000, 0x000000074d400000|100%| E|CS|TAMS 0x000000074d200000, 0x000000074d200000| Complete 
|  97|0x000000074d400000, 0x000000074d600000, 0x000000074d600000|100%| E|CS|TAMS 0x000000074d400000, 0x000000074d400000| Complete 
|  98|0x000000074d600000, 0x000000074d800000, 0x000000074d800000|100%| E|CS|TAMS 0x000000074d600000, 0x000000074d600000| Complete 
|  99|0x000000074d800000, 0x000000074da00000, 0x000000074da00000|100%| E|CS|TAMS 0x000000074d800000, 0x000000074d800000| Complete 
| 100|0x000000074da00000, 0x000000074dc00000, 0x000000074dc00000|100%| E|CS|TAMS 0x000000074da00000, 0x000000074da00000| Complete 
| 101|0x000000074dc00000, 0x000000074de00000, 0x000000074de00000|100%| E|CS|TAMS 0x000000074dc00000, 0x000000074dc00000| Complete 
| 102|0x000000074de00000, 0x000000074e000000, 0x000000074e000000|100%| E|CS|TAMS 0x000000074de00000, 0x000000074de00000| Complete 
| 103|0x000000074e000000, 0x000000074e200000, 0x000000074e200000|100%| E|CS|TAMS 0x000000074e000000, 0x000000074e000000| Complete 
| 104|0x000000074e200000, 0x000000074e400000, 0x000000074e400000|100%| E|CS|TAMS 0x000000074e200000, 0x000000074e200000| Complete 
| 105|0x000000074e400000, 0x000000074e600000, 0x000000074e600000|100%| E|CS|TAMS 0x000000074e400000, 0x000000074e400000| Complete 
| 106|0x000000074e600000, 0x000000074e800000, 0x000000074e800000|100%| E|CS|TAMS 0x000000074e600000, 0x000000074e600000| Complete 
| 107|0x000000074e800000, 0x000000074ea00000, 0x000000074ea00000|100%| E|CS|TAMS 0x000000074e800000, 0x000000074e800000| Complete 
| 108|0x000000074ea00000, 0x000000074ec00000, 0x000000074ec00000|100%| E|CS|TAMS 0x000000074ea00000, 0x000000074ea00000| Complete 
| 109|0x000000074ec00000, 0x000000074ee00000, 0x000000074ee00000|100%| E|CS|TAMS 0x000000074ec00000, 0x000000074ec00000| Complete 
| 110|0x000000074ee00000, 0x000000074f000000, 0x000000074f000000|100%| E|CS|TAMS 0x000000074ee00000, 0x000000074ee00000| Complete 
| 111|0x000000074f000000, 0x000000074f200000, 0x000000074f200000|100%| E|CS|TAMS 0x000000074f000000, 0x000000074f000000| Complete 
| 112|0x000000074f200000, 0x000000074f400000, 0x000000074f400000|100%| E|CS|TAMS 0x000000074f200000, 0x000000074f200000| Complete 
| 113|0x000000074f400000, 0x000000074f600000, 0x000000074f600000|100%| E|CS|TAMS 0x000000074f400000, 0x000000074f400000| Complete 
| 114|0x000000074f600000, 0x000000074f800000, 0x000000074f800000|100%| E|CS|TAMS 0x000000074f600000, 0x000000074f600000| Complete 
| 115|0x000000074f800000, 0x000000074fa00000, 0x000000074fa00000|100%| E|CS|TAMS 0x000000074f800000, 0x000000074f800000| Complete 
| 116|0x000000074fa00000, 0x000000074fc00000, 0x000000074fc00000|100%| E|CS|TAMS 0x000000074fa00000, 0x000000074fa00000| Complete 
| 117|0x000000074fc00000, 0x000000074fe00000, 0x000000074fe00000|100%| E|CS|TAMS 0x000000074fc00000, 0x000000074fc00000| Complete 
| 118|0x000000074fe00000, 0x0000000750000000, 0x0000000750000000|100%| E|CS|TAMS 0x000000074fe00000, 0x000000074fe00000| Complete 
| 119|0x0000000750000000, 0x0000000750200000, 0x0000000750200000|100%| E|CS|TAMS 0x0000000750000000, 0x0000000750000000| Complete 
| 120|0x0000000750200000, 0x0000000750400000, 0x0000000750400000|100%| E|CS|TAMS 0x0000000750200000, 0x0000000750200000| Complete 
| 121|0x0000000750400000, 0x0000000750600000, 0x0000000750600000|100%| E|CS|TAMS 0x0000000750400000, 0x0000000750400000| Complete 
| 122|0x0000000750600000, 0x0000000750800000, 0x0000000750800000|100%| E|CS|TAMS 0x0000000750600000, 0x0000000750600000| Complete 
| 123|0x0000000750800000, 0x0000000750a00000, 0x0000000750a00000|100%| E|CS|TAMS 0x0000000750800000, 0x0000000750800000| Complete 
| 124|0x0000000750a00000, 0x0000000750c00000, 0x0000000750c00000|100%| E|CS|TAMS 0x0000000750a00000, 0x0000000750a00000| Complete 
| 125|0x0000000750c00000, 0x0000000750e00000, 0x0000000750e00000|100%| E|CS|TAMS 0x0000000750c00000, 0x0000000750c00000| Complete 
| 126|0x0000000750e00000, 0x0000000751000000, 0x0000000751000000|100%| E|CS|TAMS 0x0000000750e00000, 0x0000000750e00000| Complete 
| 127|0x0000000751000000, 0x0000000751200000, 0x0000000751200000|100%| E|CS|TAMS 0x0000000751000000, 0x0000000751000000| Complete 
| 128|0x0000000751200000, 0x0000000751400000, 0x0000000751400000|100%| E|CS|TAMS 0x0000000751200000, 0x0000000751200000| Complete 
| 129|0x0000000751400000, 0x0000000751600000, 0x0000000751600000|100%| E|CS|TAMS 0x0000000751400000, 0x0000000751400000| Complete 
| 130|0x0000000751600000, 0x0000000751800000, 0x0000000751800000|100%| E|CS|TAMS 0x0000000751600000, 0x0000000751600000| Complete 
| 131|0x0000000751800000, 0x0000000751a00000, 0x0000000751a00000|100%| E|CS|TAMS 0x0000000751800000, 0x0000000751800000| Complete 
| 132|0x0000000751a00000, 0x0000000751c00000, 0x0000000751c00000|100%| E|CS|TAMS 0x0000000751a00000, 0x0000000751a00000| Complete 
| 133|0x0000000751c00000, 0x0000000751e00000, 0x0000000751e00000|100%| E|CS|TAMS 0x0000000751c00000, 0x0000000751c00000| Complete 
| 134|0x0000000751e00000, 0x0000000752000000, 0x0000000752000000|100%| E|CS|TAMS 0x0000000751e00000, 0x0000000751e00000| Complete 
| 135|0x0000000752000000, 0x0000000752200000, 0x0000000752200000|100%| E|CS|TAMS 0x0000000752000000, 0x0000000752000000| Complete 
| 136|0x0000000752200000, 0x0000000752400000, 0x0000000752400000|100%| E|CS|TAMS 0x0000000752200000, 0x0000000752200000| Complete 
| 137|0x0000000752400000, 0x0000000752600000, 0x0000000752600000|100%| E|CS|TAMS 0x0000000752400000, 0x0000000752400000| Complete 
| 138|0x0000000752600000, 0x0000000752800000, 0x0000000752800000|100%| E|CS|TAMS 0x0000000752600000, 0x0000000752600000| Complete 
| 139|0x0000000752800000, 0x0000000752a00000, 0x0000000752a00000|100%| E|CS|TAMS 0x0000000752800000, 0x0000000752800000| Complete 
| 140|0x0000000752a00000, 0x0000000752c00000, 0x0000000752c00000|100%| E|CS|TAMS 0x0000000752a00000, 0x0000000752a00000| Complete 
| 141|0x0000000752c00000, 0x0000000752e00000, 0x0000000752e00000|100%| E|CS|TAMS 0x0000000752c00000, 0x0000000752c00000| Complete 
| 142|0x0000000752e00000, 0x0000000753000000, 0x0000000753000000|100%| E|CS|TAMS 0x0000000752e00000, 0x0000000752e00000| Complete 
| 143|0x0000000753000000, 0x0000000753200000, 0x0000000753200000|100%| E|CS|TAMS 0x0000000753000000, 0x0000000753000000| Complete 
| 144|0x0000000753200000, 0x0000000753400000, 0x0000000753400000|100%| E|CS|TAMS 0x0000000753200000, 0x0000000753200000| Complete 
| 145|0x0000000753400000, 0x0000000753600000, 0x0000000753600000|100%| E|CS|TAMS 0x0000000753400000, 0x0000000753400000| Complete 
| 146|0x0000000753600000, 0x0000000753800000, 0x0000000753800000|100%| E|CS|TAMS 0x0000000753600000, 0x0000000753600000| Complete 
| 147|0x0000000753800000, 0x0000000753a00000, 0x0000000753a00000|100%| E|CS|TAMS 0x0000000753800000, 0x0000000753800000| Complete 
| 148|0x0000000753a00000, 0x0000000753c00000, 0x0000000753c00000|100%| E|CS|TAMS 0x0000000753a00000, 0x0000000753a00000| Complete 
| 149|0x0000000753c00000, 0x0000000753e00000, 0x0000000753e00000|100%| E|CS|TAMS 0x0000000753c00000, 0x0000000753c00000| Complete 
| 150|0x0000000753e00000, 0x0000000754000000, 0x0000000754000000|100%| E|CS|TAMS 0x0000000753e00000, 0x0000000753e00000| Complete 
| 151|0x0000000754000000, 0x0000000754200000, 0x0000000754200000|100%| E|CS|TAMS 0x0000000754000000, 0x0000000754000000| Complete 
| 152|0x0000000754200000, 0x0000000754400000, 0x0000000754400000|100%| E|CS|TAMS 0x0000000754200000, 0x0000000754200000| Complete 
| 153|0x0000000754400000, 0x0000000754600000, 0x0000000754600000|100%| E|CS|TAMS 0x0000000754400000, 0x0000000754400000| Complete 
| 154|0x0000000754600000, 0x0000000754800000, 0x0000000754800000|100%| E|CS|TAMS 0x0000000754600000, 0x0000000754600000| Complete 
| 155|0x0000000754800000, 0x0000000754a00000, 0x0000000754a00000|100%| E|CS|TAMS 0x0000000754800000, 0x0000000754800000| Complete 
| 156|0x0000000754a00000, 0x0000000754c00000, 0x0000000754c00000|100%| E|CS|TAMS 0x0000000754a00000, 0x0000000754a00000| Complete 
| 157|0x0000000754c00000, 0x0000000754e00000, 0x0000000754e00000|100%| E|CS|TAMS 0x0000000754c00000, 0x0000000754c00000| Complete 
| 158|0x0000000754e00000, 0x0000000755000000, 0x0000000755000000|100%| E|CS|TAMS 0x0000000754e00000, 0x0000000754e00000| Complete 
| 159|0x0000000755000000, 0x0000000755200000, 0x0000000755200000|100%| E|CS|TAMS 0x0000000755000000, 0x0000000755000000| Complete 
| 160|0x0000000755200000, 0x0000000755400000, 0x0000000755400000|100%| E|CS|TAMS 0x0000000755200000, 0x0000000755200000| Complete 
| 161|0x0000000755400000, 0x0000000755600000, 0x0000000755600000|100%| E|CS|TAMS 0x0000000755400000, 0x0000000755400000| Complete 
| 162|0x0000000755600000, 0x0000000755800000, 0x0000000755800000|100%| E|CS|TAMS 0x0000000755600000, 0x0000000755600000| Complete 
| 163|0x0000000755800000, 0x0000000755a00000, 0x0000000755a00000|100%| E|CS|TAMS 0x0000000755800000, 0x0000000755800000| Complete 
| 164|0x0000000755a00000, 0x0000000755c00000, 0x0000000755c00000|100%| E|CS|TAMS 0x0000000755a00000, 0x0000000755a00000| Complete 
| 165|0x0000000755c00000, 0x0000000755e00000, 0x0000000755e00000|100%| E|CS|TAMS 0x0000000755c00000, 0x0000000755c00000| Complete 
| 166|0x0000000755e00000, 0x0000000756000000, 0x0000000756000000|100%| E|CS|TAMS 0x0000000755e00000, 0x0000000755e00000| Complete 
| 167|0x0000000756000000, 0x0000000756200000, 0x0000000756200000|100%| E|CS|TAMS 0x0000000756000000, 0x0000000756000000| Complete 
| 168|0x0000000756200000, 0x0000000756400000, 0x0000000756400000|100%| E|CS|TAMS 0x0000000756200000, 0x0000000756200000| Complete 
| 169|0x0000000756400000, 0x0000000756600000, 0x0000000756600000|100%| E|CS|TAMS 0x0000000756400000, 0x0000000756400000| Complete 
| 170|0x0000000756600000, 0x0000000756800000, 0x0000000756800000|100%| E|CS|TAMS 0x0000000756600000, 0x0000000756600000| Complete 

Card table byte_map: [0x0000016ff3e00000,0x0000016ff4400000] _byte_map_base: 0x0000016ff03f7000

Marking Bits (Prev, Next): (CMBitMap*) 0x0000016fdcfae1f0, (CMBitMap*) 0x0000016fdcfae230
 Prev Bits: [0x0000016ff4a00000, 0x0000016ff79b8000)
 Next Bits: [0x0000016ff79c0000, 0x0000016ffa978000)

Polling page: 0x0000016fdad50000

Metaspace:

Usage:
  Non-class:     15.99 MB used.
      Class:      2.02 MB used.
       Both:     18.01 MB used.

Virtual space:
  Non-class space:       64.00 MB reserved,      16.12 MB ( 25%) committed,  1 nodes.
      Class space:        1.00 GB reserved,       2.12 MB ( <1%) committed,  1 nodes.
             Both:        1.06 GB reserved,      18.25 MB (  2%) committed. 

Chunk freelists:
   Non-Class:  14.98 MB
       Class:  13.88 MB
        Both:  28.86 MB

MaxMetaspaceSize: unlimited
CompressedClassSpaceSize: 1.00 GB
Initial GC threshold: 21.00 MB
Current GC threshold: 21.00 MB
CDS: on
MetaspaceReclaimPolicy: balanced
 - commit_granule_bytes: 65536.
 - commit_granule_words: 8192.
 - virtual_space_node_default_size: 8388608.
 - enlarge_chunks_in_place: 1.
 - new_chunks_are_fully_committed: 0.
 - uncommit_free_chunks: 1.
 - use_allocation_guard: 0.
 - handle_deallocations: 1.


Internal statistics:

num_allocs_failed_limit: 0.
num_arena_births: 308.
num_arena_deaths: 0.
num_vsnodes_births: 2.
num_vsnodes_deaths: 0.
num_space_committed: 292.
num_space_uncommitted: 0.
num_chunks_returned_to_freelist: 0.
num_chunks_taken_from_freelist: 559.
num_chunk_merges: 0.
num_chunk_splits: 292.
num_chunks_enlarged: 92.
num_purges: 0.
num_inconsistent_stats: 0.

CodeHeap 'non-profiled nmethods': size=120000Kb used=1951Kb max_used=1951Kb free=118048Kb
 bounds [0x0000016fec2d0000, 0x0000016fec540000, 0x0000016ff3800000]
CodeHeap 'profiled nmethods': size=120000Kb used=8234Kb max_used=8234Kb free=111765Kb
 bounds [0x0000016fe4800000, 0x0000016fe5010000, 0x0000016febd30000]
CodeHeap 'non-nmethods': size=5760Kb used=1341Kb max_used=1430Kb free=4419Kb
 bounds [0x0000016febd30000, 0x0000016febfa0000, 0x0000016fec2d0000]
 total_blobs=4685 nmethods=4009 adapters=586
 compilation: enabled
              stopped_count=0, restarted_count=0
 full_count=0

Compilation events (20 events):
Event: 45.703 Thread 0x0000016ffce62560 4002  s    3       javax.swing.ImageIcon::paintIcon (40 bytes)
Event: 45.703 Thread 0x0000016ffce62560 nmethod 4002 0x0000016fe500a090 code [0x0000016fe500a240, 0x0000016fe500a518]
Event: 45.882 Thread 0x0000016ffce61ac0 4003       4       java.lang.ref.ReferenceQueue::remove (6 bytes)
Event: 45.890 Thread 0x0000016ffce61ac0 nmethod 4003 0x0000016fec4b3310 code [0x0000016fec4b34c0, 0x0000016fec4b3f48]
Event: 46.029 Thread 0x0000016ffce61ac0 4004       4       java.lang.ref.Finalizer::register (10 bytes)
Event: 46.035 Thread 0x0000016ffce61ac0 nmethod 4004 0x0000016fec4b4110 code [0x0000016fec4b42a0, 0x0000016fec4b48f8]
Event: 46.035 Thread 0x0000016ffce61ac0 4005   !   4       java.lang.ref.Finalizer::<init> (49 bytes)
Event: 46.041 Thread 0x0000016ffce61ac0 nmethod 4005 0x0000016fec4b4a10 code [0x0000016fec4b4ba0, 0x0000016fec4b5258]
Event: 46.042 Thread 0x0000016ffce61ac0 4006   !   4       java.lang.ref.Finalizer::runFinalizer (131 bytes)
Event: 46.049 Thread 0x0000016ffce61ac0 nmethod 4006 0x0000016fec4b5310 code [0x0000016fec4b54c0, 0x0000016fec4b5c28]
Event: 46.278 Thread 0x0000016ffce61ac0 4007       4       com.sun.jna.Structure::<init> (6 bytes)
Event: 46.279 Thread 0x0000016ffce61ac0 nmethod 4007 0x0000016fec4b5f10 code [0x0000016fec4b60a0, 0x0000016fec4b6148]
Event: 46.279 Thread 0x0000016ffce61ac0 4008       4       java.lang.Exception::<init> (6 bytes)
Event: 46.284 Thread 0x0000016ffce61ac0 nmethod 4008 0x0000016fec4b6210 code [0x0000016fec4b63c0, 0x0000016fec4b6b48]
Event: 46.464 Thread 0x0000016ffce61ac0 4009       4       sun.util.locale.LocaleUtils::toLowerString (95 bytes)
Event: 46.476 Thread 0x0000016ffce61ac0 nmethod 4009 0x0000016fec4b6d10 code [0x0000016fec4b6ee0, 0x0000016fec4b7878]
Event: 46.589 Thread 0x0000016ffce62560 4010       3       uk.co.caprica.vlcj.logger.Logger::debug (24 bytes)
Event: 46.590 Thread 0x0000016ffce62560 nmethod 4010 0x0000016fe500a690 code [0x0000016fe500a840, 0x0000016fe500aa18]
Event: 46.590 Thread 0x0000016ffce62560 4011       1       com.sun.jna.PointerType::getPointer (5 bytes)
Event: 46.590 Thread 0x0000016ffce62560 nmethod 4011 0x0000016fec4b7c90 code [0x0000016fec4b7e20, 0x0000016fec4b7ef8]

GC Heap History (20 events):
Event: 45.029 GC heap before
{Heap before GC invocations=230 (full 0):
 garbage-first heap   total 350208K, used 231154K [0x0000000741200000, 0x0000000800000000)
  region size 2048K, 102 young (208896K), 1 survivors (2048K)
 Metaspace       used 18434K, committed 18688K, reserved 1114112K
  class space    used 2064K, committed 2176K, reserved 1048576K
}
Event: 45.030 GC heap after
{Heap after GC invocations=231 (full 0):
 garbage-first heap   total 350208K, used 24302K [0x0000000741200000, 0x0000000800000000)
  region size 2048K, 1 young (2048K), 1 survivors (2048K)
 Metaspace       used 18434K, committed 18688K, reserved 1114112K
  class space    used 2064K, committed 2176K, reserved 1048576K
}
Event: 45.214 GC heap before
{Heap before GC invocations=231 (full 0):
 garbage-first heap   total 350208K, used 231150K [0x0000000741200000, 0x0000000800000000)
  region size 2048K, 102 young (208896K), 1 survivors (2048K)
 Metaspace       used 18434K, committed 18688K, reserved 1114112K
  class space    used 2064K, committed 2176K, reserved 1048576K
}
Event: 45.215 GC heap after
{Heap after GC invocations=232 (full 0):
 garbage-first heap   total 350208K, used 24301K [0x0000000741200000, 0x0000000800000000)
  region size 2048K, 1 young (2048K), 1 survivors (2048K)
 Metaspace       used 18434K, committed 18688K, reserved 1114112K
  class space    used 2064K, committed 2176K, reserved 1048576K
}
Event: 45.379 GC heap before
{Heap before GC invocations=232 (full 0):
 garbage-first heap   total 350208K, used 231149K [0x0000000741200000, 0x0000000800000000)
  region size 2048K, 102 young (208896K), 1 survivors (2048K)
 Metaspace       used 18434K, committed 18688K, reserved 1114112K
  class space    used 2064K, committed 2176K, reserved 1048576K
}
Event: 45.380 GC heap after
{Heap after GC invocations=233 (full 0):
 garbage-first heap   total 350208K, used 24309K [0x0000000741200000, 0x0000000800000000)
  region size 2048K, 1 young (2048K), 1 survivors (2048K)
 Metaspace       used 18434K, committed 18688K, reserved 1114112K
  class space    used 2064K, committed 2176K, reserved 1048576K
}
Event: 45.544 GC heap before
{Heap before GC invocations=233 (full 0):
 garbage-first heap   total 350208K, used 231157K [0x0000000741200000, 0x0000000800000000)
  region size 2048K, 102 young (208896K), 1 survivors (2048K)
 Metaspace       used 18436K, committed 18688K, reserved 1114112K
  class space    used 2064K, committed 2176K, reserved 1048576K
}
Event: 45.545 GC heap after
{Heap after GC invocations=234 (full 0):
 garbage-first heap   total 350208K, used 24310K [0x0000000741200000, 0x0000000800000000)
  region size 2048K, 1 young (2048K), 1 survivors (2048K)
 Metaspace       used 18436K, committed 18688K, reserved 1114112K
  class space    used 2064K, committed 2176K, reserved 1048576K
}
Event: 45.719 GC heap before
{Heap before GC invocations=234 (full 0):
 garbage-first heap   total 350208K, used 231158K [0x0000000741200000, 0x0000000800000000)
  region size 2048K, 102 young (208896K), 1 survivors (2048K)
 Metaspace       used 18436K, committed 18688K, reserved 1114112K
  class space    used 2064K, committed 2176K, reserved 1048576K
}
Event: 45.720 GC heap after
{Heap after GC invocations=235 (full 0):
 garbage-first heap   total 350208K, used 24308K [0x0000000741200000, 0x0000000800000000)
  region size 2048K, 1 young (2048K), 1 survivors (2048K)
 Metaspace       used 18436K, committed 18688K, reserved 1114112K
  class space    used 2064K, committed 2176K, reserved 1048576K
}
Event: 45.881 GC heap before
{Heap before GC invocations=235 (full 0):
 garbage-first heap   total 350208K, used 231156K [0x0000000741200000, 0x0000000800000000)
  region size 2048K, 102 young (208896K), 1 survivors (2048K)
 Metaspace       used 18436K, committed 18688K, reserved 1114112K
  class space    used 2064K, committed 2176K, reserved 1048576K
}
Event: 45.882 GC heap after
{Heap after GC invocations=236 (full 0):
 garbage-first heap   total 350208K, used 24310K [0x0000000741200000, 0x0000000800000000)
  region size 2048K, 1 young (2048K), 1 survivors (2048K)
 Metaspace       used 18436K, committed 18688K, reserved 1114112K
  class space    used 2064K, committed 2176K, reserved 1048576K
}
Event: 46.037 GC heap before
{Heap before GC invocations=236 (full 0):
 garbage-first heap   total 350208K, used 231158K [0x0000000741200000, 0x0000000800000000)
  region size 2048K, 102 young (208896K), 1 survivors (2048K)
 Metaspace       used 18436K, committed 18688K, reserved 1114112K
  class space    used 2064K, committed 2176K, reserved 1048576K
}
Event: 46.038 GC heap after
{Heap after GC invocations=237 (full 0):
 garbage-first heap   total 350208K, used 24310K [0x0000000741200000, 0x0000000800000000)
  region size 2048K, 1 young (2048K), 1 survivors (2048K)
 Metaspace       used 18436K, committed 18688K, reserved 1114112K
  class space    used 2064K, committed 2176K, reserved 1048576K
}
Event: 46.204 GC heap before
{Heap before GC invocations=237 (full 0):
 garbage-first heap   total 350208K, used 231158K [0x0000000741200000, 0x0000000800000000)
  region size 2048K, 102 young (208896K), 1 survivors (2048K)
 Metaspace       used 18436K, committed 18688K, reserved 1114112K
  class space    used 2064K, committed 2176K, reserved 1048576K
}
Event: 46.205 GC heap after
{Heap after GC invocations=238 (full 0):
 garbage-first heap   total 350208K, used 24308K [0x0000000741200000, 0x0000000800000000)
  region size 2048K, 1 young (2048K), 1 survivors (2048K)
 Metaspace       used 18436K, committed 18688K, reserved 1114112K
  class space    used 2064K, committed 2176K, reserved 1048576K
}
Event: 46.366 GC heap before
{Heap before GC invocations=238 (full 0):
 garbage-first heap   total 350208K, used 231156K [0x0000000741200000, 0x0000000800000000)
  region size 2048K, 102 young (208896K), 1 survivors (2048K)
 Metaspace       used 18436K, committed 18688K, reserved 1114112K
  class space    used 2064K, committed 2176K, reserved 1048576K
}
Event: 46.367 GC heap after
{Heap after GC invocations=239 (full 0):
 garbage-first heap   total 350208K, used 24310K [0x0000000741200000, 0x0000000800000000)
  region size 2048K, 1 young (2048K), 1 survivors (2048K)
 Metaspace       used 18436K, committed 18688K, reserved 1114112K
  class space    used 2064K, committed 2176K, reserved 1048576K
}
Event: 46.532 GC heap before
{Heap before GC invocations=239 (full 0):
 garbage-first heap   total 350208K, used 231158K [0x0000000741200000, 0x0000000800000000)
  region size 2048K, 102 young (208896K), 1 survivors (2048K)
 Metaspace       used 18436K, committed 18688K, reserved 1114112K
  class space    used 2064K, committed 2176K, reserved 1048576K
}
Event: 46.533 GC heap after
{Heap after GC invocations=240 (full 0):
 garbage-first heap   total 350208K, used 24308K [0x0000000741200000, 0x0000000800000000)
  region size 2048K, 1 young (2048K), 1 survivors (2048K)
 Metaspace       used 18436K, committed 18688K, reserved 1114112K
  class space    used 2064K, committed 2176K, reserved 1048576K
}

Deoptimization events (20 events):
Event: 16.490 Thread 0x0000016ffd92ea90 DEOPT PACKING pc=0x0000016fec47680c sp=0x0000004971cfe210
Event: 16.490 Thread 0x0000016ffd92ea90 DEOPT UNPACKING pc=0x0000016febd823a3 sp=0x0000004971cfe1b8 mode 2
Event: 16.490 Thread 0x0000016ffd92ea90 Uncommon trap: trap_request=0xffffffbe fr.pc=0x0000016fec47680c relative=0x00000000000002cc
Event: 16.490 Thread 0x0000016ffd92ea90 Uncommon trap: reason=profile_predicate action=maybe_recompile pc=0x0000016fec47680c method=java.util.WeakHashMap.get(Ljava/lang/Object;)Ljava/lang/Object; @ 35 c2
Event: 16.490 Thread 0x0000016ffd92ea90 DEOPT PACKING pc=0x0000016fec47680c sp=0x0000004971cfd910
Event: 16.490 Thread 0x0000016ffd92ea90 DEOPT UNPACKING pc=0x0000016febd823a3 sp=0x0000004971cfd8b8 mode 2
Event: 16.490 Thread 0x0000016ffd92ea90 Uncommon trap: trap_request=0xffffffbe fr.pc=0x0000016fec47680c relative=0x00000000000002cc
Event: 16.490 Thread 0x0000016ffd92ea90 Uncommon trap: reason=profile_predicate action=maybe_recompile pc=0x0000016fec47680c method=java.util.WeakHashMap.get(Ljava/lang/Object;)Ljava/lang/Object; @ 35 c2
Event: 16.490 Thread 0x0000016ffd92ea90 DEOPT PACKING pc=0x0000016fec47680c sp=0x0000004971cfd910
Event: 16.490 Thread 0x0000016ffd92ea90 DEOPT UNPACKING pc=0x0000016febd823a3 sp=0x0000004971cfd8b8 mode 2
Event: 24.990 Thread 0x0000016ffd9302a0 Uncommon trap: trap_request=0xfffffff4 fr.pc=0x0000016fec487200 relative=0x0000000000000420
Event: 24.991 Thread 0x0000016ffd9302a0 Uncommon trap: reason=null_check action=make_not_entrant pc=0x0000016fec487200 method=com.sun.jna.Native.getNativeSize(Ljava/lang/Class;Ljava/lang/Object;)I @ 83 c2
Event: 24.991 Thread 0x0000016ffd9302a0 DEOPT PACKING pc=0x0000016fec487200 sp=0x0000004971cfe3e0
Event: 24.991 Thread 0x0000016ffd9302a0 DEOPT UNPACKING pc=0x0000016febd823a3 sp=0x0000004971cfe398 mode 2
Event: 37.742 Thread 0x0000016ffd9302a0 Uncommon trap: trap_request=0xfffffff4 fr.pc=0x0000016fec49beb0 relative=0x00000000000008d0
Event: 37.742 Thread 0x0000016ffd9302a0 Uncommon trap: reason=null_check action=make_not_entrant pc=0x0000016fec49beb0 method=com.sun.jna.Native.getNativeSize(Ljava/lang/Class;)I @ 23 c2
Event: 37.742 Thread 0x0000016ffd9302a0 DEOPT PACKING pc=0x0000016fec49beb0 sp=0x0000004971cfe330
Event: 37.742 Thread 0x0000016ffd9302a0 DEOPT UNPACKING pc=0x0000016febd823a3 sp=0x0000004971cfe300 mode 2
Event: 40.194 Thread 0x0000016ffd365260 DEOPT PACKING pc=0x0000016fe4e3ae25 sp=0x0000004970ffeca0
Event: 40.194 Thread 0x0000016ffd365260 DEOPT UNPACKING pc=0x0000016febd82b43 sp=0x0000004970ffe138 mode 0

Classes unloaded (0 events):
No events

Classes redefined (0 events):
No events

Internal exceptions (20 events):
Event: 0.108 Thread 0x0000016fdcf57640 Exception <a 'java/lang/ClassNotFoundException'{0x000000074d1b2cf8}: sun/awt/resources/spi/awtProvider> (0x000000074d1b2cf8) 
thrown [s\open\src\hotspot\share\classfile\systemDictionary.cpp, line 256]
Event: 0.131 Thread 0x0000016fdcf57640 Exception <a 'java/io/FileNotFoundException'{0x000000074ce0b230}> (0x000000074ce0b230) 
thrown [s\open\src\hotspot\share\prims\jni.cpp, line 516]
Event: 0.139 Thread 0x0000016fdcf57640 Exception <a 'java/io/FileNotFoundException'{0x000000074ce381b8}> (0x000000074ce381b8) 
thrown [s\open\src\hotspot\share\prims\jni.cpp, line 516]
Event: 0.174 Thread 0x0000016fdcf57640 Exception <a 'java/lang/NoSuchMethodError'{0x000000074ce6ee70}: 'java.lang.Object java.lang.invoke.DirectMethodHandle$Holder.invokeStaticInit(java.lang.Object)'> (0x000000074ce6ee70) 
thrown [s\open\src\hotspot\share\interpreter\linkResolver.cpp, line 759]
Event: 0.204 Thread 0x0000016fdcf57640 Exception <a 'java/lang/NoSuchMethodError'{0x000000074ceb43e8}: 'void java.lang.invoke.DirectMethodHandle$Holder.invokeSpecial(java.lang.Object, java.lang.Object, java.lang.Object)'> (0x000000074ceb43e8) 
thrown [s\open\src\hotspot\share\interpreter\linkResolver.cpp, line 759]
Event: 0.213 Thread 0x0000016fdcf57640 Exception <a 'java/lang/NoSuchMethodError'{0x000000074cf1bea0}: 'java.lang.Object java.lang.invoke.DirectMethodHandle$Holder.newInvokeSpecial(java.lang.Object, java.lang.Object, java.lang.Object, java.lang.Object, java.lang.Object)'> (0x000000074cf1bea0) 
thrown [s\open\src\hotspot\share\interpreter\linkResolver.cpp, line 759]
Event: 0.215 Thread 0x0000016fdcf57640 Exception <a 'java/lang/NoSuchMethodError'{0x000000074cf27868}: 'java.lang.Object java.lang.invoke.DirectMethodHandle$Holder.invokeStatic(java.lang.Object, int, java.lang.Object, java.lang.Object, java.lang.Object, java.lang.Object)'> (0x000000074cf27868) 
thrown [s\open\src\hotspot\share\interpreter\linkResolver.cpp, line 759]
Event: 0.219 Thread 0x0000016fdcf57640 Exception <a 'java/lang/NoSuchMethodError'{0x000000074cf4d290}: 'java.lang.Object java.lang.invoke.DirectMethodHandle$Holder.invokeStatic(java.lang.Object, int, java.lang.Object)'> (0x000000074cf4d290) 
thrown [s\open\src\hotspot\share\interpreter\linkResolver.cpp, line 759]
Event: 0.253 Thread 0x0000016fdcf57640 Exception <a 'java/lang/ClassNotFoundException'{0x000000074cc08058}: com/sun/swing/internal/plaf/metal/resources/spi/metalProvider> (0x000000074cc08058) 
thrown [s\open\src\hotspot\share\classfile\systemDictionary.cpp, line 256]
Event: 0.255 Thread 0x0000016fdcf57640 Exception <a 'java/lang/ClassNotFoundException'{0x000000074cc0bcb8}: com/sun/swing/internal/plaf/basic/resources/spi/basicProvider> (0x000000074cc0bcb8) 
thrown [s\open\src\hotspot\share\classfile\systemDictionary.cpp, line 256]
Event: 0.256 Thread 0x0000016fdcf57640 Exception <a 'java/lang/NoSuchMethodError'{0x000000074cc149e0}: 'void java.lang.invoke.DirectMethodHandle$Holder.invokeStatic(java.lang.Object, java.lang.Object, java.lang.Object)'> (0x000000074cc149e0) 
thrown [s\open\src\hotspot\share\interpreter\linkResolver.cpp, line 759]
Event: 0.258 Thread 0x0000016fdcf57640 Exception <a 'java/lang/NoSuchMethodError'{0x000000074cc1adc0}: 'void java.lang.invoke.DirectMethodHandle$Holder.invokeStatic(java.lang.Object, java.lang.Object)'> (0x000000074cc1adc0) 
thrown [s\open\src\hotspot\share\interpreter\linkResolver.cpp, line 759]
Event: 0.270 Thread 0x0000016ffd33cca0 Exception <a 'java/lang/NoSuchMethodError'{0x000000074cc4b2e0}: 'java.lang.Object java.lang.invoke.DirectMethodHandle$Holder.newInvokeSpecial(java.lang.Object, java.lang.Object, java.lang.Object, int, int, int, int, int)'> (0x000000074cc4b2e0) 
thrown [s\open\src\hotspot\share\interpreter\linkResolver.cpp, line 759]
Event: 1.119 Thread 0x0000016fdcf57640 Exception <a 'java/lang/NoSuchMethodError'{0x000000074c6f4e60}: 'void java.lang.invoke.DirectMethodHandle$Holder.invokeStaticInit(java.lang.Object)'> (0x000000074c6f4e60) 
thrown [s\open\src\hotspot\share\interpreter\linkResolver.cpp, line 759]
Event: 1.200 Thread 0x0000016ffd324de0 Exception <a 'java/lang/NoSuchMethodError'{0x000000074cec86a0}: 'void java.lang.invoke.DirectMethodHandle$Holder.invokeVirtual(java.lang.Object, java.lang.Object)'> (0x000000074cec86a0) 
thrown [s\open\src\hotspot\share\interpreter\linkResolver.cpp, line 759]
Event: 4.019 Thread 0x0000016ffd365260 Implicit null exception at 0x0000016fec33cf14 to 0x0000016fec33d084
Event: 4.077 Thread 0x0000016ffd365260 Exception <a 'java/lang/NoSuchMethodError'{0x0000000755d02898}: 'int java.lang.invoke.DirectMethodHandle$Holder.invokeStatic(java.lang.Object)'> (0x0000000755d02898) 
thrown [s\open\src\hotspot\share\interpreter\linkResolver.cpp, line 759]
Event: 11.117 Thread 0x0000016ffd365260 Exception <a 'java/lang/NoSuchMethodError'{0x0000000752e04120}: 'java.lang.Object java.lang.invoke.DirectMethodHandle$Holder.invokeStaticInit(java.lang.Object, int, int, int, int)'> (0x0000000752e04120) 
thrown [s\open\src\hotspot\share\interpreter\linkResolver.cpp, line 759]
Event: 11.233 Thread 0x0000016ffd365260 Exception <a 'java/lang/NoSuchMethodError'{0x000000074c512890}: 'java.lang.Object java.lang.invoke.DirectMethodHandle$Holder.invokeStaticInit(java.lang.Object, java.lang.Object, int, int, int, int)'> (0x000000074c512890) 
thrown [s\open\src\hotspot\share\interpreter\linkResolver.cpp, line 759]
Event: 11.270 Thread 0x0000016ffd365260 Exception <a 'java/lang/NullPointerException'{0x0000000749e00440}> (0x0000000749e00440) 
thrown [s\open\src\hotspot\share\interpreter\linkResolver.cpp, line 1350]

VM Operations (20 events):
Event: 45.029 Executing VM operation: G1CollectForAllocation
Event: 45.030 Executing VM operation: G1CollectForAllocation done
Event: 45.214 Executing VM operation: G1CollectForAllocation
Event: 45.216 Executing VM operation: G1CollectForAllocation done
Event: 45.379 Executing VM operation: G1CollectForAllocation
Event: 45.380 Executing VM operation: G1CollectForAllocation done
Event: 45.543 Executing VM operation: G1CollectForAllocation
Event: 45.545 Executing VM operation: G1CollectForAllocation done
Event: 45.719 Executing VM operation: G1CollectForAllocation
Event: 45.720 Executing VM operation: G1CollectForAllocation done
Event: 45.880 Executing VM operation: G1CollectForAllocation
Event: 45.882 Executing VM operation: G1CollectForAllocation done
Event: 46.037 Executing VM operation: G1CollectForAllocation
Event: 46.038 Executing VM operation: G1CollectForAllocation done
Event: 46.204 Executing VM operation: G1CollectForAllocation
Event: 46.205 Executing VM operation: G1CollectForAllocation done
Event: 46.366 Executing VM operation: G1CollectForAllocation
Event: 46.367 Executing VM operation: G1CollectForAllocation done
Event: 46.532 Executing VM operation: G1CollectForAllocation
Event: 46.533 Executing VM operation: G1CollectForAllocation done

Events (20 events):
Event: 45.278 Thread 0x0000016ffd92ea90 Thread exited: 0x0000016ffd92ea90
Event: 45.278 Thread 0x0000016ffd931110 Thread added: 0x0000016ffd931110
Event: 45.279 Thread 0x0000016ffd931110 Thread exited: 0x0000016ffd931110
Event: 45.527 Thread 0x0000016ffd931110 Thread added: 0x0000016ffd931110
Event: 45.528 Thread 0x0000016ffd931110 Thread exited: 0x0000016ffd931110
Event: 45.528 Thread 0x0000016ffd92ea90 Thread added: 0x0000016ffd92ea90
Event: 45.529 Thread 0x0000016ffd92ea90 Thread exited: 0x0000016ffd92ea90
Event: 45.778 Thread 0x0000016ffd931110 Thread added: 0x0000016ffd931110
Event: 45.779 Thread 0x0000016ffd931110 Thread exited: 0x0000016ffd931110
Event: 45.779 Thread 0x0000016ffd92ea90 Thread added: 0x0000016ffd92ea90
Event: 45.780 Thread 0x0000016ffd92ea90 Thread exited: 0x0000016ffd92ea90
Event: 46.028 Thread 0x0000016ffd92ea90 Thread added: 0x0000016ffd92ea90
Event: 46.028 Thread 0x0000016ffd92ea90 Thread exited: 0x0000016ffd92ea90
Event: 46.028 Thread 0x0000016ffd931110 Thread added: 0x0000016ffd931110
Event: 46.029 Thread 0x0000016ffd931110 Thread exited: 0x0000016ffd931110
Event: 46.278 Thread 0x0000016ffd931110 Thread added: 0x0000016ffd931110
Event: 46.278 Thread 0x0000016ffd931110 Thread exited: 0x0000016ffd931110
Event: 46.278 Thread 0x0000016ffd92ea90 Thread added: 0x0000016ffd92ea90
Event: 46.279 Thread 0x0000016ffd92ea90 Thread exited: 0x0000016ffd92ea90
Event: 46.590 Thread 0x0000016ffd9315e0 Thread exited: 0x0000016ffd9315e0


Dynamic libraries:
0x00007ff734890000 - 0x00007ff7348a0000 	C:\Program Files\Java\jdk-17\bin\java.exe
0x00007fff41170000 - 0x00007fff41368000 	C:\Windows\SYSTEM32\ntdll.dll
0x00007fff40a70000 - 0x00007fff40b2d000 	C:\Windows\System32\KERNEL32.DLL
0x00007fff3e8d0000 - 0x00007fff3ebc6000 	C:\Windows\System32\KERNELBASE.dll
0x00007fff3ec80000 - 0x00007fff3ed80000 	C:\Windows\System32\ucrtbase.dll
0x00007fff399b0000 - 0x00007fff399cb000 	C:\Program Files\Java\jdk-17\bin\VCRUNTIME140.dll
0x00007fff2a4a0000 - 0x00007fff2a4b9000 	C:\Program Files\Java\jdk-17\bin\jli.dll
0x00007fff3f910000 - 0x00007fff3f9c0000 	C:\Windows\System32\ADVAPI32.dll
0x00007fff40cc0000 - 0x00007fff40d5e000 	C:\Windows\System32\msvcrt.dll
0x00007fff3f280000 - 0x00007fff3f320000 	C:\Windows\System32\sechost.dll
0x00007fff41000000 - 0x00007fff41125000 	C:\Windows\System32\RPCRT4.dll
0x00007fff3e850000 - 0x00007fff3e877000 	C:\Windows\System32\bcrypt.dll
0x00007fff3fdb0000 - 0x00007fff3ff4e000 	C:\Windows\System32\USER32.dll
0x00007fff3e820000 - 0x00007fff3e842000 	C:\Windows\System32\win32u.dll
0x00007fff242b0000 - 0x00007fff2454a000 	C:\Windows\WinSxS\amd64_microsoft.windows.common-controls_6595b64144ccf1df_6.0.19041.3636_none_60b6a03d71f818d5\COMCTL32.dll
0x00007fff3f1a0000 - 0x00007fff3f1cb000 	C:\Windows\System32\GDI32.dll
0x00007fff3eee0000 - 0x00007fff3eff7000 	C:\Windows\System32\gdi32full.dll
0x00007fff3f000000 - 0x00007fff3f09d000 	C:\Windows\System32\msvcp_win.dll
0x00007fff37cd0000 - 0x00007fff37cda000 	C:\Windows\SYSTEM32\VERSION.dll
0x00007fff3f320000 - 0x00007fff3f352000 	C:\Windows\System32\IMM32.DLL
0x00007fff35760000 - 0x00007fff3576c000 	C:\Program Files\Java\jdk-17\bin\vcruntime140_1.dll
0x00007fff1ba80000 - 0x00007fff1bb0e000 	C:\Program Files\Java\jdk-17\bin\msvcp140.dll
0x00007ffecee60000 - 0x00007ffecfa3e000 	C:\Program Files\Java\jdk-17\bin\server\jvm.dll
0x00007fff3f360000 - 0x00007fff3f368000 	C:\Windows\System32\PSAPI.DLL
0x00007fff39e50000 - 0x00007fff39e59000 	C:\Windows\SYSTEM32\WSOCK32.dll
0x00007fff27360000 - 0x00007fff27387000 	C:\Windows\SYSTEM32\WINMM.dll
0x00007fff40810000 - 0x00007fff4087b000 	C:\Windows\System32\WS2_32.dll
0x00007fff3c6d0000 - 0x00007fff3c6e2000 	C:\Windows\SYSTEM32\kernel.appcore.dll
0x00007fff2dfb0000 - 0x00007fff2dfba000 	C:\Program Files\Java\jdk-17\bin\jimage.dll
0x00007fff2b910000 - 0x00007fff2baf4000 	C:\Windows\SYSTEM32\DBGHELP.DLL
0x00007fff2c250000 - 0x00007fff2c284000 	C:\Windows\SYSTEM32\dbgcore.DLL
0x00007fff3f110000 - 0x00007fff3f192000 	C:\Windows\System32\bcryptPrimitives.dll
0x00007fff1c7c0000 - 0x00007fff1c7e5000 	C:\Program Files\Java\jdk-17\bin\java.dll
0x00007fff1bd90000 - 0x00007fff1be67000 	C:\Program Files\Java\jdk-17\bin\jsvml.dll
0x00007fff400a0000 - 0x00007fff4080b000 	C:\Windows\System32\SHELL32.dll
0x00007fff3c8d0000 - 0x00007fff3d06e000 	C:\Windows\SYSTEM32\windows.storage.dll
0x00007fff3fa50000 - 0x00007fff3fda3000 	C:\Windows\System32\combase.dll
0x00007fff3e180000 - 0x00007fff3e1ae000 	C:\Windows\SYSTEM32\Wldp.dll
0x00007fff3f370000 - 0x00007fff3f43d000 	C:\Windows\System32\OLEAUT32.dll
0x00007fff3f1d0000 - 0x00007fff3f27d000 	C:\Windows\System32\SHCORE.dll
0x00007fff40de0000 - 0x00007fff40e35000 	C:\Windows\System32\shlwapi.dll
0x00007fff3e750000 - 0x00007fff3e775000 	C:\Windows\SYSTEM32\profapi.dll
0x00007fff24550000 - 0x00007fff24569000 	C:\Program Files\Java\jdk-17\bin\net.dll
0x00007fff364d0000 - 0x00007fff365da000 	C:\Windows\SYSTEM32\WINHTTP.dll
0x00007fff3dee0000 - 0x00007fff3df4a000 	C:\Windows\system32\mswsock.dll
0x00007fff1e2b0000 - 0x00007fff1e2c6000 	C:\Program Files\Java\jdk-17\bin\nio.dll
0x00007fff1cfc0000 - 0x00007fff1cfd8000 	C:\Program Files\Java\jdk-17\bin\zip.dll
0x00007fff0e390000 - 0x00007fff0e521000 	C:\Program Files\Java\jdk-17\bin\awt.dll
0x00007fff3c030000 - 0x00007fff3c0c0000 	C:\Windows\SYSTEM32\apphelp.dll
0x00007fff3c200000 - 0x00007fff3c29e000 	C:\Windows\system32\uxtheme.dll
0x00007fff3ff60000 - 0x00007fff40075000 	C:\Windows\System32\MSCTF.dll
0x00007fff40b90000 - 0x00007fff40cbb000 	C:\Windows\System32\ole32.dll
0x00007fff3c2e0000 - 0x00007fff3c30f000 	C:\Windows\system32\DWMAPI.DLL
0x00007fff20ae0000 - 0x00007fff20b90000 	C:\Windows\WinSxS\amd64_microsoft.windows.common-controls_6595b64144ccf1df_5.82.19041.3636_none_7931fb75243f97c8\comctl32.dll
0x00007fff1b9f0000 - 0x00007fff1ba76000 	C:\Program Files\Java\jdk-17\bin\freetype.dll
0x00007fff12800000 - 0x00007fff128d3000 	C:\Program Files\Java\jdk-17\bin\fontmanager.dll
0x00007fff130d0000 - 0x00007fff131f5000 	C:\Windows\system32\opengl32.dll
0x00007fff130a0000 - 0x00007fff130cc000 	C:\Windows\SYSTEM32\GLU32.dll
0x00007fff343e0000 - 0x00007fff3441b000 	C:\Windows\SYSTEM32\dxcore.dll
0x00007fff3e880000 - 0x00007fff3e8ce000 	C:\Windows\System32\cfgmgr32.dll
0x00007fff408e0000 - 0x00007fff40989000 	C:\Windows\System32\clbcatq.dll
0x00007fff3a030000 - 0x00007fff3a126000 	C:\Windows\SYSTEM32\PROPSYS.dll
0x00007fff1d6f0000 - 0x00007fff1d707000 	C:\Windows\system32\NetworkExplorer.dll
0x00007fff23fc0000 - 0x00007fff23fdd000 	C:\Windows\SYSTEM32\MPR.dll
0x00007fff3a4a0000 - 0x00007fff3a4ab000 	C:\Windows\System32\drprov.dll
0x00007fff3e550000 - 0x00007fff3e5ab000 	C:\Windows\System32\WINSTA.dll
0x00007fff38f80000 - 0x00007fff38f9f000 	C:\Windows\System32\ntlanman.dll
0x00007fff358e0000 - 0x00007fff358fe000 	C:\Windows\System32\davclnt.dll
0x00007fff38460000 - 0x00007fff3846d000 	C:\Windows\System32\DAVHLPR.dll
0x00007fff3d930000 - 0x00007fff3d949000 	C:\Windows\System32\wkscli.dll
0x00007fff129d0000 - 0x00007fff129e2000 	C:\Windows\SYSTEM32\cscapi.dll
0x00007fff3dce0000 - 0x00007fff3dcec000 	C:\Windows\System32\netutils.dll
0x00007fff0a300000 - 0x00007fff0a356000 	C:\Windows\System32\dlnashext.dll
0x00007fff17d40000 - 0x00007fff17da4000 	C:\Windows\System32\PlayToDevice.dll
0x00007fff3a440000 - 0x00007fff3a460000 	C:\Windows\System32\DevDispItemProvider.dll
0x00007fff38ea0000 - 0x00007fff38f25000 	C:\Windows\System32\MMDevApi.dll
0x00007fff3e4e0000 - 0x00007fff3e513000 	C:\Windows\System32\DEVOBJ.dll
0x00007fff097c0000 - 0x00007fff09861000 	C:\Windows\system32\wpdshext.dll
0x00007fff2bb30000 - 0x00007fff2bcd7000 	C:\Windows\WinSxS\amd64_microsoft.windows.gdiplus_6595b64144ccf1df_1.1.19041.3996_none_91a79472cc852ba0\gdiplus.dll
0x00007fff39870000 - 0x00007fff39913000 	C:\Windows\System32\PortableDeviceApi.dll
0x00007fff3f440000 - 0x00007fff3f8ae000 	C:\Windows\System32\SETUPAPI.dll
0x00007fff3f0a0000 - 0x00007fff3f107000 	C:\Windows\System32\WINTRUST.dll
0x00007fff3ed80000 - 0x00007fff3eedd000 	C:\Windows\System32\CRYPT32.dll
0x00007fff3e310000 - 0x00007fff3e322000 	C:\Windows\System32\MSASN1.dll
0x00007fff2f2b0000 - 0x00007fff2f2e7000 	C:\Windows\System32\EhStorShell.dll
0x00007fff1caa0000 - 0x00007fff1cac6000 	C:\Windows\System32\EhStorAPI.dll
0x00007fff39c80000 - 0x00007fff39c94000 	C:\Windows\System32\WTSAPI32.dll
0x00007fff3a430000 - 0x00007fff3a43d000 	C:\Windows\SYSTEM32\LINKINFO.dll
0x00007fff38080000 - 0x00007fff38234000 	C:\Windows\SYSTEM32\WindowsCodecs.dll
0x00007fff39ef0000 - 0x00007fff39f2e000 	C:\Windows\system32\dataexchange.dll
0x00007fff3b7a0000 - 0x00007fff3b983000 	C:\Windows\system32\dcomp.dll
0x00007fff3b070000 - 0x00007fff3b2d3000 	C:\Windows\system32\d3d11.dll
0x00007fff3d0d0000 - 0x00007fff3d1c3000 	C:\Windows\system32\dxgi.dll
0x00007fff377b0000 - 0x00007fff379b3000 	C:\Windows\system32\twinapi.appcore.dll
0x00007fff2ec80000 - 0x00007fff2ed79000 	C:\Windows\SYSTEM32\textinputframework.dll
0x00007fff3b440000 - 0x00007fff3b79b000 	C:\Windows\System32\CoreUIComponents.dll
0x00007fff3bd10000 - 0x00007fff3be02000 	C:\Windows\System32\CoreMessaging.dll
0x00007fff3d950000 - 0x00007fff3d983000 	C:\Windows\SYSTEM32\ntmarta.dll
0x00007fff3a4f0000 - 0x00007fff3a645000 	C:\Windows\SYSTEM32\wintypes.dll
0x00007fff2be90000 - 0x00007fff2bea0000 	C:\Program Files\Java\jdk-17\bin\verify.dll
0x00007fff3e0d0000 - 0x00007fff3e0e8000 	C:\Windows\SYSTEM32\CRYPTSP.dll
0x00007fff3d810000 - 0x00007fff3d844000 	C:\Windows\system32\rsaenh.dll
0x00007fff3e710000 - 0x00007fff3e73e000 	C:\Windows\SYSTEM32\USERENV.dll
0x00007fff3e0f0000 - 0x00007fff3e0fc000 	C:\Windows\SYSTEM32\CRYPTBASE.dll
0x00007fff3dbd0000 - 0x00007fff3dc0b000 	C:\Windows\SYSTEM32\IPHLPAPI.DLL
0x00007fff40e40000 - 0x00007fff40e48000 	C:\Windows\System32\NSI.dll
0x00007fff37060000 - 0x00007fff37077000 	C:\Windows\SYSTEM32\dhcpcsvc6.DLL
0x00007fff37d00000 - 0x00007fff37d1d000 	C:\Windows\SYSTEM32\dhcpcsvc.DLL
0x00007fff3dc10000 - 0x00007fff3dcdb000 	C:\Windows\SYSTEM32\DNSAPI.dll
0x00007fff1c6b0000 - 0x00007fff1c6e7000 	C:\Users\Michael Balibrea\AppData\Local\Temp\jna-Michael Balibrea\jna11546064559399383256.dll
0x00007fff1be80000 - 0x00007fff1beb4000 	C:\Program Files\VideoLAN\VLC\libvlc.dll
0x00007ffed13e0000 - 0x00007ffed1696000 	C:\Program Files\VideoLAN\VLC\libvlccore.dll
0x00007fff1c760000 - 0x00007fff1c778000 	C:\Program Files\VideoLAN\VLC\plugins\logger\libfile_logger_plugin.dll
0x00007fff1c710000 - 0x00007fff1c727000 	C:\Program Files\VideoLAN\VLC\plugins\logger\libconsole_logger_plugin.dll
0x00007fff17d20000 - 0x00007fff17d31000 	C:\Program Files\VideoLAN\VLC\plugins\keystore\libmemory_keystore_plugin.dll
0x00007fff17ca0000 - 0x00007fff17cb7000 	C:\Program Files\VideoLAN\VLC\plugins\audio_output\libmmdevice_plugin.dll
0x00007fff393f0000 - 0x00007fff39572000 	C:\Windows\SYSTEM32\AUDIOSES.DLL
0x00007fff3e5d0000 - 0x00007fff3e61b000 	C:\Windows\SYSTEM32\powrprof.dll
0x00007fff3e5b0000 - 0x00007fff3e5c2000 	C:\Windows\SYSTEM32\UMPDC.dll
0x00007fff2f060000 - 0x00007fff2f1a1000 	C:\Windows\System32\Windows.UI.dll
0x00007fff37d20000 - 0x00007fff37dc1000 	C:\Windows\System32\WindowManagementAPI.dll
0x00007fff2ef00000 - 0x00007fff2f052000 	C:\Windows\System32\InputHost.dll
0x00007fff3be70000 - 0x00007fff3be77000 	C:\Program Files\Java\jdk-17\bin\jawt.dll
0x00007ffed2240000 - 0x00007ffed244b000 	C:\Program Files\VideoLAN\VLC\plugins\access\liblibbluray_plugin.dll
0x00007fff086b0000 - 0x00007fff086f1000 	C:\Program Files\VideoLAN\VLC\plugins\access\libdvdnav_plugin.dll
0x00007fff0a060000 - 0x00007fff0a081000 	C:\Program Files\VideoLAN\VLC\plugins\access\libvdr_plugin.dll
0x00007fff17c80000 - 0x00007fff17c98000 	C:\Program Files\VideoLAN\VLC\plugins\access\libfilesystem_plugin.dll
0x00007fff0e300000 - 0x00007fff0e311000 	C:\Program Files\VideoLAN\VLC\plugins\stream_filter\libprefetch_plugin.dll

dbghelp: loaded successfully - version: 4.0.5 - missing functions: none
symbol engine: initialized successfully - sym options: 0x614 - pdb path: .;C:\Program Files\Java\jdk-17\bin;C:\Windows\SYSTEM32;C:\Windows\WinSxS\amd64_microsoft.windows.common-controls_6595b64144ccf1df_6.0.19041.3636_none_60b6a03d71f818d5;C:\Program Files\Java\jdk-17\bin\server;C:\Windows\WinSxS\amd64_microsoft.windows.common-controls_6595b64144ccf1df_5.82.19041.3636_none_7931fb75243f97c8;C:\Windows\WinSxS\amd64_microsoft.windows.gdiplus_6595b64144ccf1df_1.1.19041.3996_none_91a79472cc852ba0;C:\Users\Michael Balibrea\AppData\Local\Temp\jna-Michael Balibrea;C:\Program Files\VideoLAN\VLC;C:\Program Files\VideoLAN\VLC\plugins\logger;C:\Program Files\VideoLAN\VLC\plugins\keystore;C:\Program Files\VideoLAN\VLC\plugins\audio_output;C:\Program Files\VideoLAN\VLC\plugins\access;C:\Program Files\VideoLAN\VLC\plugins\stream_filter;C:\Program Files\VideoLAN\VLC\plugins\demux;C:\Program Files\VideoLAN\VLC\plugins\lua;C:\Program Files\VideoLAN\VLC\plugins\stream_extractor;C:\Program Files\VideoLAN\VLC\plugins\codec;C:\Program Files\VideoLAN\VLC\plugins\meta_engine;C:\Program Files\VideoLAN\VLC\plugins\text_renderer;C:\Program Files\VideoLAN\VLC\plugins\video_chroma;C:\Program Files\VideoLAN\VLC\plugins\d3d9;C:\Program Files\VideoLAN\VLC\plugins\d3d11;C:\Program Files\VideoLAN\VLC\plugins\video_output;C:\Windows\System32\DriverStore\FileRepository\iigd_dch.inf_amd64_51f685305808e3a5;C:\Program Files\VideoLAN\VLC\plugins\audio_mixer;C:\Program Files\VideoLAN\VLC\plugins\audio_filter

VM Arguments:
java_command: happybuttons.HappyButtons
java_class_path (initial): C:\Users\Michael Balibrea\Documents\NetBeansProjects\HappyButtons\target\classes;C:\Users\Michael Balibrea\.m2\repository\org\netbeans\external\AbsoluteLayout\RELEASE180\AbsoluteLayout-RELEASE180.jar;C:\Users\Michael Balibrea\.m2\repository\uk\co\caprica\vlcj\3.0.1\vlcj-3.0.1.jar;C:\Users\Michael Balibrea\.m2\repository\net\java\dev\jna\jna\3.5.2\jna-3.5.2.jar;C:\Users\Michael Balibrea\.m2\repository\net\java\dev\jna\platform\3.5.2\platform-3.5.2.jar
Launcher Type: SUN_STANDARD

[Global flags]
     intx CICompilerCount                          = 3                                         {product} {ergonomic}
     uint ConcGCThreads                            = 1                                         {product} {ergonomic}
     uint G1ConcRefinementThreads                  = 4                                         {product} {ergonomic}
   size_t G1HeapRegionSize                         = 2097152                                   {product} {ergonomic}
    uintx GCDrainStackTargetSize                   = 64                                        {product} {ergonomic}
   size_t InitialHeapSize                          = 201326592                                 {product} {ergonomic}
   size_t MarkStackSize                            = 4194304                                   {product} {ergonomic}
   size_t MaxHeapSize                              = 3202351104                                {product} {ergonomic}
   size_t MaxNewSize                               = 1920991232                                {product} {ergonomic}
   size_t MinHeapDeltaBytes                        = 2097152                                   {product} {ergonomic}
   size_t MinHeapSize                              = 8388608                                   {product} {ergonomic}
    uintx NonNMethodCodeHeapSize                   = 5832780                                {pd product} {ergonomic}
    uintx NonProfiledCodeHeapSize                  = 122912730                              {pd product} {ergonomic}
    uintx ProfiledCodeHeapSize                     = 122912730                              {pd product} {ergonomic}
    uintx ReservedCodeCacheSize                    = 251658240                              {pd product} {ergonomic}
     bool SegmentedCodeCache                       = true                                      {product} {ergonomic}
   size_t SoftMaxHeapSize                          = 3202351104                             {manageable} {ergonomic}
     bool UseCompressedClassPointers               = true                           {product lp64_product} {ergonomic}
     bool UseCompressedOops                        = true                           {product lp64_product} {ergonomic}
     bool UseG1GC                                  = true                                      {product} {ergonomic}
     bool UseLargePagesIndividualAllocation        = false                                  {pd product} {ergonomic}

Logging:
Log output configuration:
 #0: stdout all=warning uptime,level,tags
 #1: stderr all=off uptime,level,tags

Environment Variables:
JAVA_HOME=C:\Program Files\Java\jdk-17
PATH=C:\Program Files\Java\jdk-17\bin;C:\Program Files\Common Files\Oracle\Java\javapath;C:\Program Files (x86)\Common Files\Oracle\Java\javapath;C:\Windows\system32;C:\Windows;C:\Windows\System32\Wbem;C:\Windows\System32\WindowsPowerShell\v1.0\;C:\Windows\System32\OpenSSH\;C:\Program Files\Git\cmd;C:\xampp\php;C:\composer;C:\Users\Michael Balibrea\AppData\Local\Microsoft\WindowsApps;C:\Users\Michael Balibrea\AppData\Local\Programs\Microsoft VS Code\bin;C:\Users\Michael Balibrea\AppData\Local\GitHubDesktop\bin;C:\Users\Michael Balibrea\AppData\Roaming\Composer\vendor\bin
USERNAME=Michael Balibrea
OS=Windows_NT
PROCESSOR_IDENTIFIER=Intel64 Family 6 Model 78 Stepping 3, GenuineIntel



---------------  S Y S T E M  ---------------

OS:
 Windows 10 , 64 bit Build 19041 (10.0.19041.3636)
OS uptime: 0 days 3:44 hours

CPU: total 4 (initial active 4) (2 cores per cpu, 2 threads per core) family 6 model 78 stepping 3 microcode 0xcc, cx8, cmov, fxsr, ht, mmx, 3dnowpref, sse, sse2, sse3, ssse3, sse4.1, sse4.2, popcnt, lzcnt, tsc, tscinvbit, avx, avx2, aes, erms, clmul, bmi1, bmi2, adx, fma, vzeroupper, clflush, clflushopt

Memory: 4k page, system-wide physical 12210M (6058M free)
TotalPageFile size 14066M (AvailPageFile size 6545M)
current process WorkingSet (physical memory assigned to process): 446M, peak: 516M
current process commit charge ("private bytes"): 529M, peak: 614M

vm_info: Java HotSpot(TM) 64-Bit Server VM (17.0.8+9-LTS-211) for windows-amd64 JRE (17.0.8+9-LTS-211), built on Jun 14 2023 10:34:31 by "mach5one" with MS VC++ 17.1 (VS2022)

END.
