#
# A fatal error has been detected by the Java Runtime Environment:
#
#  EXCEPTION_ACCESS_VIOLATION (0xc0000005) at pc=0x00007fff411d34f6, pid=11376, tid=11312
#
# JRE version: Java(TM) SE Runtime Environment (17.0.8+9) (build 17.0.8+9-LTS-211)
# Java VM: Java HotSpot(TM) 64-Bit Server VM (17.0.8+9-LTS-211, mixed mode, sharing, tiered, compressed oops, compressed class ptrs, g1 gc, windows-amd64)
# Problematic frame:
# C  [ntdll.dll+0x634f6]
#
# No core dump will be written. Minidumps are not enabled by default on client versions of Windows
#
# If you would like to submit a bug report, please visit:
#   https://bugreport.java.com/bugreport/crash.jsp
# The crash happened outside the Java Virtual Machine in native code.
# See problematic frame for where to report the bug.
#

---------------  S U M M A R Y ------------

Command Line: happybuttons.HappyButtons

Host: Intel(R) Core(TM) i5-6200U CPU @ 2.30GHz, 4 cores, 11G,  Windows 10 , 64 bit Build 19041 (10.0.19041.3636)
Time: Thu Mar 14 13:49:51 2024 Malay Peninsula Standard Time elapsed time: 36.679645 seconds (0d 0h 0m 36s)

---------------  T H R E A D  ---------------

Current thread (0x00000252f88c0f70):  JavaThread "AWT-EventQueue-0" [_thread_in_native, id=11312, stack(0x000000b15ae00000,0x000000b15af00000)]

Stack: [0x000000b15ae00000,0x000000b15af00000],  sp=0x000000b15aefd510,  free space=1013k
Native frames: (J=compiled Java code, j=interpreted, Vv=VM code, C=native code)
C  [ntdll.dll+0x634f6]
C  [ntdll.dll+0x2fcb4]
C  [ntdll.dll+0x2fae2]
C  [libvlc.dll+0xfc3a]

Java frames: (J=compiled Java code, j=interpreted, Vv=VM code)
j  com.sun.jna.Native.invokeVoid(JI[Ljava/lang/Object;)V+0
j  com.sun.jna.Function.invoke([Ljava/lang/Object;Ljava/lang/Class;Z)Ljava/lang/Object;+48
j  com.sun.jna.Function.invoke(Ljava/lang/Class;[Ljava/lang/Object;Ljava/util/Map;)Ljava/lang/Object;+214
j  com.sun.jna.Library$Handler.invoke(Ljava/lang/Object;Ljava/lang/reflect/Method;[Ljava/lang/Object;)Ljava/lang/Object;+341
j  jdk.proxy2.$Proxy3.libvlc_media_player_stop(Luk/co/caprica/vlcj/binding/internal/libvlc_media_player_t;)V+16 jdk.proxy2
j  uk.co.caprica.vlcj.player.DefaultMediaPlayer.stop()V+17
j  happybuttons.VLCFrame$1.actionPerformed(Ljava/awt/event/ActionEvent;)V+30
j  javax.swing.AbstractButton.fireActionPerformed(Ljava/awt/event/ActionEvent;)V+84 java.desktop@17.0.8
j  javax.swing.AbstractButton$Handler.actionPerformed(Ljava/awt/event/ActionEvent;)V+5 java.desktop@17.0.8
j  javax.swing.DefaultButtonModel.fireActionPerformed(Ljava/awt/event/ActionEvent;)V+34 java.desktop@17.0.8
j  javax.swing.DefaultButtonModel.setPressed(Z)V+117 java.desktop@17.0.8
j  javax.swing.plaf.basic.BasicButtonListener.mouseReleased(Ljava/awt/event/MouseEvent;)V+35 java.desktop@17.0.8
j  java.awt.AWTEventMulticaster.mouseReleased(Ljava/awt/event/MouseEvent;)V+8 java.desktop@17.0.8
j  java.awt.Component.processMouseEvent(Ljava/awt/event/MouseEvent;)V+64 java.desktop@17.0.8
j  javax.swing.JComponent.processMouseEvent(Ljava/awt/event/MouseEvent;)V+23 java.desktop@17.0.8
J 3830 c1 java.awt.Component.processEvent(Ljava/awt/AWTEvent;)V java.desktop@17.0.8 (220 bytes) @ 0x00000252e04f7cbc [0x00000252e04f7680+0x000000000000063c]
J 3741 c1 java.awt.Container.processEvent(Ljava/awt/AWTEvent;)V java.desktop@17.0.8 (22 bytes) @ 0x00000252e04acb2c [0x00000252e04ac7e0+0x000000000000034c]
J 3191 c1 java.awt.Component.dispatchEventImpl(Ljava/awt/AWTEvent;)V java.desktop@17.0.8 (777 bytes) @ 0x00000252e0351b14 [0x00000252e034df80+0x0000000000003b94]
J 2634 c1 java.awt.Container.dispatchEventImpl(Ljava/awt/AWTEvent;)V java.desktop@17.0.8 (129 bytes) @ 0x00000252e02067fc [0x00000252e02066c0+0x000000000000013c]
J 3785 c1 java.awt.LightweightDispatcher.retargetMouseEvent(Ljava/awt/Component;ILjava/awt/event/MouseEvent;)V java.desktop@17.0.8 (372 bytes) @ 0x00000252e04c7b6c [0x00000252e04c52a0+0x00000000000028cc]
J 3746 c1 java.awt.LightweightDispatcher.processMouseEvent(Ljava/awt/event/MouseEvent;)Z java.desktop@17.0.8 (265 bytes) @ 0x00000252e04af894 [0x00000252e04ae8a0+0x0000000000000ff4]
J 3201 c1 java.awt.LightweightDispatcher.dispatchEvent(Ljava/awt/AWTEvent;)Z java.desktop@17.0.8 (73 bytes) @ 0x00000252e035a4d4 [0x00000252e035a080+0x0000000000000454]
J 2634 c1 java.awt.Container.dispatchEventImpl(Ljava/awt/AWTEvent;)V java.desktop@17.0.8 (129 bytes) @ 0x00000252e020679c [0x00000252e02066c0+0x00000000000000dc]
J 3195 c1 java.awt.Window.dispatchEventImpl(Ljava/awt/AWTEvent;)V java.desktop@17.0.8 (23 bytes) @ 0x00000252e0356c14 [0x00000252e0356600+0x0000000000000614]
J 2603 c1 java.awt.EventQueue.dispatchEventImpl(Ljava/awt/AWTEvent;Ljava/lang/Object;)V java.desktop@17.0.8 (136 bytes) @ 0x00000252e01f0334 [0x00000252e01efe60+0x00000000000004d4]
J 2602 c1 java.awt.EventQueue$4.run()Ljava/lang/Void; java.desktop@17.0.8 (60 bytes) @ 0x00000252e01ef724 [0x00000252e01ef5e0+0x0000000000000144]
J 3233 c1 java.awt.EventQueue$4.run()Ljava/lang/Object; java.desktop@17.0.8 (5 bytes) @ 0x00000252e036a914 [0x00000252e036a8a0+0x0000000000000074]
J 3981 c1 java.security.ProtectionDomain$JavaSecurityAccessImpl.doIntersectionPrivilege(Ljava/security/PrivilegedAction;Ljava/security/AccessControlContext;Ljava/security/AccessControlContext;)Ljava/lang/Object; java.base@17.0.8 (22 bytes) @ 0x00000252e05573b4 [0x00000252e0557120+0x0000000000000294]
J 2549 c1 java.awt.EventQueue.dispatchEvent(Ljava/awt/AWTEvent;)V java.desktop@17.0.8 (80 bytes) @ 0x00000252e01d5dec [0x00000252e01d52e0+0x0000000000000b0c]
J 2604 c1 java.awt.EventDispatchThread.pumpOneEventForFilters(I)V java.desktop@17.0.8 (113 bytes) @ 0x00000252e01f4a34 [0x00000252e01f43a0+0x0000000000000694]
j  java.awt.EventDispatchThread.pumpEventsForFilter(ILjava/awt/Conditional;Ljava/awt/EventFilter;)V+35 java.desktop@17.0.8
j  java.awt.EventDispatchThread.pumpEventsForHierarchy(ILjava/awt/Conditional;Ljava/awt/Component;)V+11 java.desktop@17.0.8
j  java.awt.EventDispatchThread.pumpEvents(ILjava/awt/Conditional;)V+4 java.desktop@17.0.8
j  java.awt.EventDispatchThread.pumpEvents(Ljava/awt/Conditional;)V+3 java.desktop@17.0.8
j  java.awt.EventDispatchThread.run()V+9 java.desktop@17.0.8
v  ~StubRoutines::call_stub

siginfo: EXCEPTION_ACCESS_VIOLATION (0xc0000005), writing address 0x0000000000000024


Register to memory mapping:

RIP=0x00007fff411d34f6 ntdll.dll
RAX=0x0 is NULL
RBX=0x00000252f8eb0ef0 points into unknown readable memory: 0x0000000000000000 | 00 00 00 00 00 00 00 00
RCX=0x00000252f8eb0ef0 points into unknown readable memory: 0x0000000000000000 | 00 00 00 00 00 00 00 00
RDX=0x00000000fffffffa is an unknown value
RSP=0x000000b15aefd510 is pointing into the stack for thread: 0x00000252f88c0f70
RBP=0x000000b15aefd700 is pointing into the stack for thread: 0x00000252f88c0f70
RSI=0x0 is NULL
RDI=0x0 is NULL
R8 =0x0 is NULL
R9 =0x00000252f8eb0e00 points into unknown readable memory: 0x0000000000000000 | 00 00 00 00 00 00 00 00
R10=0x00007ffecf981150 jvm.dll
R11=0x000000b15aefd700 is pointing into the stack for thread: 0x00000252f88c0f70
R12=0x0 is NULL
R13=0x000000b1592ad000 points into unknown readable memory: 0x0000000000000000 | 00 00 00 00 00 00 00 00
R14=0x0000000000000001 is an unknown value
R15=0x0 is NULL


Registers:
RAX=0x0000000000000000, RBX=0x00000252f8eb0ef0, RCX=0x00000252f8eb0ef0, RDX=0x00000000fffffffa
RSP=0x000000b15aefd510, RBP=0x000000b15aefd700, RSI=0x0000000000000000, RDI=0x0000000000000000
R8 =0x0000000000000000, R9 =0x00000252f8eb0e00, R10=0x00007ffecf981150, R11=0x000000b15aefd700
R12=0x0000000000000000, R13=0x000000b1592ad000, R14=0x0000000000000001, R15=0x0000000000000000
RIP=0x00007fff411d34f6, EFLAGS=0x0000000000010213

Top of Stack: (sp=0x000000b15aefd510)
0x000000b15aefd510:   ffffffffffffffff 00000252f8eb0ef0
0x000000b15aefd520:   00000252f88c0f70 00000252f8de18b0
0x000000b15aefd530:   00000252f88c0f70 00007ffecf24c49b
0x000000b15aefd540:   00000252f8586a60 00000252f88c0f70
0x000000b15aefd550:   00000252f88b2700 00007ffffffffffa
0x000000b15aefd560:   000000b1592ad000 00000252f9d18c10
0x000000b15aefd570:   00000252f88c0f70 00000000000003d8
0x000000b15aefd580:   00000252f8586e38 9d898cd32227706f
0x000000b15aefd590:   00000252f8eafd80 0000000000000000
0x000000b15aefd5a0:   0000e4d98d5da809 00000252f8eafd80
0x000000b15aefd5b0:   00000252f88c0f00 0000000000000001
0x000000b15aefd5c0:   0000000000000001 0000000000000001
0x000000b15aefd5d0:   0000000000000000 00000252f8eb0ef0
0x000000b15aefd5e0:   000000b15aefd700 00007fff4119fcb4
0x000000b15aefd5f0:   000000b15aefd5d9 0000000800000001
0x000000b15aefd600:   00000000fffffffa 0000000000000000 

Instructions: (pc=0x00007fff411d34f6)
0x00007fff411d33f6:   20 e9 ed fe ff ff 48 89 41 18 e9 e4 fe ff ff cc
0x00007fff411d3406:   cc cc cc cc cc cc cc cc cc cc 80 3d f1 90 10 00
0x00007fff411d3416:   00 0f 95 c0 c3 cc cc cc cc cc cc cc cc cc cc cc
0x00007fff411d3426:   cc cc cc cc cc cc cc cc cc cc 48 83 ec 38 8b 05
0x00007fff411d3436:   f2 76 10 00 89 44 24 20 e8 41 02 00 00 48 83 c4
0x00007fff411d3446:   38 c3 cc cc cc cc cc cc cc cc 48 89 5c 24 18 55
0x00007fff411d3456:   56 57 41 54 41 55 41 56 41 57 48 81 ec a0 00 00
0x00007fff411d3466:   00 48 8b 05 a2 10 12 00 48 33 c4 48 89 84 24 90
0x00007fff411d3476:   00 00 00 65 4c 8b 2c 25 30 00 00 00 48 8d 05 3f
0x00007fff411d3486:   31 10 00 40 32 ed 89 54 24 48 33 f6 40 88 6c 24
0x00007fff411d3496:   40 4c 89 6c 24 50 48 8b d9 44 8b e6 48 3b c8 0f
0x00007fff411d34a6:   84 39 01 00 00 40 38 35 56 90 10 00 0f 85 a8 01
0x00007fff411d34b6:   00 00 39 35 6a 90 10 00 0f 85 6a 01 00 00 40 38
0x00007fff411d34c6:   35 2d 8b 10 00 48 8d 3d 2e 8b 10 00 48 0f 45 fe
0x00007fff411d34d6:   48 39 73 18 0f 84 d2 00 00 00 48 8b 03 48 83 f8
0x00007fff411d34e6:   ff 0f 84 d2 00 00 00 44 8b fe 48 83 f8 ff 74 03
0x00007fff411d34f6:   ff 40 24 4c 8b 73 18 4c 8d 2d c4 30 10 00 bd 22
0x00007fff411d3506:   17 00 00 e8 42 13 fc ff 85 c0 0f 85 f6 b3 05 00
0x00007fff411d3516:   b9 82 03 fe 7f 80 39 00 0f 85 04 b4 05 00 49 83
0x00007fff411d3526:   fe ff 0f 85 92 b4 05 00 4c 8b cf c7 44 24 20 00
0x00007fff411d3536:   00 00 00 41 b8 04 00 00 00 48 8d 54 24 48 48 8d
0x00007fff411d3546:   4b 08 e8 37 01 00 00 3d 02 01 00 00 0f 84 7b b4
0x00007fff411d3556:   05 00 8b 4b 08 89 4c 24 48 f6 c1 02 75 ca 3d 02
0x00007fff411d3566:   01 00 00 0f 84 64 b4 05 00 0f b6 6c 24 40 4c 8b
0x00007fff411d3576:   6c 24 50 85 c0 0f 88 b0 b5 05 00 40 84 ed 75 73
0x00007fff411d3586:   48 8b 8c 24 90 00 00 00 48 33 cc e8 3a 8f 02 00
0x00007fff411d3596:   48 8b 9c 24 f0 00 00 00 48 81 c4 a0 00 00 00 41
0x00007fff411d35a6:   5f 41 5e 41 5d 41 5c 5f 5e 5d c3 cc 48 8b cb e8
0x00007fff411d35b6:   56 05 00 00 e9 21 ff ff ff 8b 4b 20 48 c7 c0 ff
0x00007fff411d35c6:   ff ff ff 48 0f ba e1 18 0f 82 19 ff ff ff 48 8b
0x00007fff411d35d6:   cb e8 64 e2 fa ff 48 8b 03 e9 09 ff ff ff c6 44
0x00007fff411d35e6:   24 40 01 41 c7 85 60 17 00 00 01 00 00 00 e9 b2 


Stack slot to memory mapping:
stack at sp + 0 slots: 0xffffffffffffffff is an unknown value
stack at sp + 1 slots: 0x00000252f8eb0ef0 points into unknown readable memory: 0x0000000000000000 | 00 00 00 00 00 00 00 00
stack at sp + 2 slots: 0x00000252f88c0f70 is a thread
stack at sp + 3 slots: 0x00000252f8de18b0 points into unknown readable memory: 0x00000252cbf52010 | 10 20 f5 cb 52 02 00 00
stack at sp + 4 slots: 0x00000252f88c0f70 is a thread
stack at sp + 5 slots: 0x00007ffecf24c49b jvm.dll
stack at sp + 6 slots: 0x00000252f8586a60 points into unknown readable memory: 0x00000252fdf5bd54 | 54 bd f5 fd 52 02 00 00
stack at sp + 7 slots: 0x00000252f88c0f70 is a thread


---------------  P R O C E S S  ---------------

Threads class SMR info:
_java_thread_list=0x00000252fe8a7690, length=19, elements={
0x00000252f83b59b0, 0x00000252f83b6730, 0x00000252f83cb3f0, 0x00000252f83ccec0,
0x00000252f83cf890, 0x00000252f83d0150, 0x00000252f83dc300, 0x00000252f83ddc10,
0x00000252f83e0d10, 0x00000252f860d4a0, 0x00000252f8638450, 0x00000252f8885090,
0x00000252f88933f0, 0x00000252f8893c10, 0x00000252f88c0f70, 0x00000252fd99f020,
0x00000252fdbf8350, 0x00000252fdbfa500, 0x00000252fdbfb840
}

Java Threads: ( => current thread )
  0x00000252f83b59b0 JavaThread "Reference Handler" daemon [_thread_blocked, id=12152, stack(0x000000b159e00000,0x000000b159f00000)]
  0x00000252f83b6730 JavaThread "Finalizer" daemon [_thread_blocked, id=12788, stack(0x000000b159f00000,0x000000b15a000000)]
  0x00000252f83cb3f0 JavaThread "Signal Dispatcher" daemon [_thread_blocked, id=12928, stack(0x000000b15a000000,0x000000b15a100000)]
  0x00000252f83ccec0 JavaThread "Attach Listener" daemon [_thread_blocked, id=9824, stack(0x000000b15a100000,0x000000b15a200000)]
  0x00000252f83cf890 JavaThread "Service Thread" daemon [_thread_blocked, id=10332, stack(0x000000b15a200000,0x000000b15a300000)]
  0x00000252f83d0150 JavaThread "Monitor Deflation Thread" daemon [_thread_blocked, id=12248, stack(0x000000b15a300000,0x000000b15a400000)]
  0x00000252f83dc300 JavaThread "C2 CompilerThread0" daemon [_thread_blocked, id=2700, stack(0x000000b15a400000,0x000000b15a500000)]
  0x00000252f83ddc10 JavaThread "C1 CompilerThread0" daemon [_thread_blocked, id=11860, stack(0x000000b15a500000,0x000000b15a600000)]
  0x00000252f83e0d10 JavaThread "Sweeper thread" daemon [_thread_blocked, id=7848, stack(0x000000b15a600000,0x000000b15a700000)]
  0x00000252f860d4a0 JavaThread "Notification Thread" daemon [_thread_blocked, id=12976, stack(0x000000b15a700000,0x000000b15a800000)]
  0x00000252f8638450 JavaThread "Common-Cleaner" daemon [_thread_blocked, id=6820, stack(0x000000b15a900000,0x000000b15aa00000)]
  0x00000252f8885090 JavaThread "Java2D Disposer" daemon [_thread_blocked, id=10864, stack(0x000000b15aa00000,0x000000b15ab00000)]
  0x00000252f88933f0 JavaThread "AWT-Shutdown" [_thread_blocked, id=8132, stack(0x000000b15ab00000,0x000000b15ac00000)]
  0x00000252f8893c10 JavaThread "AWT-Windows" daemon [_thread_in_native, id=13188, stack(0x000000b15ac00000,0x000000b15ad00000)]
=>0x00000252f88c0f70 JavaThread "AWT-EventQueue-0" [_thread_in_native, id=11312, stack(0x000000b15ae00000,0x000000b15af00000)]
  0x00000252fd99f020 JavaThread "Swing-Shell" daemon [_thread_blocked, id=4148, stack(0x000000b15af00000,0x000000b15b000000)]
  0x00000252fdbf8350 JavaThread "Thread-0" [_thread_in_Java, id=12636, stack(0x000000b15b500000,0x000000b15b600000)]
  0x00000252fdbfa500 JavaThread "DestroyJavaVM" [_thread_blocked, id=10100, stack(0x000000b159700000,0x000000b159800000)]
  0x00000252fdbfb840 JavaThread "TimerQueue" daemon [_thread_blocked, id=12616, stack(0x000000b15b400000,0x000000b15b500000)]

Other Threads:
  0x00000252f83afaa0 VMThread "VM Thread" [stack: 0x000000b159d00000,0x000000b159e00000] [id=5848]
  0x00000252f862fda0 WatcherThread [stack: 0x000000b15a800000,0x000000b15a900000] [id=6640]
  0x00000252d84fd6b0 GCTaskThread "GC Thread#0" [stack: 0x000000b159800000,0x000000b159900000] [id=4936]
  0x00000252fde316e0 GCTaskThread "GC Thread#1" [stack: 0x000000b15b900000,0x000000b15ba00000] [id=6488]
  0x00000252fdde56e0 GCTaskThread "GC Thread#2" [stack: 0x000000b15ba00000,0x000000b15bb00000] [id=12188]
  0x00000252fdde5d90 GCTaskThread "GC Thread#3" [stack: 0x000000b15bb00000,0x000000b15bc00000] [id=9300]
  0x00000252d850b4d0 ConcurrentGCThread "G1 Main Marker" [stack: 0x000000b159900000,0x000000b159a00000] [id=13160]
  0x00000252d850c680 ConcurrentGCThread "G1 Conc#0" [stack: 0x000000b159a00000,0x000000b159b00000] [id=3700]
  0x00000252f826a100 ConcurrentGCThread "G1 Refine#0" [stack: 0x000000b159b00000,0x000000b159c00000] [id=12880]
  0x00000252fde1e200 ConcurrentGCThread "G1 Refine#1" [stack: 0x000000b15bc00000,0x000000b15bd00000] [id=3060]
  0x00000252f826a930 ConcurrentGCThread "G1 Service" [stack: 0x000000b159c00000,0x000000b159d00000] [id=3816]

Threads with active compile tasks:

VM state: not at safepoint (normal execution)

VM Mutex/Monitor currently owned by a thread: None

Heap address: 0x0000000741200000, size: 3054 MB, Compressed Oops mode: Zero based, Oop shift amount: 3

CDS archive(s) mapped at: [0x0000025280000000-0x0000025280bd0000-0x0000025280bd0000), size 12386304, SharedBaseAddress: 0x0000025280000000, ArchiveRelocationMode: 1.
Compressed class space mapped at: 0x0000025281000000-0x00000252c1000000, reserved size: 1073741824
Narrow klass base: 0x0000025280000000, Narrow klass shift: 0, Narrow klass range: 0x100000000

GC Precious Log:
 CPUs: 4 total, 4 available
 Memory: 12210M
 Large Page Support: Disabled
 NUMA Support: Disabled
 Compressed Oops: Enabled (Zero based)
 Heap Region Size: 2M
 Heap Min Capacity: 8M
 Heap Initial Capacity: 192M
 Heap Max Capacity: 3054M
 Pre-touch: Disabled
 Parallel Workers: 4
 Concurrent Workers: 1
 Concurrent Refinement Workers: 4
 Periodic GC: Disabled

Heap:
 garbage-first heap   total 344064K, used 93886K [0x0000000741200000, 0x0000000800000000)
  region size 2048K, 38 young (77824K), 1 survivors (2048K)
 Metaspace       used 18386K, committed 18688K, reserved 1114112K
  class space    used 2050K, committed 2176K, reserved 1048576K

Heap Regions: E=young(eden), S=young(survivor), O=old, HS=humongous(starts), HC=humongous(continues), CS=collection set, F=free, OA=open archive, CA=closed archive, TAMS=top-at-mark-start (previous, next)
|   0|0x0000000741200000, 0x0000000741400000, 0x0000000741400000|100%| O|  |TAMS 0x0000000741200000, 0x0000000741200000| Untracked 
|   1|0x0000000741400000, 0x0000000741600000, 0x0000000741600000|100%|HS|  |TAMS 0x0000000741400000, 0x0000000741400000| Complete 
|   2|0x0000000741600000, 0x0000000741800000, 0x0000000741800000|100%|HC|  |TAMS 0x0000000741600000, 0x0000000741600000| Complete 
|   3|0x0000000741800000, 0x0000000741a00000, 0x0000000741a00000|100%| O|  |TAMS 0x0000000741800000, 0x0000000741800000| Untracked 
|   4|0x0000000741a00000, 0x0000000741c00000, 0x0000000741c00000|100%| O|  |TAMS 0x0000000741a00000, 0x0000000741a00000| Untracked 
|   5|0x0000000741c00000, 0x0000000741dac800, 0x0000000741e00000| 83%| O|  |TAMS 0x0000000741c00000, 0x0000000741c00000| Untracked 
|   6|0x0000000741e00000, 0x0000000742000000, 0x0000000742000000|100%|HS|  |TAMS 0x0000000741e00000, 0x0000000741e00000| Complete 
|   7|0x0000000742000000, 0x0000000742200000, 0x0000000742200000|100%|HC|  |TAMS 0x0000000742000000, 0x0000000742000000| Complete 
|   8|0x0000000742200000, 0x0000000742400000, 0x0000000742400000|100%|HS|  |TAMS 0x0000000742200000, 0x0000000742200000| Complete 
|   9|0x0000000742400000, 0x0000000742600000, 0x0000000742600000|100%|HC|  |TAMS 0x0000000742400000, 0x0000000742400000| Complete 
|  10|0x0000000742600000, 0x0000000742600000, 0x0000000742800000|  0%| F|  |TAMS 0x0000000742600000, 0x0000000742600000| Untracked 
|  11|0x0000000742800000, 0x0000000742800000, 0x0000000742a00000|  0%| F|  |TAMS 0x0000000742800000, 0x0000000742800000| Untracked 
|  12|0x0000000742a00000, 0x0000000742a00000, 0x0000000742c00000|  0%| F|  |TAMS 0x0000000742a00000, 0x0000000742a00000| Untracked 
|  13|0x0000000742c00000, 0x0000000742c00000, 0x0000000742e00000|  0%| F|  |TAMS 0x0000000742c00000, 0x0000000742c00000| Untracked 
|  14|0x0000000742e00000, 0x0000000742e00000, 0x0000000743000000|  0%| F|  |TAMS 0x0000000742e00000, 0x0000000742e00000| Untracked 
|  15|0x0000000743000000, 0x0000000743000000, 0x0000000743200000|  0%| F|  |TAMS 0x0000000743000000, 0x0000000743000000| Untracked 
|  16|0x0000000743200000, 0x0000000743200000, 0x0000000743400000|  0%| F|  |TAMS 0x0000000743200000, 0x0000000743200000| Untracked 
|  17|0x0000000743400000, 0x0000000743400000, 0x0000000743600000|  0%| F|  |TAMS 0x0000000743400000, 0x0000000743400000| Untracked 
|  18|0x0000000743600000, 0x0000000743600000, 0x0000000743800000|  0%| F|  |TAMS 0x0000000743600000, 0x0000000743600000| Untracked 
|  19|0x0000000743800000, 0x0000000743800000, 0x0000000743a00000|  0%| F|  |TAMS 0x0000000743800000, 0x0000000743800000| Untracked 
|  20|0x0000000743a00000, 0x0000000743a00000, 0x0000000743c00000|  0%| F|  |TAMS 0x0000000743a00000, 0x0000000743a00000| Untracked 
|  21|0x0000000743c00000, 0x0000000743c00000, 0x0000000743e00000|  0%| F|  |TAMS 0x0000000743c00000, 0x0000000743c00000| Untracked 
|  22|0x0000000743e00000, 0x0000000743e00000, 0x0000000744000000|  0%| F|  |TAMS 0x0000000743e00000, 0x0000000743e00000| Untracked 
|  23|0x0000000744000000, 0x0000000744000000, 0x0000000744200000|  0%| F|  |TAMS 0x0000000744000000, 0x0000000744000000| Untracked 
|  24|0x0000000744200000, 0x0000000744200000, 0x0000000744400000|  0%| F|  |TAMS 0x0000000744200000, 0x0000000744200000| Untracked 
|  25|0x0000000744400000, 0x0000000744400000, 0x0000000744600000|  0%| F|  |TAMS 0x0000000744400000, 0x0000000744400000| Untracked 
|  26|0x0000000744600000, 0x0000000744600000, 0x0000000744800000|  0%| F|  |TAMS 0x0000000744600000, 0x0000000744600000| Untracked 
|  27|0x0000000744800000, 0x0000000744800000, 0x0000000744a00000|  0%| F|  |TAMS 0x0000000744800000, 0x0000000744800000| Untracked 
|  28|0x0000000744a00000, 0x0000000744a00000, 0x0000000744c00000|  0%| F|  |TAMS 0x0000000744a00000, 0x0000000744a00000| Untracked 
|  29|0x0000000744c00000, 0x0000000744c00000, 0x0000000744e00000|  0%| F|  |TAMS 0x0000000744c00000, 0x0000000744c00000| Untracked 
|  30|0x0000000744e00000, 0x0000000744e00000, 0x0000000745000000|  0%| F|  |TAMS 0x0000000744e00000, 0x0000000744e00000| Untracked 
|  31|0x0000000745000000, 0x0000000745000000, 0x0000000745200000|  0%| F|  |TAMS 0x0000000745000000, 0x0000000745000000| Untracked 
|  32|0x0000000745200000, 0x0000000745200000, 0x0000000745400000|  0%| F|  |TAMS 0x0000000745200000, 0x0000000745200000| Untracked 
|  33|0x0000000745400000, 0x0000000745400000, 0x0000000745600000|  0%| F|  |TAMS 0x0000000745400000, 0x0000000745400000| Untracked 
|  34|0x0000000745600000, 0x0000000745600000, 0x0000000745800000|  0%| F|  |TAMS 0x0000000745600000, 0x0000000745600000| Untracked 
|  35|0x0000000745800000, 0x0000000745800000, 0x0000000745a00000|  0%| F|  |TAMS 0x0000000745800000, 0x0000000745800000| Untracked 
|  36|0x0000000745a00000, 0x0000000745a00000, 0x0000000745c00000|  0%| F|  |TAMS 0x0000000745a00000, 0x0000000745a00000| Untracked 
|  37|0x0000000745c00000, 0x0000000745c00000, 0x0000000745e00000|  0%| F|  |TAMS 0x0000000745c00000, 0x0000000745c00000| Untracked 
|  38|0x0000000745e00000, 0x0000000745e00000, 0x0000000746000000|  0%| F|  |TAMS 0x0000000745e00000, 0x0000000745e00000| Untracked 
|  39|0x0000000746000000, 0x0000000746000000, 0x0000000746200000|  0%| F|  |TAMS 0x0000000746000000, 0x0000000746000000| Untracked 
|  40|0x0000000746200000, 0x0000000746200000, 0x0000000746400000|  0%| F|  |TAMS 0x0000000746200000, 0x0000000746200000| Untracked 
|  41|0x0000000746400000, 0x0000000746400000, 0x0000000746600000|  0%| F|  |TAMS 0x0000000746400000, 0x0000000746400000| Untracked 
|  42|0x0000000746600000, 0x0000000746600000, 0x0000000746800000|  0%| F|  |TAMS 0x0000000746600000, 0x0000000746600000| Untracked 
|  43|0x0000000746800000, 0x0000000746800000, 0x0000000746a00000|  0%| F|  |TAMS 0x0000000746800000, 0x0000000746800000| Untracked 
|  44|0x0000000746a00000, 0x0000000746a00000, 0x0000000746c00000|  0%| F|  |TAMS 0x0000000746a00000, 0x0000000746a00000| Untracked 
|  45|0x0000000746c00000, 0x0000000746c00000, 0x0000000746e00000|  0%| F|  |TAMS 0x0000000746c00000, 0x0000000746c00000| Untracked 
|  46|0x0000000746e00000, 0x0000000746e00000, 0x0000000747000000|  0%| F|  |TAMS 0x0000000746e00000, 0x0000000746e00000| Untracked 
|  47|0x0000000747000000, 0x0000000747000000, 0x0000000747200000|  0%| F|  |TAMS 0x0000000747000000, 0x0000000747000000| Untracked 
|  48|0x0000000747200000, 0x0000000747200000, 0x0000000747400000|  0%| F|  |TAMS 0x0000000747200000, 0x0000000747200000| Untracked 
|  49|0x0000000747400000, 0x0000000747400000, 0x0000000747600000|  0%| F|  |TAMS 0x0000000747400000, 0x0000000747400000| Untracked 
|  50|0x0000000747600000, 0x0000000747600000, 0x0000000747800000|  0%| F|  |TAMS 0x0000000747600000, 0x0000000747600000| Untracked 
|  51|0x0000000747800000, 0x0000000747800000, 0x0000000747a00000|  0%| F|  |TAMS 0x0000000747800000, 0x0000000747800000| Untracked 
|  52|0x0000000747a00000, 0x0000000747a00000, 0x0000000747c00000|  0%| F|  |TAMS 0x0000000747a00000, 0x0000000747a00000| Untracked 
|  53|0x0000000747c00000, 0x0000000747c00000, 0x0000000747e00000|  0%| F|  |TAMS 0x0000000747c00000, 0x0000000747c00000| Untracked 
|  54|0x0000000747e00000, 0x0000000747e00000, 0x0000000748000000|  0%| F|  |TAMS 0x0000000747e00000, 0x0000000747e00000| Untracked 
|  55|0x0000000748000000, 0x0000000748000000, 0x0000000748200000|  0%| F|  |TAMS 0x0000000748000000, 0x0000000748000000| Untracked 
|  56|0x0000000748200000, 0x0000000748200000, 0x0000000748400000|  0%| F|  |TAMS 0x0000000748200000, 0x0000000748200000| Untracked 
|  57|0x0000000748400000, 0x0000000748400000, 0x0000000748600000|  0%| F|  |TAMS 0x0000000748400000, 0x0000000748400000| Untracked 
|  58|0x0000000748600000, 0x0000000748600000, 0x0000000748800000|  0%| F|  |TAMS 0x0000000748600000, 0x0000000748600000| Untracked 
|  59|0x0000000748800000, 0x0000000748800000, 0x0000000748a00000|  0%| F|  |TAMS 0x0000000748800000, 0x0000000748800000| Untracked 
|  60|0x0000000748a00000, 0x0000000748a00000, 0x0000000748c00000|  0%| F|  |TAMS 0x0000000748a00000, 0x0000000748a00000| Untracked 
|  61|0x0000000748c00000, 0x0000000748c00000, 0x0000000748e00000|  0%| F|  |TAMS 0x0000000748c00000, 0x0000000748c00000| Untracked 
|  62|0x0000000748e00000, 0x0000000748e00000, 0x0000000749000000|  0%| F|  |TAMS 0x0000000748e00000, 0x0000000748e00000| Untracked 
|  63|0x0000000749000000, 0x0000000749000000, 0x0000000749200000|  0%| F|  |TAMS 0x0000000749000000, 0x0000000749000000| Untracked 
|  64|0x0000000749200000, 0x0000000749200000, 0x0000000749400000|  0%| F|  |TAMS 0x0000000749200000, 0x0000000749200000| Untracked 
|  65|0x0000000749400000, 0x0000000749400000, 0x0000000749600000|  0%| F|  |TAMS 0x0000000749400000, 0x0000000749400000| Untracked 
|  66|0x0000000749600000, 0x0000000749600000, 0x0000000749800000|  0%| F|  |TAMS 0x0000000749600000, 0x0000000749600000| Untracked 
|  67|0x0000000749800000, 0x0000000749803060, 0x0000000749a00000|  0%| S|CS|TAMS 0x0000000749800000, 0x0000000749800000| Complete 
|  68|0x0000000749a00000, 0x0000000749a00000, 0x0000000749c00000|  0%| F|  |TAMS 0x0000000749a00000, 0x0000000749a00000| Untracked 
|  69|0x0000000749c00000, 0x0000000749c00000, 0x0000000749e00000|  0%| F|  |TAMS 0x0000000749c00000, 0x0000000749c00000| Untracked 
|  70|0x0000000749e00000, 0x0000000749e00000, 0x000000074a000000|  0%| F|  |TAMS 0x0000000749e00000, 0x0000000749e00000| Untracked 
|  71|0x000000074a000000, 0x000000074a000000, 0x000000074a200000|  0%| F|  |TAMS 0x000000074a000000, 0x000000074a000000| Untracked 
|  72|0x000000074a200000, 0x000000074a200000, 0x000000074a400000|  0%| F|  |TAMS 0x000000074a200000, 0x000000074a200000| Untracked 
|  73|0x000000074a400000, 0x000000074a400000, 0x000000074a600000|  0%| F|  |TAMS 0x000000074a400000, 0x000000074a400000| Untracked 
|  74|0x000000074a600000, 0x000000074a600000, 0x000000074a800000|  0%| F|  |TAMS 0x000000074a600000, 0x000000074a600000| Untracked 
|  75|0x000000074a800000, 0x000000074a800000, 0x000000074aa00000|  0%| F|  |TAMS 0x000000074a800000, 0x000000074a800000| Untracked 
|  76|0x000000074aa00000, 0x000000074aa00000, 0x000000074ac00000|  0%| F|  |TAMS 0x000000074aa00000, 0x000000074aa00000| Untracked 
|  77|0x000000074ac00000, 0x000000074ac00000, 0x000000074ae00000|  0%| F|  |TAMS 0x000000074ac00000, 0x000000074ac00000| Untracked 
|  78|0x000000074ae00000, 0x000000074ae00000, 0x000000074b000000|  0%| F|  |TAMS 0x000000074ae00000, 0x000000074ae00000| Untracked 
|  79|0x000000074b000000, 0x000000074b000000, 0x000000074b200000|  0%| F|  |TAMS 0x000000074b000000, 0x000000074b000000| Untracked 
|  80|0x000000074b200000, 0x000000074b200000, 0x000000074b400000|  0%| F|  |TAMS 0x000000074b200000, 0x000000074b200000| Untracked 
|  81|0x000000074b400000, 0x000000074b400000, 0x000000074b600000|  0%| F|  |TAMS 0x000000074b400000, 0x000000074b400000| Untracked 
|  82|0x000000074b600000, 0x000000074b600000, 0x000000074b800000|  0%| F|  |TAMS 0x000000074b600000, 0x000000074b600000| Untracked 
|  83|0x000000074b800000, 0x000000074b800000, 0x000000074ba00000|  0%| F|  |TAMS 0x000000074b800000, 0x000000074b800000| Untracked 
|  84|0x000000074ba00000, 0x000000074ba00000, 0x000000074bc00000|  0%| F|  |TAMS 0x000000074ba00000, 0x000000074ba00000| Untracked 
|  85|0x000000074bc00000, 0x000000074bc00000, 0x000000074be00000|  0%| F|  |TAMS 0x000000074bc00000, 0x000000074bc00000| Untracked 
|  86|0x000000074be00000, 0x000000074be00000, 0x000000074c000000|  0%| F|  |TAMS 0x000000074be00000, 0x000000074be00000| Untracked 
|  87|0x000000074c000000, 0x000000074c000000, 0x000000074c200000|  0%| F|  |TAMS 0x000000074c000000, 0x000000074c000000| Untracked 
|  88|0x000000074c200000, 0x000000074c200000, 0x000000074c400000|  0%| F|  |TAMS 0x000000074c200000, 0x000000074c200000| Untracked 
|  89|0x000000074c400000, 0x000000074c400000, 0x000000074c600000|  0%| F|  |TAMS 0x000000074c400000, 0x000000074c400000| Untracked 
|  90|0x000000074c600000, 0x000000074c600000, 0x000000074c800000|  0%| F|  |TAMS 0x000000074c600000, 0x000000074c600000| Untracked 
|  91|0x000000074c800000, 0x000000074c800000, 0x000000074ca00000|  0%| F|  |TAMS 0x000000074c800000, 0x000000074c800000| Untracked 
|  92|0x000000074ca00000, 0x000000074ca00000, 0x000000074cc00000|  0%| F|  |TAMS 0x000000074ca00000, 0x000000074ca00000| Untracked 
|  93|0x000000074cc00000, 0x000000074cc00000, 0x000000074ce00000|  0%| F|  |TAMS 0x000000074cc00000, 0x000000074cc00000| Untracked 
|  94|0x000000074ce00000, 0x000000074ce00000, 0x000000074d000000|  0%| F|  |TAMS 0x000000074ce00000, 0x000000074ce00000| Untracked 
|  95|0x000000074d000000, 0x000000074d000000, 0x000000074d200000|  0%| F|  |TAMS 0x000000074d000000, 0x000000074d000000| Untracked 
|  96|0x000000074d200000, 0x000000074d200000, 0x000000074d400000|  0%| F|  |TAMS 0x000000074d200000, 0x000000074d200000| Untracked 
|  97|0x000000074d400000, 0x000000074d400000, 0x000000074d600000|  0%| F|  |TAMS 0x000000074d400000, 0x000000074d400000| Untracked 
|  98|0x000000074d600000, 0x000000074d600000, 0x000000074d800000|  0%| F|  |TAMS 0x000000074d600000, 0x000000074d600000| Untracked 
|  99|0x000000074d800000, 0x000000074d800000, 0x000000074da00000|  0%| F|  |TAMS 0x000000074d800000, 0x000000074d800000| Untracked 
| 100|0x000000074da00000, 0x000000074da00000, 0x000000074dc00000|  0%| F|  |TAMS 0x000000074da00000, 0x000000074da00000| Untracked 
| 101|0x000000074dc00000, 0x000000074dc00000, 0x000000074de00000|  0%| F|  |TAMS 0x000000074dc00000, 0x000000074dc00000| Untracked 
| 102|0x000000074de00000, 0x000000074de00000, 0x000000074e000000|  0%| F|  |TAMS 0x000000074de00000, 0x000000074de00000| Untracked 
| 103|0x000000074e000000, 0x000000074e000000, 0x000000074e200000|  0%| F|  |TAMS 0x000000074e000000, 0x000000074e000000| Untracked 
| 104|0x000000074e200000, 0x000000074e200000, 0x000000074e400000|  0%| F|  |TAMS 0x000000074e200000, 0x000000074e200000| Untracked 
| 105|0x000000074e400000, 0x000000074e400000, 0x000000074e600000|  0%| F|  |TAMS 0x000000074e400000, 0x000000074e400000| Untracked 
| 106|0x000000074e600000, 0x000000074e600000, 0x000000074e800000|  0%| F|  |TAMS 0x000000074e600000, 0x000000074e600000| Untracked 
| 107|0x000000074e800000, 0x000000074e800000, 0x000000074ea00000|  0%| F|  |TAMS 0x000000074e800000, 0x000000074e800000| Untracked 
| 108|0x000000074ea00000, 0x000000074ea00000, 0x000000074ec00000|  0%| F|  |TAMS 0x000000074ea00000, 0x000000074ea00000| Untracked 
| 109|0x000000074ec00000, 0x000000074ec00000, 0x000000074ee00000|  0%| F|  |TAMS 0x000000074ec00000, 0x000000074ec00000| Untracked 
| 110|0x000000074ee00000, 0x000000074ee00000, 0x000000074f000000|  0%| F|  |TAMS 0x000000074ee00000, 0x000000074ee00000| Untracked 
| 111|0x000000074f000000, 0x000000074f000000, 0x000000074f200000|  0%| F|  |TAMS 0x000000074f000000, 0x000000074f000000| Untracked 
| 112|0x000000074f200000, 0x000000074f200000, 0x000000074f400000|  0%| F|  |TAMS 0x000000074f200000, 0x000000074f200000| Untracked 
| 113|0x000000074f400000, 0x000000074f400000, 0x000000074f600000|  0%| F|  |TAMS 0x000000074f400000, 0x000000074f400000| Untracked 
| 114|0x000000074f600000, 0x000000074f600000, 0x000000074f800000|  0%| F|  |TAMS 0x000000074f600000, 0x000000074f600000| Untracked 
| 115|0x000000074f800000, 0x000000074f800000, 0x000000074fa00000|  0%| F|  |TAMS 0x000000074f800000, 0x000000074f800000| Untracked 
| 116|0x000000074fa00000, 0x000000074fa00000, 0x000000074fc00000|  0%| F|  |TAMS 0x000000074fa00000, 0x000000074fa00000| Untracked 
| 117|0x000000074fc00000, 0x000000074fc00000, 0x000000074fe00000|  0%| F|  |TAMS 0x000000074fc00000, 0x000000074fc00000| Untracked 
| 118|0x000000074fe00000, 0x000000074fe00000, 0x0000000750000000|  0%| F|  |TAMS 0x000000074fe00000, 0x000000074fe00000| Untracked 
| 119|0x0000000750000000, 0x0000000750000000, 0x0000000750200000|  0%| F|  |TAMS 0x0000000750000000, 0x0000000750000000| Untracked 
| 120|0x0000000750200000, 0x0000000750200000, 0x0000000750400000|  0%| F|  |TAMS 0x0000000750200000, 0x0000000750200000| Untracked 
| 121|0x0000000750400000, 0x0000000750400000, 0x0000000750600000|  0%| F|  |TAMS 0x0000000750400000, 0x0000000750400000| Untracked 
| 122|0x0000000750600000, 0x0000000750600000, 0x0000000750800000|  0%| F|  |TAMS 0x0000000750600000, 0x0000000750600000| Untracked 
| 123|0x0000000750800000, 0x0000000750800000, 0x0000000750a00000|  0%| F|  |TAMS 0x0000000750800000, 0x0000000750800000| Untracked 
| 124|0x0000000750a00000, 0x0000000750a00000, 0x0000000750c00000|  0%| F|  |TAMS 0x0000000750a00000, 0x0000000750a00000| Untracked 
| 125|0x0000000750c00000, 0x0000000750c00000, 0x0000000750e00000|  0%| F|  |TAMS 0x0000000750c00000, 0x0000000750c00000| Untracked 
| 126|0x0000000750e00000, 0x0000000750e00000, 0x0000000751000000|  0%| F|  |TAMS 0x0000000750e00000, 0x0000000750e00000| Untracked 
| 127|0x0000000751000000, 0x0000000751000000, 0x0000000751200000|  0%| F|  |TAMS 0x0000000751000000, 0x0000000751000000| Untracked 
| 128|0x0000000751200000, 0x0000000751200000, 0x0000000751400000|  0%| F|  |TAMS 0x0000000751200000, 0x0000000751200000| Untracked 
| 129|0x0000000751400000, 0x0000000751500800, 0x0000000751600000| 50%| E|  |TAMS 0x0000000751400000, 0x0000000751400000| Complete 
| 130|0x0000000751600000, 0x0000000751800000, 0x0000000751800000|100%| E|CS|TAMS 0x0000000751600000, 0x0000000751600000| Complete 
| 131|0x0000000751800000, 0x0000000751a00000, 0x0000000751a00000|100%| E|CS|TAMS 0x0000000751800000, 0x0000000751800000| Complete 
| 132|0x0000000751a00000, 0x0000000751c00000, 0x0000000751c00000|100%| E|CS|TAMS 0x0000000751a00000, 0x0000000751a00000| Complete 
| 133|0x0000000751c00000, 0x0000000751e00000, 0x0000000751e00000|100%| E|CS|TAMS 0x0000000751c00000, 0x0000000751c00000| Complete 
| 134|0x0000000751e00000, 0x0000000752000000, 0x0000000752000000|100%| E|CS|TAMS 0x0000000751e00000, 0x0000000751e00000| Complete 
| 135|0x0000000752000000, 0x0000000752200000, 0x0000000752200000|100%| E|CS|TAMS 0x0000000752000000, 0x0000000752000000| Complete 
| 136|0x0000000752200000, 0x0000000752400000, 0x0000000752400000|100%| E|CS|TAMS 0x0000000752200000, 0x0000000752200000| Complete 
| 137|0x0000000752400000, 0x0000000752600000, 0x0000000752600000|100%| E|CS|TAMS 0x0000000752400000, 0x0000000752400000| Complete 
| 138|0x0000000752600000, 0x0000000752800000, 0x0000000752800000|100%| E|CS|TAMS 0x0000000752600000, 0x0000000752600000| Complete 
| 139|0x0000000752800000, 0x0000000752a00000, 0x0000000752a00000|100%| E|CS|TAMS 0x0000000752800000, 0x0000000752800000| Complete 
| 140|0x0000000752a00000, 0x0000000752c00000, 0x0000000752c00000|100%| E|CS|TAMS 0x0000000752a00000, 0x0000000752a00000| Complete 
| 141|0x0000000752c00000, 0x0000000752e00000, 0x0000000752e00000|100%| E|CS|TAMS 0x0000000752c00000, 0x0000000752c00000| Complete 
| 142|0x0000000752e00000, 0x0000000753000000, 0x0000000753000000|100%| E|CS|TAMS 0x0000000752e00000, 0x0000000752e00000| Complete 
| 143|0x0000000753000000, 0x0000000753200000, 0x0000000753200000|100%| E|CS|TAMS 0x0000000753000000, 0x0000000753000000| Complete 
| 144|0x0000000753200000, 0x0000000753400000, 0x0000000753400000|100%| E|CS|TAMS 0x0000000753200000, 0x0000000753200000| Complete 
| 145|0x0000000753400000, 0x0000000753600000, 0x0000000753600000|100%| E|CS|TAMS 0x0000000753400000, 0x0000000753400000| Complete 
| 146|0x0000000753600000, 0x0000000753800000, 0x0000000753800000|100%| E|CS|TAMS 0x0000000753600000, 0x0000000753600000| Complete 
| 147|0x0000000753800000, 0x0000000753a00000, 0x0000000753a00000|100%| E|CS|TAMS 0x0000000753800000, 0x0000000753800000| Complete 
| 148|0x0000000753a00000, 0x0000000753c00000, 0x0000000753c00000|100%| E|CS|TAMS 0x0000000753a00000, 0x0000000753a00000| Complete 
| 149|0x0000000753c00000, 0x0000000753e00000, 0x0000000753e00000|100%| E|CS|TAMS 0x0000000753c00000, 0x0000000753c00000| Complete 
| 150|0x0000000753e00000, 0x0000000754000000, 0x0000000754000000|100%| E|CS|TAMS 0x0000000753e00000, 0x0000000753e00000| Complete 
| 151|0x0000000754000000, 0x0000000754200000, 0x0000000754200000|100%| E|CS|TAMS 0x0000000754000000, 0x0000000754000000| Complete 
| 152|0x0000000754200000, 0x0000000754400000, 0x0000000754400000|100%| E|CS|TAMS 0x0000000754200000, 0x0000000754200000| Complete 
| 153|0x0000000754400000, 0x0000000754600000, 0x0000000754600000|100%| E|CS|TAMS 0x0000000754400000, 0x0000000754400000| Complete 
| 154|0x0000000754600000, 0x0000000754800000, 0x0000000754800000|100%| E|CS|TAMS 0x0000000754600000, 0x0000000754600000| Complete 
| 155|0x0000000754800000, 0x0000000754a00000, 0x0000000754a00000|100%| E|CS|TAMS 0x0000000754800000, 0x0000000754800000| Complete 
| 156|0x0000000754a00000, 0x0000000754c00000, 0x0000000754c00000|100%| E|CS|TAMS 0x0000000754a00000, 0x0000000754a00000| Complete 
| 157|0x0000000754c00000, 0x0000000754e00000, 0x0000000754e00000|100%| E|CS|TAMS 0x0000000754c00000, 0x0000000754c00000| Complete 
| 158|0x0000000754e00000, 0x0000000755000000, 0x0000000755000000|100%| E|CS|TAMS 0x0000000754e00000, 0x0000000754e00000| Complete 
| 159|0x0000000755000000, 0x0000000755200000, 0x0000000755200000|100%| E|CS|TAMS 0x0000000755000000, 0x0000000755000000| Complete 
| 160|0x0000000755200000, 0x0000000755400000, 0x0000000755400000|100%| E|CS|TAMS 0x0000000755200000, 0x0000000755200000| Complete 
| 161|0x0000000755400000, 0x0000000755600000, 0x0000000755600000|100%| E|CS|TAMS 0x0000000755400000, 0x0000000755400000| Complete 
| 162|0x0000000755600000, 0x0000000755800000, 0x0000000755800000|100%| E|CS|TAMS 0x0000000755600000, 0x0000000755600000| Complete 
| 163|0x0000000755800000, 0x0000000755a00000, 0x0000000755a00000|100%| E|CS|TAMS 0x0000000755800000, 0x0000000755800000| Complete 
| 164|0x0000000755a00000, 0x0000000755c00000, 0x0000000755c00000|100%| E|CS|TAMS 0x0000000755a00000, 0x0000000755a00000| Complete 
| 165|0x0000000755c00000, 0x0000000755e00000, 0x0000000755e00000|100%| E|CS|TAMS 0x0000000755c00000, 0x0000000755c00000| Complete 
| 166|0x0000000755e00000, 0x0000000756000000, 0x0000000756000000|100%| E|CS|TAMS 0x0000000755e00000, 0x0000000755e00000| Complete 
| 167|0x0000000756000000, 0x0000000756200000, 0x0000000756200000|100%| E|CS|TAMS 0x0000000756000000, 0x0000000756000000| Complete 

Card table byte_map: [0x00000252ef350000,0x00000252ef950000] _byte_map_base: 0x00000252eb947000

Marking Bits (Prev, Next): (CMBitMap*) 0x00000252d84fecd0, (CMBitMap*) 0x00000252d84fed10
 Prev Bits: [0x00000252eff50000, 0x00000252f2f08000)
 Next Bits: [0x00000252f2f10000, 0x00000252f5ec8000)

Polling page: 0x00000252d6460000

Metaspace:

Usage:
  Non-class:     15.95 MB used.
      Class:      2.00 MB used.
       Both:     17.96 MB used.

Virtual space:
  Non-class space:       64.00 MB reserved,      16.12 MB ( 25%) committed,  1 nodes.
      Class space:        1.00 GB reserved,       2.12 MB ( <1%) committed,  1 nodes.
             Both:        1.06 GB reserved,      18.25 MB (  2%) committed. 

Chunk freelists:
   Non-Class:  14.98 MB
       Class:  13.88 MB
        Both:  28.86 MB

MaxMetaspaceSize: unlimited
CompressedClassSpaceSize: 1.00 GB
Initial GC threshold: 21.00 MB
Current GC threshold: 21.00 MB
CDS: on
MetaspaceReclaimPolicy: balanced
 - commit_granule_bytes: 65536.
 - commit_granule_words: 8192.
 - virtual_space_node_default_size: 8388608.
 - enlarge_chunks_in_place: 1.
 - new_chunks_are_fully_committed: 0.
 - uncommit_free_chunks: 1.
 - use_allocation_guard: 0.
 - handle_deallocations: 1.


Internal statistics:

num_allocs_failed_limit: 0.
num_arena_births: 308.
num_arena_deaths: 0.
num_vsnodes_births: 2.
num_vsnodes_deaths: 0.
num_space_committed: 292.
num_space_uncommitted: 0.
num_chunks_returned_to_freelist: 0.
num_chunks_taken_from_freelist: 555.
num_chunk_merges: 0.
num_chunk_splits: 288.
num_chunks_enlarged: 91.
num_purges: 0.
num_inconsistent_stats: 0.

CodeHeap 'non-profiled nmethods': size=120000Kb used=1829Kb max_used=1829Kb free=118170Kb
 bounds [0x00000252e7820000, 0x00000252e7a90000, 0x00000252eed50000]
CodeHeap 'profiled nmethods': size=120000Kb used=8298Kb max_used=8298Kb free=111701Kb
 bounds [0x00000252dfd50000, 0x00000252e0570000, 0x00000252e7280000]
CodeHeap 'non-nmethods': size=5760Kb used=1338Kb max_used=1419Kb free=4421Kb
 bounds [0x00000252e7280000, 0x00000252e74f0000, 0x00000252e7820000]
 total_blobs=4695 nmethods=4020 adapters=586
 compilation: enabled
              stopped_count=0, restarted_count=0
 full_count=0

Compilation events (20 events):
Event: 35.605 Thread 0x00000252f83ddc10 nmethod 4009 0x00000252e0561d10 code [0x00000252e0561fa0, 0x00000252e0562d78]
Event: 35.605 Thread 0x00000252f83ddc10 4010       3       java.util.PriorityQueue::offer (58 bytes)
Event: 35.606 Thread 0x00000252f83ddc10 nmethod 4010 0x00000252e0563410 code [0x00000252e0563600, 0x00000252e05639f8]
Event: 35.606 Thread 0x00000252f83ddc10 4011       3       java.util.PriorityQueue::siftUp (33 bytes)
Event: 35.606 Thread 0x00000252f83ddc10 nmethod 4011 0x00000252e0563b90 code [0x00000252e0563d40, 0x00000252e0563f38]
Event: 35.660 Thread 0x00000252f83dc300 4013   !   4       java.awt.Container::getMouseEventTargetImpl (255 bytes)
Event: 35.668 Thread 0x00000252f83ddc10 4014       3       java.util.PriorityQueue::removeAt (83 bytes)
Event: 35.669 Thread 0x00000252f83ddc10 nmethod 4014 0x00000252e0564010 code [0x00000252e0564220, 0x00000252e05649a8]
Event: 35.680 Thread 0x00000252f83dc300 nmethod 4013 0x00000252e79e6910 code [0x00000252e79e6b60, 0x00000252e79e8008]
Event: 35.681 Thread 0x00000252f83dc300 4012       4       java.awt.Container::getMouseEventTarget (50 bytes)
Event: 35.682 Thread 0x00000252f83dc300 nmethod 4012 0x00000252e79e8d90 code [0x00000252e79e8f20, 0x00000252e79e8fe8]
Event: 35.748 Thread 0x00000252f83dc300 4015       4       java.awt.EventQueue::eventToCacheIndex (80 bytes)
Event: 35.749 Thread 0x00000252f83dc300 nmethod 4015 0x00000252e79e9110 code [0x00000252e79e92a0, 0x00000252e79e93b8]
Event: 35.922 Thread 0x00000252f83ddc10 4016       3       uk.co.caprica.vlcj.logger.Logger::debug (24 bytes)
Event: 35.923 Thread 0x00000252f83ddc10 nmethod 4016 0x00000252e0564c10 code [0x00000252e0564dc0, 0x00000252e0564f98]
Event: 36.044 Thread 0x00000252f83ddc10 4017  s    3       sun.java2d.ScreenUpdateManager::createGraphics (14 bytes)
Event: 36.044 Thread 0x00000252f83ddc10 nmethod 4017 0x00000252e0565090 code [0x00000252e0565240, 0x00000252e05654a8]
Event: 36.669 Thread 0x00000252f83ddc10 4018       1       com.sun.jna.PointerType::getPointer (5 bytes)
Event: 36.669 Thread 0x00000252f83ddc10 nmethod 4018 0x00000252e79e9490 code [0x00000252e79e9620, 0x00000252e79e96f8]
Event: 36.669 Thread 0x00000252f83ddc10 4019       3       com.sun.jna.Function::invoke (526 bytes)

GC Heap History (20 events):
Event: 35.145 GC heap before
{Heap before GC invocations=191 (full 0):
 garbage-first heap   total 344064K, used 222906K [0x0000000741200000, 0x0000000800000000)
  region size 2048K, 100 young (204800K), 1 survivors (2048K)
 Metaspace       used 18369K, committed 18560K, reserved 1114112K
  class space    used 2050K, committed 2176K, reserved 1048576K
}
Event: 35.146 GC heap after
{Heap after GC invocations=192 (full 0):
 garbage-first heap   total 344064K, used 20154K [0x0000000741200000, 0x0000000800000000)
  region size 2048K, 1 young (2048K), 1 survivors (2048K)
 Metaspace       used 18369K, committed 18560K, reserved 1114112K
  class space    used 2050K, committed 2176K, reserved 1048576K
}
Event: 35.295 GC heap before
{Heap before GC invocations=192 (full 0):
 garbage-first heap   total 344064K, used 222906K [0x0000000741200000, 0x0000000800000000)
  region size 2048K, 100 young (204800K), 1 survivors (2048K)
 Metaspace       used 18369K, committed 18560K, reserved 1114112K
  class space    used 2050K, committed 2176K, reserved 1048576K
}
Event: 35.296 GC heap after
{Heap after GC invocations=193 (full 0):
 garbage-first heap   total 344064K, used 20156K [0x0000000741200000, 0x0000000800000000)
  region size 2048K, 1 young (2048K), 1 survivors (2048K)
 Metaspace       used 18369K, committed 18560K, reserved 1114112K
  class space    used 2050K, committed 2176K, reserved 1048576K
}
Event: 35.455 GC heap before
{Heap before GC invocations=193 (full 0):
 garbage-first heap   total 344064K, used 222908K [0x0000000741200000, 0x0000000800000000)
  region size 2048K, 100 young (204800K), 1 survivors (2048K)
 Metaspace       used 18369K, committed 18560K, reserved 1114112K
  class space    used 2050K, committed 2176K, reserved 1048576K
}
Event: 35.456 GC heap after
{Heap after GC invocations=194 (full 0):
 garbage-first heap   total 344064K, used 20154K [0x0000000741200000, 0x0000000800000000)
  region size 2048K, 1 young (2048K), 1 survivors (2048K)
 Metaspace       used 18369K, committed 18560K, reserved 1114112K
  class space    used 2050K, committed 2176K, reserved 1048576K
}
Event: 35.615 GC heap before
{Heap before GC invocations=194 (full 0):
 garbage-first heap   total 344064K, used 222906K [0x0000000741200000, 0x0000000800000000)
  region size 2048K, 100 young (204800K), 1 survivors (2048K)
 Metaspace       used 18373K, committed 18624K, reserved 1114112K
  class space    used 2050K, committed 2176K, reserved 1048576K
}
Event: 35.616 GC heap after
{Heap after GC invocations=195 (full 0):
 garbage-first heap   total 344064K, used 20156K [0x0000000741200000, 0x0000000800000000)
  region size 2048K, 1 young (2048K), 1 survivors (2048K)
 Metaspace       used 18373K, committed 18624K, reserved 1114112K
  class space    used 2050K, committed 2176K, reserved 1048576K
}
Event: 35.774 GC heap before
{Heap before GC invocations=195 (full 0):
 garbage-first heap   total 344064K, used 222908K [0x0000000741200000, 0x0000000800000000)
  region size 2048K, 100 young (204800K), 1 survivors (2048K)
 Metaspace       used 18373K, committed 18624K, reserved 1114112K
  class space    used 2050K, committed 2176K, reserved 1048576K
}
Event: 35.775 GC heap after
{Heap after GC invocations=196 (full 0):
 garbage-first heap   total 344064K, used 20154K [0x0000000741200000, 0x0000000800000000)
  region size 2048K, 1 young (2048K), 1 survivors (2048K)
 Metaspace       used 18373K, committed 18624K, reserved 1114112K
  class space    used 2050K, committed 2176K, reserved 1048576K
}
Event: 35.923 GC heap before
{Heap before GC invocations=196 (full 0):
 garbage-first heap   total 344064K, used 222906K [0x0000000741200000, 0x0000000800000000)
  region size 2048K, 100 young (204800K), 1 survivors (2048K)
 Metaspace       used 18375K, committed 18624K, reserved 1114112K
  class space    used 2050K, committed 2176K, reserved 1048576K
}
Event: 35.925 GC heap after
{Heap after GC invocations=197 (full 0):
 garbage-first heap   total 344064K, used 20168K [0x0000000741200000, 0x0000000800000000)
  region size 2048K, 1 young (2048K), 1 survivors (2048K)
 Metaspace       used 18375K, committed 18624K, reserved 1114112K
  class space    used 2050K, committed 2176K, reserved 1048576K
}
Event: 36.084 GC heap before
{Heap before GC invocations=197 (full 0):
 garbage-first heap   total 344064K, used 222920K [0x0000000741200000, 0x0000000800000000)
  region size 2048K, 100 young (204800K), 1 survivors (2048K)
 Metaspace       used 18375K, committed 18624K, reserved 1114112K
  class space    used 2050K, committed 2176K, reserved 1048576K
}
Event: 36.085 GC heap after
{Heap after GC invocations=198 (full 0):
 garbage-first heap   total 344064K, used 20158K [0x0000000741200000, 0x0000000800000000)
  region size 2048K, 1 young (2048K), 1 survivors (2048K)
 Metaspace       used 18375K, committed 18624K, reserved 1114112K
  class space    used 2050K, committed 2176K, reserved 1048576K
}
Event: 36.249 GC heap before
{Heap before GC invocations=198 (full 0):
 garbage-first heap   total 344064K, used 222910K [0x0000000741200000, 0x0000000800000000)
  region size 2048K, 100 young (204800K), 1 survivors (2048K)
 Metaspace       used 18375K, committed 18624K, reserved 1114112K
  class space    used 2050K, committed 2176K, reserved 1048576K
}
Event: 36.250 GC heap after
{Heap after GC invocations=199 (full 0):
 garbage-first heap   total 344064K, used 20158K [0x0000000741200000, 0x0000000800000000)
  region size 2048K, 1 young (2048K), 1 survivors (2048K)
 Metaspace       used 18375K, committed 18624K, reserved 1114112K
  class space    used 2050K, committed 2176K, reserved 1048576K
}
Event: 36.395 GC heap before
{Heap before GC invocations=199 (full 0):
 garbage-first heap   total 344064K, used 222910K [0x0000000741200000, 0x0000000800000000)
  region size 2048K, 100 young (204800K), 1 survivors (2048K)
 Metaspace       used 18375K, committed 18624K, reserved 1114112K
  class space    used 2050K, committed 2176K, reserved 1048576K
}
Event: 36.396 GC heap after
{Heap after GC invocations=200 (full 0):
 garbage-first heap   total 344064K, used 20160K [0x0000000741200000, 0x0000000800000000)
  region size 2048K, 1 young (2048K), 1 survivors (2048K)
 Metaspace       used 18375K, committed 18624K, reserved 1114112K
  class space    used 2050K, committed 2176K, reserved 1048576K
}
Event: 36.538 GC heap before
{Heap before GC invocations=200 (full 0):
 garbage-first heap   total 344064K, used 222912K [0x0000000741200000, 0x0000000800000000)
  region size 2048K, 100 young (204800K), 1 survivors (2048K)
 Metaspace       used 18375K, committed 18624K, reserved 1114112K
  class space    used 2050K, committed 2176K, reserved 1048576K
}
Event: 36.539 GC heap after
{Heap after GC invocations=201 (full 0):
 garbage-first heap   total 344064K, used 20158K [0x0000000741200000, 0x0000000800000000)
  region size 2048K, 1 young (2048K), 1 survivors (2048K)
 Metaspace       used 18375K, committed 18624K, reserved 1114112K
  class space    used 2050K, committed 2176K, reserved 1048576K
}

Deoptimization events (20 events):
Event: 14.337 Thread 0x00000252fdbfa030 DEOPT PACKING pc=0x00000252e79a778c sp=0x000000b15bdfe350
Event: 14.337 Thread 0x00000252fdbfa030 DEOPT UNPACKING pc=0x00000252e72d23a3 sp=0x000000b15bdfe2f8 mode 2
Event: 14.337 Thread 0x00000252fdbfa030 Uncommon trap: trap_request=0xffffffbe fr.pc=0x00000252e79a778c relative=0x00000000000002cc
Event: 14.337 Thread 0x00000252fdbfa030 Uncommon trap: reason=profile_predicate action=maybe_recompile pc=0x00000252e79a778c method=java.util.WeakHashMap.get(Ljava/lang/Object;)Ljava/lang/Object; @ 35 c2
Event: 14.337 Thread 0x00000252fdbfa030 DEOPT PACKING pc=0x00000252e79a778c sp=0x000000b15bdfda50
Event: 14.337 Thread 0x00000252fdbfa030 DEOPT UNPACKING pc=0x00000252e72d23a3 sp=0x000000b15bdfd9f8 mode 2
Event: 14.337 Thread 0x00000252fdbfa030 Uncommon trap: trap_request=0xffffffbe fr.pc=0x00000252e79a778c relative=0x00000000000002cc
Event: 14.337 Thread 0x00000252fdbfa030 Uncommon trap: reason=profile_predicate action=maybe_recompile pc=0x00000252e79a778c method=java.util.WeakHashMap.get(Ljava/lang/Object;)Ljava/lang/Object; @ 35 c2
Event: 14.337 Thread 0x00000252fdbfa030 DEOPT PACKING pc=0x00000252e79a778c sp=0x000000b15bdfda50
Event: 14.337 Thread 0x00000252fdbfa030 DEOPT UNPACKING pc=0x00000252e72d23a3 sp=0x000000b15bdfd9f8 mode 2
Event: 22.305 Thread 0x00000252fdbfaea0 Uncommon trap: trap_request=0xfffffff4 fr.pc=0x00000252e79c2b10 relative=0x0000000000000430
Event: 22.305 Thread 0x00000252fdbfaea0 Uncommon trap: reason=null_check action=make_not_entrant pc=0x00000252e79c2b10 method=com.sun.jna.Native.getNativeSize(Ljava/lang/Class;Ljava/lang/Object;)I @ 83 c2
Event: 22.305 Thread 0x00000252fdbfaea0 DEOPT PACKING pc=0x00000252e79c2b10 sp=0x000000b15b8fe4e0
Event: 22.305 Thread 0x00000252fdbfaea0 DEOPT UNPACKING pc=0x00000252e72d23a3 sp=0x000000b15b8fe498 mode 2
Event: 30.448 Thread 0x00000252f88c0f70 DEOPT PACKING pc=0x00000252e036a525 sp=0x000000b15aefea70
Event: 30.448 Thread 0x00000252f88c0f70 DEOPT UNPACKING pc=0x00000252e72d2b43 sp=0x000000b15aefdf08 mode 0
Event: 33.555 Thread 0x00000252fdbf8cf0 Uncommon trap: trap_request=0xfffffff4 fr.pc=0x00000252e79d8b38 relative=0x00000000000008d8
Event: 33.555 Thread 0x00000252fdbf8cf0 Uncommon trap: reason=null_check action=make_not_entrant pc=0x00000252e79d8b38 method=com.sun.jna.Native.getNativeSize(Ljava/lang/Class;)I @ 23 c2
Event: 33.555 Thread 0x00000252fdbf8cf0 DEOPT PACKING pc=0x00000252e79d8b38 sp=0x000000b15b8fe430
Event: 33.555 Thread 0x00000252fdbf8cf0 DEOPT UNPACKING pc=0x00000252e72d23a3 sp=0x000000b15b8fe400 mode 2

Classes unloaded (0 events):
No events

Classes redefined (0 events):
No events

Internal exceptions (20 events):
Event: 0.113 Thread 0x00000252d84a7ab0 Exception <a 'java/lang/ClassNotFoundException'{0x000000074d1b2d10}: sun/awt/resources/spi/awtProvider> (0x000000074d1b2d10) 
thrown [s\open\src\hotspot\share\classfile\systemDictionary.cpp, line 256]
Event: 0.139 Thread 0x00000252d84a7ab0 Exception <a 'java/io/FileNotFoundException'{0x000000074ce0b230}> (0x000000074ce0b230) 
thrown [s\open\src\hotspot\share\prims\jni.cpp, line 516]
Event: 0.147 Thread 0x00000252d84a7ab0 Exception <a 'java/io/FileNotFoundException'{0x000000074ce381b8}> (0x000000074ce381b8) 
thrown [s\open\src\hotspot\share\prims\jni.cpp, line 516]
Event: 0.185 Thread 0x00000252d84a7ab0 Exception <a 'java/lang/NoSuchMethodError'{0x000000074ce6ee70}: 'java.lang.Object java.lang.invoke.DirectMethodHandle$Holder.invokeStaticInit(java.lang.Object)'> (0x000000074ce6ee70) 
thrown [s\open\src\hotspot\share\interpreter\linkResolver.cpp, line 759]
Event: 0.225 Thread 0x00000252d84a7ab0 Exception <a 'java/lang/NoSuchMethodError'{0x000000074ceb43e8}: 'void java.lang.invoke.DirectMethodHandle$Holder.invokeSpecial(java.lang.Object, java.lang.Object, java.lang.Object)'> (0x000000074ceb43e8) 
thrown [s\open\src\hotspot\share\interpreter\linkResolver.cpp, line 759]
Event: 0.240 Thread 0x00000252d84a7ab0 Exception <a 'java/lang/NoSuchMethodError'{0x000000074cf1bea0}: 'java.lang.Object java.lang.invoke.DirectMethodHandle$Holder.newInvokeSpecial(java.lang.Object, java.lang.Object, java.lang.Object, java.lang.Object, java.lang.Object)'> (0x000000074cf1bea0) 
thrown [s\open\src\hotspot\share\interpreter\linkResolver.cpp, line 759]
Event: 0.243 Thread 0x00000252d84a7ab0 Exception <a 'java/lang/NoSuchMethodError'{0x000000074cf27868}: 'java.lang.Object java.lang.invoke.DirectMethodHandle$Holder.invokeStatic(java.lang.Object, int, java.lang.Object, java.lang.Object, java.lang.Object, java.lang.Object)'> (0x000000074cf27868) 
thrown [s\open\src\hotspot\share\interpreter\linkResolver.cpp, line 759]
Event: 0.251 Thread 0x00000252d84a7ab0 Exception <a 'java/lang/NoSuchMethodError'{0x000000074cf4d290}: 'java.lang.Object java.lang.invoke.DirectMethodHandle$Holder.invokeStatic(java.lang.Object, int, java.lang.Object)'> (0x000000074cf4d290) 
thrown [s\open\src\hotspot\share\interpreter\linkResolver.cpp, line 759]
Event: 0.291 Thread 0x00000252d84a7ab0 Exception <a 'java/lang/ClassNotFoundException'{0x000000074cc08058}: com/sun/swing/internal/plaf/metal/resources/spi/metalProvider> (0x000000074cc08058) 
thrown [s\open\src\hotspot\share\classfile\systemDictionary.cpp, line 256]
Event: 0.292 Thread 0x00000252d84a7ab0 Exception <a 'java/lang/ClassNotFoundException'{0x000000074cc0bcb8}: com/sun/swing/internal/plaf/basic/resources/spi/basicProvider> (0x000000074cc0bcb8) 
thrown [s\open\src\hotspot\share\classfile\systemDictionary.cpp, line 256]
Event: 0.293 Thread 0x00000252d84a7ab0 Exception <a 'java/lang/NoSuchMethodError'{0x000000074cc149e0}: 'void java.lang.invoke.DirectMethodHandle$Holder.invokeStatic(java.lang.Object, java.lang.Object, java.lang.Object)'> (0x000000074cc149e0) 
thrown [s\open\src\hotspot\share\interpreter\linkResolver.cpp, line 759]
Event: 0.295 Thread 0x00000252d84a7ab0 Exception <a 'java/lang/NoSuchMethodError'{0x000000074cc1adc0}: 'void java.lang.invoke.DirectMethodHandle$Holder.invokeStatic(java.lang.Object, java.lang.Object)'> (0x000000074cc1adc0) 
thrown [s\open\src\hotspot\share\interpreter\linkResolver.cpp, line 759]
Event: 0.308 Thread 0x00000252f88fb420 Exception <a 'java/lang/NoSuchMethodError'{0x000000074cc4b6e8}: 'java.lang.Object java.lang.invoke.DirectMethodHandle$Holder.newInvokeSpecial(java.lang.Object, java.lang.Object, java.lang.Object, int, int, int, int, int)'> (0x000000074cc4b6e8) 
thrown [s\open\src\hotspot\share\interpreter\linkResolver.cpp, line 759]
Event: 1.131 Thread 0x00000252d84a7ab0 Exception <a 'java/lang/NoSuchMethodError'{0x000000074c6e17d0}: 'void java.lang.invoke.DirectMethodHandle$Holder.invokeStaticInit(java.lang.Object)'> (0x000000074c6e17d0) 
thrown [s\open\src\hotspot\share\interpreter\linkResolver.cpp, line 759]
Event: 1.212 Thread 0x00000252f8893c10 Exception <a 'java/lang/NoSuchMethodError'{0x000000074cec85e8}: 'void java.lang.invoke.DirectMethodHandle$Holder.invokeVirtual(java.lang.Object, java.lang.Object)'> (0x000000074cec85e8) 
thrown [s\open\src\hotspot\share\interpreter\linkResolver.cpp, line 759]
Event: 4.253 Thread 0x00000252f88c0f70 Implicit null exception at 0x00000252e7887a14 to 0x00000252e7887b84
Event: 4.307 Thread 0x00000252f88c0f70 Exception <a 'java/lang/NoSuchMethodError'{0x0000000755d05038}: 'int java.lang.invoke.DirectMethodHandle$Holder.invokeStatic(java.lang.Object)'> (0x0000000755d05038) 
thrown [s\open\src\hotspot\share\interpreter\linkResolver.cpp, line 759]
Event: 8.398 Thread 0x00000252f88c0f70 Exception <a 'java/lang/NoSuchMethodError'{0x0000000750734a90}: 'java.lang.Object java.lang.invoke.DirectMethodHandle$Holder.invokeStaticInit(java.lang.Object, int, int, int, int)'> (0x0000000750734a90) 
thrown [s\open\src\hotspot\share\interpreter\linkResolver.cpp, line 759]
Event: 8.520 Thread 0x00000252f88c0f70 Exception <a 'java/lang/NoSuchMethodError'{0x0000000749d0bd80}: 'java.lang.Object java.lang.invoke.DirectMethodHandle$Holder.invokeStaticInit(java.lang.Object, java.lang.Object, int, int, int, int)'> (0x0000000749d0bd80) 
thrown [s\open\src\hotspot\share\interpreter\linkResolver.cpp, line 759]
Event: 8.571 Thread 0x00000252f88c0f70 Exception <a 'java/lang/NullPointerException'{0x0000000753703b68}> (0x0000000753703b68) 
thrown [s\open\src\hotspot\share\interpreter\linkResolver.cpp, line 1350]

VM Operations (20 events):
Event: 35.145 Executing VM operation: G1CollectForAllocation
Event: 35.146 Executing VM operation: G1CollectForAllocation done
Event: 35.295 Executing VM operation: G1CollectForAllocation
Event: 35.296 Executing VM operation: G1CollectForAllocation done
Event: 35.455 Executing VM operation: G1CollectForAllocation
Event: 35.456 Executing VM operation: G1CollectForAllocation done
Event: 35.614 Executing VM operation: G1CollectForAllocation
Event: 35.616 Executing VM operation: G1CollectForAllocation done
Event: 35.774 Executing VM operation: G1CollectForAllocation
Event: 35.775 Executing VM operation: G1CollectForAllocation done
Event: 35.923 Executing VM operation: G1CollectForAllocation
Event: 35.925 Executing VM operation: G1CollectForAllocation done
Event: 36.084 Executing VM operation: G1CollectForAllocation
Event: 36.085 Executing VM operation: G1CollectForAllocation done
Event: 36.249 Executing VM operation: G1CollectForAllocation
Event: 36.250 Executing VM operation: G1CollectForAllocation done
Event: 36.395 Executing VM operation: G1CollectForAllocation
Event: 36.396 Executing VM operation: G1CollectForAllocation done
Event: 36.538 Executing VM operation: G1CollectForAllocation
Event: 36.539 Executing VM operation: G1CollectForAllocation done

Events (20 events):
Event: 34.905 Thread 0x00000252fdbf8cf0 Thread added: 0x00000252fdbf8cf0
Event: 34.905 Thread 0x00000252fdbf8cf0 Thread exited: 0x00000252fdbf8cf0
Event: 34.905 Thread 0x00000252fdbf8cf0 Thread added: 0x00000252fdbf8cf0
Event: 34.906 Thread 0x00000252fdbf8cf0 Thread exited: 0x00000252fdbf8cf0
Event: 35.206 Thread 0x00000252fdbf8cf0 Thread added: 0x00000252fdbf8cf0
Event: 35.206 Thread 0x00000252fdbf8cf0 Thread exited: 0x00000252fdbf8cf0
Event: 35.207 Thread 0x00000252fdbfaea0 Thread added: 0x00000252fdbfaea0
Event: 35.207 Thread 0x00000252fdbfaea0 Thread exited: 0x00000252fdbfaea0
Event: 35.507 Thread 0x00000252fdbf8cf0 Thread added: 0x00000252fdbf8cf0
Event: 35.508 Thread 0x00000252fdbf8cf0 Thread exited: 0x00000252fdbf8cf0
Event: 35.508 Thread 0x00000252fdbfaea0 Thread added: 0x00000252fdbfaea0
Event: 35.508 Thread 0x00000252fdbfaea0 Thread exited: 0x00000252fdbfaea0
Event: 35.808 Thread 0x00000252fdbfaea0 Thread added: 0x00000252fdbfaea0
Event: 35.809 Thread 0x00000252fdbfaea0 Thread exited: 0x00000252fdbfaea0
Event: 35.809 Thread 0x00000252fdbfaea0 Thread added: 0x00000252fdbfaea0
Event: 35.809 Thread 0x00000252fdbfaea0 Thread exited: 0x00000252fdbfaea0
Event: 35.909 Thread 0x00000252fdbf8cf0 Thread added: 0x00000252fdbf8cf0
Event: 35.909 Thread 0x00000252fdbf8cf0 Thread exited: 0x00000252fdbf8cf0
Event: 35.910 Thread 0x00000252fdbfaea0 Thread added: 0x00000252fdbfaea0
Event: 35.910 Thread 0x00000252fdbfaea0 Thread exited: 0x00000252fdbfaea0


Dynamic libraries:
0x00007ff734890000 - 0x00007ff7348a0000 	C:\Program Files\Java\jdk-17\bin\java.exe
0x00007fff41170000 - 0x00007fff41368000 	C:\Windows\SYSTEM32\ntdll.dll
0x00007fff40a70000 - 0x00007fff40b2d000 	C:\Windows\System32\KERNEL32.DLL
0x00007fff3e8d0000 - 0x00007fff3ebc6000 	C:\Windows\System32\KERNELBASE.dll
0x00007fff3ec80000 - 0x00007fff3ed80000 	C:\Windows\System32\ucrtbase.dll
0x00007fff399b0000 - 0x00007fff399cb000 	C:\Program Files\Java\jdk-17\bin\VCRUNTIME140.dll
0x00007fff2a4b0000 - 0x00007fff2a4c9000 	C:\Program Files\Java\jdk-17\bin\jli.dll
0x00007fff3f910000 - 0x00007fff3f9c0000 	C:\Windows\System32\ADVAPI32.dll
0x00007fff40cc0000 - 0x00007fff40d5e000 	C:\Windows\System32\msvcrt.dll
0x00007fff3f280000 - 0x00007fff3f320000 	C:\Windows\System32\sechost.dll
0x00007fff41000000 - 0x00007fff41125000 	C:\Windows\System32\RPCRT4.dll
0x00007fff3e850000 - 0x00007fff3e877000 	C:\Windows\System32\bcrypt.dll
0x00007fff3fdb0000 - 0x00007fff3ff4e000 	C:\Windows\System32\USER32.dll
0x00007fff3e820000 - 0x00007fff3e842000 	C:\Windows\System32\win32u.dll
0x00007fff3f1a0000 - 0x00007fff3f1cb000 	C:\Windows\System32\GDI32.dll
0x00007fff3eee0000 - 0x00007fff3eff7000 	C:\Windows\System32\gdi32full.dll
0x00007fff242b0000 - 0x00007fff2454a000 	C:\Windows\WinSxS\amd64_microsoft.windows.common-controls_6595b64144ccf1df_6.0.19041.3636_none_60b6a03d71f818d5\COMCTL32.dll
0x00007fff3f000000 - 0x00007fff3f09d000 	C:\Windows\System32\msvcp_win.dll
0x00007fff37cd0000 - 0x00007fff37cda000 	C:\Windows\SYSTEM32\VERSION.dll
0x00007fff3f320000 - 0x00007fff3f352000 	C:\Windows\System32\IMM32.DLL
0x00007fff35760000 - 0x00007fff3576c000 	C:\Program Files\Java\jdk-17\bin\vcruntime140_1.dll
0x00007fff1ba80000 - 0x00007fff1bb0e000 	C:\Program Files\Java\jdk-17\bin\msvcp140.dll
0x00007ffecee60000 - 0x00007ffecfa3e000 	C:\Program Files\Java\jdk-17\bin\server\jvm.dll
0x00007fff3f360000 - 0x00007fff3f368000 	C:\Windows\System32\PSAPI.DLL
0x00007fff39e50000 - 0x00007fff39e59000 	C:\Windows\SYSTEM32\WSOCK32.dll
0x00007fff27360000 - 0x00007fff27387000 	C:\Windows\SYSTEM32\WINMM.dll
0x00007fff40810000 - 0x00007fff4087b000 	C:\Windows\System32\WS2_32.dll
0x00007fff3c6d0000 - 0x00007fff3c6e2000 	C:\Windows\SYSTEM32\kernel.appcore.dll
0x00007fff2dfb0000 - 0x00007fff2dfba000 	C:\Program Files\Java\jdk-17\bin\jimage.dll
0x00007fff2b910000 - 0x00007fff2baf4000 	C:\Windows\SYSTEM32\DBGHELP.DLL
0x00007fff2c250000 - 0x00007fff2c284000 	C:\Windows\SYSTEM32\dbgcore.DLL
0x00007fff3f110000 - 0x00007fff3f192000 	C:\Windows\System32\bcryptPrimitives.dll
0x00007fff1c7c0000 - 0x00007fff1c7e5000 	C:\Program Files\Java\jdk-17\bin\java.dll
0x00007fff1bd90000 - 0x00007fff1be67000 	C:\Program Files\Java\jdk-17\bin\jsvml.dll
0x00007fff400a0000 - 0x00007fff4080b000 	C:\Windows\System32\SHELL32.dll
0x00007fff3c8d0000 - 0x00007fff3d06e000 	C:\Windows\SYSTEM32\windows.storage.dll
0x00007fff3fa50000 - 0x00007fff3fda3000 	C:\Windows\System32\combase.dll
0x00007fff3e180000 - 0x00007fff3e1ae000 	C:\Windows\SYSTEM32\Wldp.dll
0x00007fff3f370000 - 0x00007fff3f43d000 	C:\Windows\System32\OLEAUT32.dll
0x00007fff3f1d0000 - 0x00007fff3f27d000 	C:\Windows\System32\SHCORE.dll
0x00007fff40de0000 - 0x00007fff40e35000 	C:\Windows\System32\shlwapi.dll
0x00007fff3e750000 - 0x00007fff3e775000 	C:\Windows\SYSTEM32\profapi.dll
0x00007fff24550000 - 0x00007fff24569000 	C:\Program Files\Java\jdk-17\bin\net.dll
0x00007fff364d0000 - 0x00007fff365da000 	C:\Windows\SYSTEM32\WINHTTP.dll
0x00007fff3dee0000 - 0x00007fff3df4a000 	C:\Windows\system32\mswsock.dll
0x00007fff1e2b0000 - 0x00007fff1e2c6000 	C:\Program Files\Java\jdk-17\bin\nio.dll
0x00007fff1cfc0000 - 0x00007fff1cfd8000 	C:\Program Files\Java\jdk-17\bin\zip.dll
0x00007fff0e390000 - 0x00007fff0e521000 	C:\Program Files\Java\jdk-17\bin\awt.dll
0x00007fff3c030000 - 0x00007fff3c0c0000 	C:\Windows\SYSTEM32\apphelp.dll
0x00007fff3c200000 - 0x00007fff3c29e000 	C:\Windows\system32\uxtheme.dll
0x00007fff3ff60000 - 0x00007fff40075000 	C:\Windows\System32\MSCTF.dll
0x00007fff40b90000 - 0x00007fff40cbb000 	C:\Windows\System32\ole32.dll
0x00007fff3c2e0000 - 0x00007fff3c30f000 	C:\Windows\system32\DWMAPI.DLL
0x00007fff20ae0000 - 0x00007fff20b90000 	C:\Windows\WinSxS\amd64_microsoft.windows.common-controls_6595b64144ccf1df_5.82.19041.3636_none_7931fb75243f97c8\comctl32.dll
0x00007fff1b9f0000 - 0x00007fff1ba76000 	C:\Program Files\Java\jdk-17\bin\freetype.dll
0x00007fff12800000 - 0x00007fff128d3000 	C:\Program Files\Java\jdk-17\bin\fontmanager.dll
0x00007fff130d0000 - 0x00007fff131f5000 	C:\Windows\system32\opengl32.dll
0x00007fff130a0000 - 0x00007fff130cc000 	C:\Windows\SYSTEM32\GLU32.dll
0x00007fff343e0000 - 0x00007fff3441b000 	C:\Windows\SYSTEM32\dxcore.dll
0x00007fff3e880000 - 0x00007fff3e8ce000 	C:\Windows\System32\cfgmgr32.dll
0x00007fff408e0000 - 0x00007fff40989000 	C:\Windows\System32\clbcatq.dll
0x00007fff3a030000 - 0x00007fff3a126000 	C:\Windows\SYSTEM32\PROPSYS.dll
0x00007fff1d6f0000 - 0x00007fff1d707000 	C:\Windows\system32\NetworkExplorer.dll
0x00007fff23fc0000 - 0x00007fff23fdd000 	C:\Windows\SYSTEM32\MPR.dll
0x00007fff3a4a0000 - 0x00007fff3a4ab000 	C:\Windows\System32\drprov.dll
0x00007fff3e550000 - 0x00007fff3e5ab000 	C:\Windows\System32\WINSTA.dll
0x00007fff38f80000 - 0x00007fff38f9f000 	C:\Windows\System32\ntlanman.dll
0x00007fff358e0000 - 0x00007fff358fe000 	C:\Windows\System32\davclnt.dll
0x00007fff38460000 - 0x00007fff3846d000 	C:\Windows\System32\DAVHLPR.dll
0x00007fff3d930000 - 0x00007fff3d949000 	C:\Windows\System32\wkscli.dll
0x00007fff129d0000 - 0x00007fff129e2000 	C:\Windows\SYSTEM32\cscapi.dll
0x00007fff3dce0000 - 0x00007fff3dcec000 	C:\Windows\System32\netutils.dll
0x00007fff0a300000 - 0x00007fff0a356000 	C:\Windows\System32\dlnashext.dll
0x00007fff1c750000 - 0x00007fff1c7b4000 	C:\Windows\System32\PlayToDevice.dll
0x00007fff3a440000 - 0x00007fff3a460000 	C:\Windows\System32\DevDispItemProvider.dll
0x00007fff38ea0000 - 0x00007fff38f25000 	C:\Windows\System32\MMDevApi.dll
0x00007fff3e4e0000 - 0x00007fff3e513000 	C:\Windows\System32\DEVOBJ.dll
0x00007fff1bea0000 - 0x00007fff1bf41000 	C:\Windows\system32\wpdshext.dll
0x00007fff2bb30000 - 0x00007fff2bcd7000 	C:\Windows\WinSxS\amd64_microsoft.windows.gdiplus_6595b64144ccf1df_1.1.19041.3996_none_91a79472cc852ba0\gdiplus.dll
0x00007fff39870000 - 0x00007fff39913000 	C:\Windows\System32\PortableDeviceApi.dll
0x00007fff3f440000 - 0x00007fff3f8ae000 	C:\Windows\System32\SETUPAPI.dll
0x00007fff3f0a0000 - 0x00007fff3f107000 	C:\Windows\System32\WINTRUST.dll
0x00007fff3ed80000 - 0x00007fff3eedd000 	C:\Windows\System32\CRYPT32.dll
0x00007fff3e310000 - 0x00007fff3e322000 	C:\Windows\System32\MSASN1.dll
0x00007fff2f2b0000 - 0x00007fff2f2e7000 	C:\Windows\System32\EhStorShell.dll
0x00007fff23360000 - 0x00007fff23386000 	C:\Windows\System32\EhStorAPI.dll
0x00007fff39c80000 - 0x00007fff39c94000 	C:\Windows\System32\WTSAPI32.dll
0x00007fff3a430000 - 0x00007fff3a43d000 	C:\Windows\SYSTEM32\LINKINFO.dll
0x00007fff38080000 - 0x00007fff38234000 	C:\Windows\SYSTEM32\WindowsCodecs.dll
0x00007fff39ef0000 - 0x00007fff39f2e000 	C:\Windows\system32\dataexchange.dll
0x00007fff3b7a0000 - 0x00007fff3b983000 	C:\Windows\system32\dcomp.dll
0x00007fff3b070000 - 0x00007fff3b2d3000 	C:\Windows\system32\d3d11.dll
0x00007fff3d0d0000 - 0x00007fff3d1c3000 	C:\Windows\system32\dxgi.dll
0x00007fff377b0000 - 0x00007fff379b3000 	C:\Windows\system32\twinapi.appcore.dll
0x00007fff2ec80000 - 0x00007fff2ed79000 	C:\Windows\SYSTEM32\textinputframework.dll
0x00007fff3b440000 - 0x00007fff3b79b000 	C:\Windows\System32\CoreUIComponents.dll
0x00007fff3bd10000 - 0x00007fff3be02000 	C:\Windows\System32\CoreMessaging.dll
0x00007fff3d950000 - 0x00007fff3d983000 	C:\Windows\SYSTEM32\ntmarta.dll
0x00007fff3a4f0000 - 0x00007fff3a645000 	C:\Windows\SYSTEM32\wintypes.dll
0x00007fff2be90000 - 0x00007fff2bea0000 	C:\Program Files\Java\jdk-17\bin\verify.dll
0x00007fff3e0d0000 - 0x00007fff3e0e8000 	C:\Windows\SYSTEM32\CRYPTSP.dll
0x00007fff3d810000 - 0x00007fff3d844000 	C:\Windows\system32\rsaenh.dll
0x00007fff3e710000 - 0x00007fff3e73e000 	C:\Windows\SYSTEM32\USERENV.dll
0x00007fff3e0f0000 - 0x00007fff3e0fc000 	C:\Windows\SYSTEM32\CRYPTBASE.dll
0x00007fff3dbd0000 - 0x00007fff3dc0b000 	C:\Windows\SYSTEM32\IPHLPAPI.DLL
0x00007fff40e40000 - 0x00007fff40e48000 	C:\Windows\System32\NSI.dll
0x00007fff37060000 - 0x00007fff37077000 	C:\Windows\SYSTEM32\dhcpcsvc6.DLL
0x00007fff37d00000 - 0x00007fff37d1d000 	C:\Windows\SYSTEM32\dhcpcsvc.DLL
0x00007fff3dc10000 - 0x00007fff3dcdb000 	C:\Windows\SYSTEM32\DNSAPI.dll
0x00007fff1c6b0000 - 0x00007fff1c6e7000 	C:\Users\Michael Balibrea\AppData\Local\Temp\jna-Michael Balibrea\jna2540754312219811080.dll
0x00007fff1b9b0000 - 0x00007fff1b9e4000 	C:\Program Files\VideoLAN\VLC\libvlc.dll
0x00007ffed13e0000 - 0x00007ffed1696000 	C:\Program Files\VideoLAN\VLC\libvlccore.dll
0x00007fff2a490000 - 0x00007fff2a4a8000 	C:\Program Files\VideoLAN\VLC\plugins\logger\libfile_logger_plugin.dll
0x00007fff23340000 - 0x00007fff23357000 	C:\Program Files\VideoLAN\VLC\plugins\logger\libconsole_logger_plugin.dll
0x00007fff1cab0000 - 0x00007fff1cac1000 	C:\Program Files\VideoLAN\VLC\plugins\keystore\libmemory_keystore_plugin.dll
0x00007fff1c710000 - 0x00007fff1c727000 	C:\Program Files\VideoLAN\VLC\plugins\audio_output\libmmdevice_plugin.dll
0x00007fff393f0000 - 0x00007fff39572000 	C:\Windows\SYSTEM32\AUDIOSES.DLL
0x00007fff3e5d0000 - 0x00007fff3e61b000 	C:\Windows\SYSTEM32\powrprof.dll
0x00007fff3e5b0000 - 0x00007fff3e5c2000 	C:\Windows\SYSTEM32\UMPDC.dll
0x00007fff2f060000 - 0x00007fff2f1a1000 	C:\Windows\System32\Windows.UI.dll
0x00007fff37d20000 - 0x00007fff37dc1000 	C:\Windows\System32\WindowManagementAPI.dll
0x00007fff2ef00000 - 0x00007fff2f052000 	C:\Windows\System32\InputHost.dll
0x00007fff3be70000 - 0x00007fff3be77000 	C:\Program Files\Java\jdk-17\bin\jawt.dll
0x00007ffecda60000 - 0x00007ffecdc6b000 	C:\Program Files\VideoLAN\VLC\plugins\access\liblibbluray_plugin.dll
0x00007fff17d60000 - 0x00007fff17da1000 	C:\Program Files\VideoLAN\VLC\plugins\access\libdvdnav_plugin.dll
0x00007fff1be70000 - 0x00007fff1be91000 	C:\Program Files\VideoLAN\VLC\plugins\access\libvdr_plugin.dll
0x00007fff1b990000 - 0x00007fff1b9a8000 	C:\Program Files\VideoLAN\VLC\plugins\access\libfilesystem_plugin.dll
0x00007fff17d40000 - 0x00007fff17d51000 	C:\Program Files\VideoLAN\VLC\plugins\stream_filter\libprefetch_plugin.dll

dbghelp: loaded successfully - version: 4.0.5 - missing functions: none
symbol engine: initialized successfully - sym options: 0x614 - pdb path: .;C:\Program Files\Java\jdk-17\bin;C:\Windows\SYSTEM32;C:\Windows\WinSxS\amd64_microsoft.windows.common-controls_6595b64144ccf1df_6.0.19041.3636_none_60b6a03d71f818d5;C:\Program Files\Java\jdk-17\bin\server;C:\Windows\WinSxS\amd64_microsoft.windows.common-controls_6595b64144ccf1df_5.82.19041.3636_none_7931fb75243f97c8;C:\Windows\WinSxS\amd64_microsoft.windows.gdiplus_6595b64144ccf1df_1.1.19041.3996_none_91a79472cc852ba0;C:\Users\Michael Balibrea\AppData\Local\Temp\jna-Michael Balibrea;C:\Program Files\VideoLAN\VLC;C:\Program Files\VideoLAN\VLC\plugins\logger;C:\Program Files\VideoLAN\VLC\plugins\keystore;C:\Program Files\VideoLAN\VLC\plugins\audio_output;C:\Program Files\VideoLAN\VLC\plugins\access;C:\Program Files\VideoLAN\VLC\plugins\stream_filter;C:\Program Files\VideoLAN\VLC\plugins\demux;C:\Program Files\VideoLAN\VLC\plugins\lua;C:\Program Files\VideoLAN\VLC\plugins\stream_extractor;C:\Program Files\VideoLAN\VLC\plugins\codec;C:\Program Files\VideoLAN\VLC\plugins\meta_engine;C:\Program Files\VideoLAN\VLC\plugins\text_renderer;C:\Program Files\VideoLAN\VLC\plugins\video_chroma;C:\Program Files\VideoLAN\VLC\plugins\d3d9;C:\Program Files\VideoLAN\VLC\plugins\d3d11;C:\Program Files\VideoLAN\VLC\plugins\video_output;C:\Windows\System32\DriverStore\FileRepository\iigd_dch.inf_amd64_51f685305808e3a5;C:\Program Files\VideoLAN\VLC\plugins\audio_mixer;C:\Program Files\VideoLAN\VLC\plugins\audio_filter

VM Arguments:
java_command: happybuttons.HappyButtons
java_class_path (initial): C:\Users\Michael Balibrea\Documents\NetBeansProjects\HappyButtons\target\classes;C:\Users\Michael Balibrea\.m2\repository\org\netbeans\external\AbsoluteLayout\RELEASE180\AbsoluteLayout-RELEASE180.jar;C:\Users\Michael Balibrea\.m2\repository\uk\co\caprica\vlcj\3.0.1\vlcj-3.0.1.jar;C:\Users\Michael Balibrea\.m2\repository\net\java\dev\jna\jna\3.5.2\jna-3.5.2.jar;C:\Users\Michael Balibrea\.m2\repository\net\java\dev\jna\platform\3.5.2\platform-3.5.2.jar
Launcher Type: SUN_STANDARD

[Global flags]
     intx CICompilerCount                          = 3                                         {product} {ergonomic}
     uint ConcGCThreads                            = 1                                         {product} {ergonomic}
     uint G1ConcRefinementThreads                  = 4                                         {product} {ergonomic}
   size_t G1HeapRegionSize                         = 2097152                                   {product} {ergonomic}
    uintx GCDrainStackTargetSize                   = 64                                        {product} {ergonomic}
   size_t InitialHeapSize                          = 201326592                                 {product} {ergonomic}
   size_t MarkStackSize                            = 4194304                                   {product} {ergonomic}
   size_t MaxHeapSize                              = 3202351104                                {product} {ergonomic}
   size_t MaxNewSize                               = 1920991232                                {product} {ergonomic}
   size_t MinHeapDeltaBytes                        = 2097152                                   {product} {ergonomic}
   size_t MinHeapSize                              = 8388608                                   {product} {ergonomic}
    uintx NonNMethodCodeHeapSize                   = 5832780                                {pd product} {ergonomic}
    uintx NonProfiledCodeHeapSize                  = 122912730                              {pd product} {ergonomic}
    uintx ProfiledCodeHeapSize                     = 122912730                              {pd product} {ergonomic}
    uintx ReservedCodeCacheSize                    = 251658240                              {pd product} {ergonomic}
     bool SegmentedCodeCache                       = true                                      {product} {ergonomic}
   size_t SoftMaxHeapSize                          = 3202351104                             {manageable} {ergonomic}
     bool UseCompressedClassPointers               = true                           {product lp64_product} {ergonomic}
     bool UseCompressedOops                        = true                           {product lp64_product} {ergonomic}
     bool UseG1GC                                  = true                                      {product} {ergonomic}
     bool UseLargePagesIndividualAllocation        = false                                  {pd product} {ergonomic}

Logging:
Log output configuration:
 #0: stdout all=warning uptime,level,tags
 #1: stderr all=off uptime,level,tags

Environment Variables:
JAVA_HOME=C:\Program Files\Java\jdk-17
PATH=C:\Program Files\Java\jdk-17\bin;C:\Program Files\Common Files\Oracle\Java\javapath;C:\Program Files (x86)\Common Files\Oracle\Java\javapath;C:\Windows\system32;C:\Windows;C:\Windows\System32\Wbem;C:\Windows\System32\WindowsPowerShell\v1.0\;C:\Windows\System32\OpenSSH\;C:\Program Files\Git\cmd;C:\xampp\php;C:\composer;C:\Users\Michael Balibrea\AppData\Local\Microsoft\WindowsApps;C:\Users\Michael Balibrea\AppData\Local\Programs\Microsoft VS Code\bin;C:\Users\Michael Balibrea\AppData\Local\GitHubDesktop\bin;C:\Users\Michael Balibrea\AppData\Roaming\Composer\vendor\bin
USERNAME=Michael Balibrea
OS=Windows_NT
PROCESSOR_IDENTIFIER=Intel64 Family 6 Model 78 Stepping 3, GenuineIntel



---------------  S Y S T E M  ---------------

OS:
 Windows 10 , 64 bit Build 19041 (10.0.19041.3636)
OS uptime: 0 days 4:10 hours

CPU: total 4 (initial active 4) (2 cores per cpu, 2 threads per core) family 6 model 78 stepping 3 microcode 0xcc, cx8, cmov, fxsr, ht, mmx, 3dnowpref, sse, sse2, sse3, ssse3, sse4.1, sse4.2, popcnt, lzcnt, tsc, tscinvbit, avx, avx2, aes, erms, clmul, bmi1, bmi2, adx, fma, vzeroupper, clflush, clflushopt

Memory: 4k page, system-wide physical 12210M (6268M free)
TotalPageFile size 14066M (AvailPageFile size 6671M)
current process WorkingSet (physical memory assigned to process): 437M, peak: 502M
current process commit charge ("private bytes"): 524M, peak: 606M

vm_info: Java HotSpot(TM) 64-Bit Server VM (17.0.8+9-LTS-211) for windows-amd64 JRE (17.0.8+9-LTS-211), built on Jun 14 2023 10:34:31 by "mach5one" with MS VC++ 17.1 (VS2022)

END.
